---------------------------------------------------------------
[ 2019-10-22T17:06:52+08:00 ] 117.136.79.86 GET ceshi.gdbadi.com/admin/Index/index
[运行时间：0.031200s] [吞吐率：32.05req/s] [内存消耗：1,975.96kb] [文件加载：46]
[ info ] [ LANG ] D:\web\hshop2\thinkphp\lang\zh-cn.php
[ info ] [ ROUTE ] array (
  'type' => 'module',
  'module' => 
  array (
    0 => 'admin',
    1 => 'Index',
    2 => 'index',
  ),
)
[ info ] [ HEADER ] array (
  'host' => 'ceshi.gdbadi.com',
  'connection' => 'keep-alive',
  'upgrade-insecure-requests' => '1',
  'user-agent' => 'Mozilla/5.0 (Linux; Android 9; EVR-AL00 Build/HUAWEIEVR-AL00) AppleWebKit/537.36 (KHTML, like Gecko) Version/4.0 Chrome/70.0.3538.64 HuaweiBrowser/10.0.1.333 Mobile Safari/537.36',
  'accept' => 'text/html,application/xhtml+xml,application/xml;q=0.9,image/webp,image/apng,*/*;q=0.8',
  'accept-encoding' => 'gzip, deflate',
  'accept-language' => 'zh-CN,en-US;q=0.9',
)
[ info ] [ PARAM ] array (
  '/admin/Index/index' => '',
)
[ info ] [ CACHE ] INIT File
[ info ] [ SESSION ] INIT array (
  'type' => '',
  'auto_start' => true,
)
[ info ] [ LOG ] INIT File
---------------------------------------------------------------
[ 2019-10-22T17:06:52+08:00 ] 117.136.79.86 GET ceshi.gdbadi.com/admin/Login/login
[运行时间：0.031200s] [吞吐率：32.05req/s] [内存消耗：1,902.99kb] [文件加载：44]
[ info ] [ LANG ] D:\web\hshop2\thinkphp\lang\zh-cn.php
[ info ] [ ROUTE ] array (
  'type' => 'module',
  'module' => 
  array (
    0 => 'admin',
    1 => 'Login',
    2 => 'login',
  ),
)
[ info ] [ HEADER ] array (
  'host' => 'ceshi.gdbadi.com',
  'connection' => 'keep-alive',
  'upgrade-insecure-requests' => '1',
  'user-agent' => 'Mozilla/5.0 (Linux; Android 9; EVR-AL00 Build/HUAWEIEVR-AL00) AppleWebKit/537.36 (KHTML, like Gecko) Version/4.0 Chrome/70.0.3538.64 HuaweiBrowser/10.0.1.333 Mobile Safari/537.36',
  'accept' => 'text/html,application/xhtml+xml,application/xml;q=0.9,image/webp,image/apng,*/*;q=0.8',
  'accept-encoding' => 'gzip, deflate',
  'accept-language' => 'zh-CN,en-US;q=0.9',
  'cookie' => 'PHPSESSID=kd0ehtvvsd6d00msk7mlovcqm3',
)
[ info ] [ PARAM ] array (
  '/admin/Login/login' => '',
)
[ info ] [ CACHE ] INIT File
[ info ] [ RUN ] app\admin\controller\Login->login[ D:\web\hshop2\shop\admin\controller\Login.php ]
[ info ] [ SESSION ] INIT array (
  'type' => '',
  'auto_start' => true,
)
[ info ] [ VIEW ] ./shop/admin\view\public\login.html [ array (
) ]
[ info ] [ LOG ] INIT File
---------------------------------------------------------------
[ 2019-10-22T17:06:52+08:00 ] 117.136.79.86 GET ceshi.gdbadi.com/favicon.ico
[运行时间：0.015600s] [吞吐率：64.10req/s] [内存消耗：1,372.55kb] [文件加载：33]
[ info ] [ LANG ] D:\web\hshop2\thinkphp\lang\zh-cn.php
[ info ] [ ROUTE ] array (
  'type' => 'module',
  'module' => 
  array (
    0 => 'favicon',
    1 => NULL,
    2 => NULL,
  ),
)
[ info ] [ HEADER ] array (
  'host' => 'ceshi.gdbadi.com',
  'connection' => 'keep-alive',
  'user-agent' => 'Mozilla/5.0 (Linux; Android 9; EVR-AL00 Build/HUAWEIEVR-AL00) AppleWebKit/537.36 (KHTML, like Gecko) Version/4.0 Chrome/70.0.3538.64 HuaweiBrowser/10.0.1.333 Mobile Safari/537.36',
  'accept' => 'image/webp,image/apng,image/*,*/*;q=0.8',
  'referer' => 'http://ceshi.gdbadi.com/admin/Login/login',
  'accept-encoding' => 'gzip, deflate',
  'accept-language' => 'zh-CN,en-US;q=0.9',
  'cookie' => 'PHPSESSID=kd0ehtvvsd6d00msk7mlovcqm3',
)
[ info ] [ PARAM ] array (
  '/favicon_ico' => '',
)
[ info ] [ LOG ] INIT File
---------------------------------------------------------------
[ 2019-10-22T17:06:54+08:00 ] 117.136.79.86 POST ceshi.gdbadi.com/admin/Login/login
[运行时间：0.109200s] [吞吐率：9.16req/s] [内存消耗：2,702.37kb] [文件加载：52]
[ info ] [ LANG ] D:\web\hshop2\thinkphp\lang\zh-cn.php
[ info ] [ ROUTE ] array (
  'type' => 'module',
  'module' => 
  array (
    0 => 'admin',
    1 => 'Login',
    2 => 'login',
  ),
)
[ info ] [ HEADER ] array (
  'host' => 'ceshi.gdbadi.com',
  'connection' => 'keep-alive',
  'content-length' => '30',
  'accept' => 'application/json, text/javascript, */*; q=0.01',
  'origin' => 'http://ceshi.gdbadi.com',
  'x-requested-with' => 'XMLHttpRequest',
  'user-agent' => 'Mozilla/5.0 (Linux; Android 9; EVR-AL00 Build/HUAWEIEVR-AL00) AppleWebKit/537.36 (KHTML, like Gecko) Version/4.0 Chrome/70.0.3538.64 HuaweiBrowser/10.0.1.333 Mobile Safari/537.36',
  'content-type' => 'application/x-www-form-urlencoded; charset=UTF-8',
  'referer' => 'http://ceshi.gdbadi.com/admin/Login/login',
  'accept-encoding' => 'gzip, deflate',
  'accept-language' => 'zh-CN,en-US;q=0.9',
  'cookie' => 'PHPSESSID=kd0ehtvvsd6d00msk7mlovcqm3',
)
[ info ] [ PARAM ] array (
  '/admin/Login/login' => '',
  'username' => 'admin',
  'password' => '123456',
)
[ info ] [ CACHE ] INIT File
[ info ] [ RUN ] app\admin\controller\Login->login[ D:\web\hshop2\shop\admin\controller\Login.php ]
[ info ] [ DB ] INIT mysql
[ info ] [ SESSION ] INIT array (
  'type' => '',
  'auto_start' => true,
)
[ info ] [ LOG ] INIT File
---------------------------------------------------------------
[ 2019-10-22T17:06:54+08:00 ] 117.136.79.86 GET ceshi.gdbadi.com/admin/Index/index
[运行时间：0.124800s] [吞吐率：8.01req/s] [内存消耗：3,106.69kb] [文件加载：56]
[ info ] [ LANG ] D:\web\hshop2\thinkphp\lang\zh-cn.php
[ info ] [ ROUTE ] array (
  'type' => 'module',
  'module' => 
  array (
    0 => 'admin',
    1 => 'Index',
    2 => 'index',
  ),
)
[ info ] [ HEADER ] array (
  'host' => 'ceshi.gdbadi.com',
  'connection' => 'keep-alive',
  'upgrade-insecure-requests' => '1',
  'user-agent' => 'Mozilla/5.0 (Linux; Android 9; EVR-AL00 Build/HUAWEIEVR-AL00) AppleWebKit/537.36 (KHTML, like Gecko) Version/4.0 Chrome/70.0.3538.64 HuaweiBrowser/10.0.1.333 Mobile Safari/537.36',
  'accept' => 'text/html,application/xhtml+xml,application/xml;q=0.9,image/webp,image/apng,*/*;q=0.8',
  'referer' => 'http://ceshi.gdbadi.com/admin/Login/login',
  'accept-encoding' => 'gzip, deflate',
  'accept-language' => 'zh-CN,en-US;q=0.9',
  'cookie' => 'PHPSESSID=kd0ehtvvsd6d00msk7mlovcqm3',
)
[ info ] [ PARAM ] array (
  '/admin/Index/index' => '',
)
[ info ] [ CACHE ] INIT File
[ info ] [ SESSION ] INIT array (
  'type' => '',
  'auto_start' => true,
)
[ info ] [ DB ] INIT mysql
[ info ] [ RUN ] app\admin\controller\Index->index[ D:\web\hshop2\shop\admin\controller\Index.php ]
[ info ] [ VIEW ] ./shop/admin\view\index\index.html [ array (
  0 => 'admin_menu',
  1 => 'total_order',
  2 => 'today_order',
  3 => 'total_money',
  4 => 'today_money',
  5 => 'user_action_total',
  6 => 'today_user_action',
  7 => 'today_member',
  8 => 'member_count',
  9 => 'user_action',
  10 => 'uc_empty',
  11 => 'order_list',
  12 => 'empty',
) ]
[ info ] [ LOG ] INIT File
---------------------------------------------------------------
[ 2019-10-22T17:06:59+08:00 ] 42.236.10.125 GET ceshi.gdbadi.com/
[运行时间：0.109200s] [吞吐率：9.16req/s] [内存消耗：2,966.63kb] [文件加载：49]
[ info ] [ LANG ] D:\web\hshop2\thinkphp\lang\zh-cn.php
[ info ] [ ROUTE ] array (
  'type' => 'module',
  'module' => 
  array (
    0 => '',
    1 => NULL,
    2 => NULL,
  ),
)
[ info ] [ HEADER ] array (
  'host' => 'ceshi.gdbadi.com',
  'connection' => 'keep-alive',
  'pragma' => 'no-cache',
  'cache-control' => 'no-cache',
  'upgrade-insecure-requests' => '1',
  'user-agent' => 'Mozilla/5.0 (Linux; U; Android 8.1.0; zh-CN; EML-AL00 Build/HUAWEIEML-AL00) AppleWebKit/537.36 (KHTML, like Gecko) Version/4.0 Chrome/57.0.2987.108 baidu.sogo.uc.UCBrowser/11.9.4.974 UWS/2.13.1.48 Mobile Safari/537.36 AliApp(DingTalk/4.5.11) com.alibaba.android.rimet/10487439 Channel/227200 language/zh-CN',
  'accept' => 'text/html,application/xhtml+xml,application/xml;q=0.9,image/webp,image/apng,*/*;q=0.8',
  'referer' => 'http://baidu.com/',
  'accept-encoding' => 'gzip, deflate',
)
[ info ] [ PARAM ] array (
)
[ info ] [ DB ] INIT mysql
[ info ] [ SESSION ] INIT array (
  'type' => '',
  'auto_start' => true,
)
[ info ] [ RUN ] app\index\controller\Index->index[ D:\web\hshop2\shop\index\controller\Index.php ]
[ info ] [ VIEW ] ./themes/default/index/index\index.html [ array (
  0 => 'upgrade_conditions',
  1 => 'brand',
  2 => 'guesslike',
  3 => 'newlist',
  4 => 'popular',
  5 => 'frontend_images',
  6 => 'ggao',
  7 => 'pic',
) ]
[ info ] [ LOG ] INIT File
---------------------------------------------------------------
[ 2019-10-22T17:07:01+08:00 ] 117.136.79.86 GET ceshi.gdbadi.com/member/member_backend/index
[运行时间：0.062400s] [吞吐率：16.03req/s] [内存消耗：2,996.69kb] [文件加载：56]
[ info ] [ LANG ] D:\web\hshop2\thinkphp\lang\zh-cn.php
[ info ] [ ROUTE ] array (
  'type' => 'module',
  'module' => 
  array (
    0 => 'member',
    1 => 'member_backend',
    2 => 'index',
  ),
)
[ info ] [ HEADER ] array (
  'host' => 'ceshi.gdbadi.com',
  'connection' => 'keep-alive',
  'upgrade-insecure-requests' => '1',
  'user-agent' => 'Mozilla/5.0 (Linux; Android 9; EVR-AL00 Build/HUAWEIEVR-AL00) AppleWebKit/537.36 (KHTML, like Gecko) Version/4.0 Chrome/70.0.3538.64 HuaweiBrowser/10.0.1.333 Mobile Safari/537.36',
  'accept' => 'text/html,application/xhtml+xml,application/xml;q=0.9,image/webp,image/apng,*/*;q=0.8',
  'referer' => 'http://ceshi.gdbadi.com/admin/Index/index',
  'accept-encoding' => 'gzip, deflate',
  'accept-language' => 'zh-CN,en-US;q=0.9',
  'cookie' => 'PHPSESSID=kd0ehtvvsd6d00msk7mlovcqm3',
)
[ info ] [ PARAM ] array (
  '/member/member_backend/index' => '',
)
[ info ] [ CACHE ] INIT File
[ info ] [ SESSION ] INIT array (
  'type' => '',
  'auto_start' => true,
)
[ info ] [ DB ] INIT mysql
[ info ] [ RUN ] app\member\controller\MemberBackend->index[ D:\web\hshop2\shop\member\controller\MemberBackend.php ]
[ info ] [ VIEW ] ./themes/default/member/member_backend\index.html [ array (
  0 => 'admin_menu',
  1 => 'breadcrumb1',
  2 => 'breadcrumb2',
  3 => 'ordinary',
  4 => 'distribution',
  5 => 'district_agent',
  6 => 'join_in',
  7 => 'vip_grade',
  8 => 'list',
  9 => 'items',
  10 => 'empty',
) ]
[ info ] [ LOG ] INIT File
---------------------------------------------------------------
[ 2019-10-22T17:07:09+08:00 ] 117.136.79.86 GET ceshi.gdbadi.com/member/MemberBackend/adminlogin/id/122
[运行时间：0.062400s] [吞吐率：16.03req/s] [内存消耗：3,091.85kb] [文件加载：54]
[ info ] [ LANG ] D:\web\hshop2\thinkphp\lang\zh-cn.php
[ info ] [ ROUTE ] array (
  'type' => 'module',
  'module' => 
  array (
    0 => 'member',
    1 => 'MemberBackend',
    2 => 'adminlogin',
  ),
)
[ info ] [ HEADER ] array (
  'host' => 'ceshi.gdbadi.com',
  'connection' => 'keep-alive',
  'upgrade-insecure-requests' => '1',
  'user-agent' => 'Mozilla/5.0 (Linux; Android 9; EVR-AL00 Build/HUAWEIEVR-AL00) AppleWebKit/537.36 (KHTML, like Gecko) Version/4.0 Chrome/70.0.3538.64 HuaweiBrowser/10.0.1.333 Mobile Safari/537.36',
  'accept' => 'text/html,application/xhtml+xml,application/xml;q=0.9,image/webp,image/apng,*/*;q=0.8',
  'referer' => 'http://ceshi.gdbadi.com/member/member_backend/index',
  'accept-encoding' => 'gzip, deflate',
  'accept-language' => 'zh-CN,en-US;q=0.9',
  'cookie' => 'PHPSESSID=kd0ehtvvsd6d00msk7mlovcqm3',
)
[ info ] [ PARAM ] array (
  '/member/MemberBackend/adminlogin/id/122' => '',
  'id' => '122',
)
[ info ] [ CACHE ] INIT File
[ info ] [ SESSION ] INIT array (
  'type' => '',
  'auto_start' => true,
)
[ info ] [ DB ] INIT mysql
[ info ] [ RUN ] app\member\controller\MemberBackend->adminlogin[ D:\web\hshop2\shop\member\controller\MemberBackend.php ]
[ info ] [ LOG ] INIT File
---------------------------------------------------------------
[ 2019-10-22T17:07:09+08:00 ] 117.136.79.86 GET ceshi.gdbadi.com/index/Index/pcenter
[运行时间：0.062400s] [吞吐率：16.03req/s] [内存消耗：2,977.28kb] [文件加载：51]
[ info ] [ LANG ] D:\web\hshop2\thinkphp\lang\zh-cn.php
[ info ] [ ROUTE ] array (
  'type' => 'module',
  'module' => 
  array (
    0 => 'index',
    1 => 'Index',
    2 => 'pcenter',
  ),
)
[ info ] [ HEADER ] array (
  'host' => 'ceshi.gdbadi.com',
  'connection' => 'keep-alive',
  'upgrade-insecure-requests' => '1',
  'user-agent' => 'Mozilla/5.0 (Linux; Android 9; EVR-AL00 Build/HUAWEIEVR-AL00) AppleWebKit/537.36 (KHTML, like Gecko) Version/4.0 Chrome/70.0.3538.64 HuaweiBrowser/10.0.1.333 Mobile Safari/537.36',
  'accept' => 'text/html,application/xhtml+xml,application/xml;q=0.9,image/webp,image/apng,*/*;q=0.8',
  'referer' => 'http://ceshi.gdbadi.com/member/member_backend/index',
  'accept-encoding' => 'gzip, deflate',
  'accept-language' => 'zh-CN,en-US;q=0.9',
  'cookie' => 'PHPSESSID=kd0ehtvvsd6d00msk7mlovcqm3',
)
[ info ] [ PARAM ] array (
  '/index/Index/pcenter' => '',
)
[ info ] [ DB ] INIT mysql
[ info ] [ SESSION ] INIT array (
  'type' => '',
  'auto_start' => true,
)
[ info ] [ RUN ] app\index\controller\Index->pcenter[ D:\web\hshop2\shop\index\controller\Index.php ]
[ info ] [ VIEW ] ./themes/default/index/index\pcenter.html [ array (
  0 => 'upgrade_conditions',
  1 => 'user_name',
  2 => 'user_phone',
  3 => 'user_photo',
  4 => 'vip_grade',
  5 => 'user_id',
) ]
[ info ] [ LOG ] INIT File
---------------------------------------------------------------
[ 2019-10-22T17:07:26+08:00 ] 117.136.79.86 GET ceshi.gdbadi.com/index/order/orderlist?type=0
[运行时间：0.093600s] [吞吐率：10.68req/s] [内存消耗：3,166.95kb] [文件加载：53]
[ info ] [ LANG ] D:\web\hshop2\thinkphp\lang\zh-cn.php
[ info ] [ ROUTE ] array (
  'type' => 'module',
  'module' => 
  array (
    0 => 'index',
    1 => 'order',
    2 => 'orderlist',
  ),
)
[ info ] [ HEADER ] array (
  'host' => 'ceshi.gdbadi.com',
  'connection' => 'keep-alive',
  'upgrade-insecure-requests' => '1',
  'user-agent' => 'Mozilla/5.0 (Linux; Android 9; EVR-AL00 Build/HUAWEIEVR-AL00) AppleWebKit/537.36 (KHTML, like Gecko) Version/4.0 Chrome/70.0.3538.64 HuaweiBrowser/10.0.1.333 Mobile Safari/537.36',
  'accept' => 'text/html,application/xhtml+xml,application/xml;q=0.9,image/webp,image/apng,*/*;q=0.8',
  'referer' => 'http://ceshi.gdbadi.com/index/Index/pcenter',
  'accept-encoding' => 'gzip, deflate',
  'accept-language' => 'zh-CN,en-US;q=0.9',
  'cookie' => 'PHPSESSID=kd0ehtvvsd6d00msk7mlovcqm3',
)
[ info ] [ PARAM ] array (
  '/index/order/orderlist' => '',
  'type' => '0',
)
[ info ] [ CACHE ] INIT File
[ info ] [ SESSION ] INIT array (
  'type' => '',
  'auto_start' => true,
)
[ info ] [ DB ] INIT mysql
[ info ] [ RUN ] app\index\controller\Order->orderlist[ D:\web\hshop2\shop\index\controller\Order.php ]
[ info ] [ VIEW ] ./themes/default/index/order\orderlist.html [ array (
  0 => 'top_nav',
  1 => 'my_vip_grade',
  2 => 'all_list',
  3 => 'dfk_list',
  4 => 'dfh_list',
  5 => 'dsh_list',
  6 => 'dpj_list',
  7 => 'ypj_list',
  8 => 'dpj_count',
) ]
[ info ] [ LOG ] INIT File
---------------------------------------------------------------
[ 2019-10-22T17:07:36+08:00 ] 117.136.79.86 GET ceshi.gdbadi.com/index/Pay/payment/id/166
[运行时间：0.062400s] [吞吐率：16.03req/s] [内存消耗：2,868.38kb] [文件加载：53]
[ info ] [ LANG ] D:\web\hshop2\thinkphp\lang\zh-cn.php
[ info ] [ ROUTE ] array (
  'type' => 'module',
  'module' => 
  array (
    0 => 'index',
    1 => 'Pay',
    2 => 'payment',
  ),
)
[ info ] [ HEADER ] array (
  'host' => 'ceshi.gdbadi.com',
  'connection' => 'keep-alive',
  'upgrade-insecure-requests' => '1',
  'user-agent' => 'Mozilla/5.0 (Linux; Android 9; EVR-AL00 Build/HUAWEIEVR-AL00) AppleWebKit/537.36 (KHTML, like Gecko) Version/4.0 Chrome/70.0.3538.64 HuaweiBrowser/10.0.1.333 Mobile Safari/537.36',
  'accept' => 'text/html,application/xhtml+xml,application/xml;q=0.9,image/webp,image/apng,*/*;q=0.8',
  'referer' => 'http://ceshi.gdbadi.com/index/order/orderlist?type=0',
  'accept-encoding' => 'gzip, deflate',
  'accept-language' => 'zh-CN,en-US;q=0.9',
  'cookie' => 'PHPSESSID=kd0ehtvvsd6d00msk7mlovcqm3',
)
[ info ] [ PARAM ] array (
  '/index/Pay/payment/id/166' => '',
  'id' => '166',
)
[ info ] [ CACHE ] INIT File
[ info ] [ SESSION ] INIT array (
  'type' => '',
  'auto_start' => true,
)
[ info ] [ DB ] INIT mysql
[ info ] [ RUN ] app\index\controller\Pay->payment[ D:\web\hshop2\shop\index\controller\Pay.php ]
[ info ] [ VIEW ] ./themes/default/index/pay\payment.html [ array (
  0 => 'top_nav',
  1 => 'my_vip_grade',
  2 => 'is_number_goods',
  3 => 'order',
  4 => 'pay_nums',
  5 => 'wallet',
) ]
[ info ] [ LOG ] INIT File
---------------------------------------------------------------
[ 2019-10-22T17:07:39+08:00 ] 117.136.79.86 GET ceshi.gdbadi.com/index/order/orderlist?type=0
[运行时间：0.078000s] [吞吐率：12.82req/s] [内存消耗：3,166.95kb] [文件加载：53]
[ info ] [ LANG ] D:\web\hshop2\thinkphp\lang\zh-cn.php
[ info ] [ ROUTE ] array (
  'type' => 'module',
  'module' => 
  array (
    0 => 'index',
    1 => 'order',
    2 => 'orderlist',
  ),
)
[ info ] [ HEADER ] array (
  'host' => 'ceshi.gdbadi.com',
  'connection' => 'keep-alive',
  'upgrade-insecure-requests' => '1',
  'user-agent' => 'Mozilla/5.0 (Linux; Android 9; EVR-AL00 Build/HUAWEIEVR-AL00) AppleWebKit/537.36 (KHTML, like Gecko) Version/4.0 Chrome/70.0.3538.64 HuaweiBrowser/10.0.1.333 Mobile Safari/537.36',
  'accept' => 'text/html,application/xhtml+xml,application/xml;q=0.9,image/webp,image/apng,*/*;q=0.8',
  'referer' => 'http://ceshi.gdbadi.com/index/Index/pcenter',
  'accept-encoding' => 'gzip, deflate',
  'accept-language' => 'zh-CN,en-US;q=0.9',
  'cookie' => 'PHPSESSID=kd0ehtvvsd6d00msk7mlovcqm3',
)
[ info ] [ PARAM ] array (
  '/index/order/orderlist' => '',
  'type' => '0',
)
[ info ] [ CACHE ] INIT File
[ info ] [ SESSION ] INIT array (
  'type' => '',
  'auto_start' => true,
)
[ info ] [ DB ] INIT mysql
[ info ] [ RUN ] app\index\controller\Order->orderlist[ D:\web\hshop2\shop\index\controller\Order.php ]
[ info ] [ VIEW ] ./themes/default/index/order\orderlist.html [ array (
  0 => 'top_nav',
  1 => 'my_vip_grade',
  2 => 'all_list',
  3 => 'dfk_list',
  4 => 'dfh_list',
  5 => 'dsh_list',
  6 => 'dpj_list',
  7 => 'ypj_list',
  8 => 'dpj_count',
) ]
[ info ] [ LOG ] INIT File
---------------------------------------------------------------
[ 2019-10-22T17:07:43+08:00 ] 117.136.79.86 GET ceshi.gdbadi.com/index/Index/pcenter
[运行时间：0.062400s] [吞吐率：16.03req/s] [内存消耗：2,977.28kb] [文件加载：51]
[ info ] [ LANG ] D:\web\hshop2\thinkphp\lang\zh-cn.php
[ info ] [ ROUTE ] array (
  'type' => 'module',
  'module' => 
  array (
    0 => 'index',
    1 => 'Index',
    2 => 'pcenter',
  ),
)
[ info ] [ HEADER ] array (
  'host' => 'ceshi.gdbadi.com',
  'connection' => 'keep-alive',
  'upgrade-insecure-requests' => '1',
  'user-agent' => 'Mozilla/5.0 (Linux; Android 9; EVR-AL00 Build/HUAWEIEVR-AL00) AppleWebKit/537.36 (KHTML, like Gecko) Version/4.0 Chrome/70.0.3538.64 HuaweiBrowser/10.0.1.333 Mobile Safari/537.36',
  'accept' => 'text/html,application/xhtml+xml,application/xml;q=0.9,image/webp,image/apng,*/*;q=0.8',
  'referer' => 'http://ceshi.gdbadi.com/member/member_backend/index',
  'accept-encoding' => 'gzip, deflate',
  'accept-language' => 'zh-CN,en-US;q=0.9',
  'cookie' => 'PHPSESSID=kd0ehtvvsd6d00msk7mlovcqm3',
)
[ info ] [ PARAM ] array (
  '/index/Index/pcenter' => '',
)
[ info ] [ DB ] INIT mysql
[ info ] [ SESSION ] INIT array (
  'type' => '',
  'auto_start' => true,
)
[ info ] [ RUN ] app\index\controller\Index->pcenter[ D:\web\hshop2\shop\index\controller\Index.php ]
[ info ] [ VIEW ] ./themes/default/index/index\pcenter.html [ array (
  0 => 'upgrade_conditions',
  1 => 'user_name',
  2 => 'user_phone',
  3 => 'user_photo',
  4 => 'vip_grade',
  5 => 'user_id',
) ]
[ info ] [ LOG ] INIT File
---------------------------------------------------------------
[ 2019-10-22T17:07:45+08:00 ] 117.136.79.86 GET ceshi.gdbadi.com/index/Index/index
[运行时间：0.093600s] [吞吐率：10.68req/s] [内存消耗：2,977.66kb] [文件加载：49]
[ info ] [ LANG ] D:\web\hshop2\thinkphp\lang\zh-cn.php
[ info ] [ ROUTE ] array (
  'type' => 'module',
  'module' => 
  array (
    0 => 'index',
    1 => 'Index',
    2 => 'index',
  ),
)
[ info ] [ HEADER ] array (
  'host' => 'ceshi.gdbadi.com',
  'connection' => 'keep-alive',
  'upgrade-insecure-requests' => '1',
  'user-agent' => 'Mozilla/5.0 (Linux; Android 9; EVR-AL00 Build/HUAWEIEVR-AL00) AppleWebKit/537.36 (KHTML, like Gecko) Version/4.0 Chrome/70.0.3538.64 HuaweiBrowser/10.0.1.333 Mobile Safari/537.36',
  'accept' => 'text/html,application/xhtml+xml,application/xml;q=0.9,image/webp,image/apng,*/*;q=0.8',
  'referer' => 'http://ceshi.gdbadi.com/index/Index/pcenter',
  'accept-encoding' => 'gzip, deflate',
  'accept-language' => 'zh-CN,en-US;q=0.9',
  'cookie' => 'PHPSESSID=kd0ehtvvsd6d00msk7mlovcqm3',
)
[ info ] [ PARAM ] array (
  '/index/Index/index' => '',
)
[ info ] [ DB ] INIT mysql
[ info ] [ SESSION ] INIT array (
  'type' => '',
  'auto_start' => true,
)
[ info ] [ RUN ] app\index\controller\Index->index[ D:\web\hshop2\shop\index\controller\Index.php ]
[ info ] [ VIEW ] ./themes/default/index/index\index.html [ array (
  0 => 'upgrade_conditions',
  1 => 'brand',
  2 => 'guesslike',
  3 => 'newlist',
  4 => 'popular',
  5 => 'frontend_images',
  6 => 'ggao',
  7 => 'pic',
) ]
[ info ] [ LOG ] INIT File
---------------------------------------------------------------
[ 2019-10-22T17:07:50+08:00 ] 117.136.79.86 GET ceshi.gdbadi.com/index/index/zerolist
[运行时间：0.062400s] [吞吐率：16.03req/s] [内存消耗：2,675.66kb] [文件加载：49]
[ info ] [ LANG ] D:\web\hshop2\thinkphp\lang\zh-cn.php
[ info ] [ ROUTE ] array (
  'type' => 'module',
  'module' => 
  array (
    0 => 'index',
    1 => 'index',
    2 => 'zerolist',
  ),
)
[ info ] [ HEADER ] array (
  'host' => 'ceshi.gdbadi.com',
  'connection' => 'keep-alive',
  'upgrade-insecure-requests' => '1',
  'user-agent' => 'Mozilla/5.0 (Linux; Android 9; EVR-AL00 Build/HUAWEIEVR-AL00) AppleWebKit/537.36 (KHTML, like Gecko) Version/4.0 Chrome/70.0.3538.64 HuaweiBrowser/10.0.1.333 Mobile Safari/537.36',
  'accept' => 'text/html,application/xhtml+xml,application/xml;q=0.9,image/webp,image/apng,*/*;q=0.8',
  'referer' => 'http://ceshi.gdbadi.com/index/Index/index',
  'accept-encoding' => 'gzip, deflate',
  'accept-language' => 'zh-CN,en-US;q=0.9',
  'cookie' => 'PHPSESSID=kd0ehtvvsd6d00msk7mlovcqm3',
)
[ info ] [ PARAM ] array (
  '/index/index/zerolist' => '',
)
[ info ] [ DB ] INIT mysql
[ info ] [ SESSION ] INIT array (
  'type' => '',
  'auto_start' => true,
)
[ info ] [ RUN ] app\index\controller\Index->zerolist[ D:\web\hshop2\shop\index\controller\Index.php ]
[ info ] [ VIEW ] ./themes/default/index/index\zerolist.html [ array (
  0 => 'upgrade_conditions',
  1 => 'zerolist',
  2 => 'zerolist_pic',
) ]
[ info ] [ LOG ] INIT File
---------------------------------------------------------------
[ 2019-10-22T17:07:59+08:00 ] 117.136.79.86 GET ceshi.gdbadi.com/index/Goods/details/id/48
[运行时间：0.156000s] [吞吐率：6.41req/s] [内存消耗：2,930.02kb] [文件加载：53]
[ info ] [ LANG ] D:\web\hshop2\thinkphp\lang\zh-cn.php
[ info ] [ ROUTE ] array (
  'type' => 'module',
  'module' => 
  array (
    0 => 'index',
    1 => 'Goods',
    2 => 'details',
  ),
)
[ info ] [ HEADER ] array (
  'host' => 'ceshi.gdbadi.com',
  'connection' => 'keep-alive',
  'upgrade-insecure-requests' => '1',
  'user-agent' => 'Mozilla/5.0 (Linux; Android 9; EVR-AL00 Build/HUAWEIEVR-AL00) AppleWebKit/537.36 (KHTML, like Gecko) Version/4.0 Chrome/70.0.3538.64 HuaweiBrowser/10.0.1.333 Mobile Safari/537.36',
  'accept' => 'text/html,application/xhtml+xml,application/xml;q=0.9,image/webp,image/apng,*/*;q=0.8',
  'referer' => 'http://ceshi.gdbadi.com/index/index/zerolist',
  'accept-encoding' => 'gzip, deflate',
  'accept-language' => 'zh-CN,en-US;q=0.9',
  'cookie' => 'PHPSESSID=kd0ehtvvsd6d00msk7mlovcqm3',
)
[ info ] [ PARAM ] array (
  '/index/Goods/details/id/48' => '',
  'id' => '48',
)
[ info ] [ CACHE ] INIT File
[ info ] [ SESSION ] INIT array (
  'type' => '',
  'auto_start' => true,
)
[ info ] [ DB ] INIT mysql
[ info ] [ RUN ] app\index\controller\Goods->details[ D:\web\hshop2\shop\index\controller\Goods.php ]
[ info ] [ VIEW ] ./themes/default/index/goods\details.html [ array (
  0 => 'top_nav',
  1 => 'my_vip_grade',
  2 => 'qiangg',
  3 => 'vip_grade',
  4 => 'goods',
  5 => 'goods_image',
  6 => 'goods_discount',
  7 => 'attribute',
  8 => 'goods_description',
  9 => 'goods_brand',
  10 => 'cartnum',
) ]
[ info ] [ LOG ] INIT File
---------------------------------------------------------------
[ 2019-10-22T17:08:09+08:00 ] 117.136.79.86 GET ceshi.gdbadi.com/index/order/orders?id=48&num=1&attribute=
[运行时间：0.109200s] [吞吐率：9.16req/s] [内存消耗：3,033.97kb] [文件加载：53]
[ info ] [ LANG ] D:\web\hshop2\thinkphp\lang\zh-cn.php
[ info ] [ ROUTE ] array (
  'type' => 'module',
  'module' => 
  array (
    0 => 'index',
    1 => 'order',
    2 => 'orders',
  ),
)
[ info ] [ HEADER ] array (
  'host' => 'ceshi.gdbadi.com',
  'connection' => 'keep-alive',
  'upgrade-insecure-requests' => '1',
  'user-agent' => 'Mozilla/5.0 (Linux; Android 9; EVR-AL00 Build/HUAWEIEVR-AL00) AppleWebKit/537.36 (KHTML, like Gecko) Version/4.0 Chrome/70.0.3538.64 HuaweiBrowser/10.0.1.333 Mobile Safari/537.36',
  'accept' => 'text/html,application/xhtml+xml,application/xml;q=0.9,image/webp,image/apng,*/*;q=0.8',
  'referer' => 'http://ceshi.gdbadi.com/index/Goods/details/id/48',
  'accept-encoding' => 'gzip, deflate',
  'accept-language' => 'zh-CN,en-US;q=0.9',
  'cookie' => 'PHPSESSID=kd0ehtvvsd6d00msk7mlovcqm3',
)
[ info ] [ PARAM ] array (
  '/index/order/orders' => '',
  'id' => '48',
  'num' => '1',
  'attribute' => '',
)
[ info ] [ CACHE ] INIT File
[ info ] [ SESSION ] INIT array (
  'type' => '',
  'auto_start' => true,
)
[ info ] [ DB ] INIT mysql
[ info ] [ RUN ] app\index\controller\Order->orders[ D:\web\hshop2\shop\index\controller\Order.php ]
[ info ] [ VIEW ] ./themes/default/index/order\orders.html [ array (
  0 => 'top_nav',
  1 => 'my_vip_grade',
  2 => 'vip_grade',
  3 => 'goods',
  4 => 'num',
  5 => 'attribute_value',
  6 => 'goodzprice',
  7 => 'freight',
  8 => 'zprice',
  9 => 'address',
  10 => 'couponlist',
) ]
[ info ] [ LOG ] INIT File
---------------------------------------------------------------
[ 2019-10-22T17:08:13+08:00 ] 117.136.79.86 POST ceshi.gdbadi.com/index/Order/subOrder
[运行时间：0.093600s] [吞吐率：10.68req/s] [内存消耗：2,989.77kb] [文件加载：52]
[ info ] [ LANG ] D:\web\hshop2\thinkphp\lang\zh-cn.php
[ info ] [ ROUTE ] array (
  'type' => 'module',
  'module' => 
  array (
    0 => 'index',
    1 => 'Order',
    2 => 'subOrder',
  ),
)
[ info ] [ HEADER ] array (
  'host' => 'ceshi.gdbadi.com',
  'connection' => 'keep-alive',
  'content-length' => '159',
  'accept' => '*/*',
  'origin' => 'http://ceshi.gdbadi.com',
  'x-requested-with' => 'XMLHttpRequest',
  'user-agent' => 'Mozilla/5.0 (Linux; Android 9; EVR-AL00 Build/HUAWEIEVR-AL00) AppleWebKit/537.36 (KHTML, like Gecko) Version/4.0 Chrome/70.0.3538.64 HuaweiBrowser/10.0.1.333 Mobile Safari/537.36',
  'content-type' => 'application/x-www-form-urlencoded; charset=UTF-8',
  'referer' => 'http://ceshi.gdbadi.com/index/order/orders?id=48&num=1&attribute=',
  'accept-encoding' => 'gzip, deflate',
  'accept-language' => 'zh-CN,en-US;q=0.9',
  'cookie' => 'PHPSESSID=kd0ehtvvsd6d00msk7mlovcqm3',
)
[ info ] [ PARAM ] array (
  '/index/Order/subOrder' => '',
  'address_id' => '35',
  'goods_id' => '48',
  'price' => '109.4',
  'goodzprice' => '89.6',
  'freight' => '19.80',
  'orderdata' => 
  array (
    0 => 
    array (
      0 => '48',
      1 => '1',
      2 => '',
    ),
  ),
  'user_coupon_id' => '0',
)
[ info ] [ CACHE ] INIT File
[ info ] [ SESSION ] INIT array (
  'type' => '',
  'auto_start' => true,
)
[ info ] [ DB ] INIT mysql
[ info ] [ RUN ] app\index\controller\Order->subOrder[ D:\web\hshop2\shop\index\controller\Order.php ]
[ info ] [ LOG ] INIT File
---------------------------------------------------------------
[ 2019-10-22T17:08:13+08:00 ] 117.136.79.86 GET ceshi.gdbadi.com/index/Pay/payment?id=167
[运行时间：0.078000s] [吞吐率：12.82req/s] [内存消耗：2,868.25kb] [文件加载：53]
[ info ] [ LANG ] D:\web\hshop2\thinkphp\lang\zh-cn.php
[ info ] [ ROUTE ] array (
  'type' => 'module',
  'module' => 
  array (
    0 => 'index',
    1 => 'Pay',
    2 => 'payment',
  ),
)
[ info ] [ HEADER ] array (
  'host' => 'ceshi.gdbadi.com',
  'connection' => 'keep-alive',
  'upgrade-insecure-requests' => '1',
  'user-agent' => 'Mozilla/5.0 (Linux; Android 9; EVR-AL00 Build/HUAWEIEVR-AL00) AppleWebKit/537.36 (KHTML, like Gecko) Version/4.0 Chrome/70.0.3538.64 HuaweiBrowser/10.0.1.333 Mobile Safari/537.36',
  'accept' => 'text/html,application/xhtml+xml,application/xml;q=0.9,image/webp,image/apng,*/*;q=0.8',
  'referer' => 'http://ceshi.gdbadi.com/index/order/orders?id=48&num=1&attribute=',
  'accept-encoding' => 'gzip, deflate',
  'accept-language' => 'zh-CN,en-US;q=0.9',
  'cookie' => 'PHPSESSID=kd0ehtvvsd6d00msk7mlovcqm3',
)
[ info ] [ PARAM ] array (
  '/index/Pay/payment' => '',
  'id' => '167',
)
[ info ] [ CACHE ] INIT File
[ info ] [ SESSION ] INIT array (
  'type' => '',
  'auto_start' => true,
)
[ info ] [ DB ] INIT mysql
[ info ] [ RUN ] app\index\controller\Pay->payment[ D:\web\hshop2\shop\index\controller\Pay.php ]
[ info ] [ VIEW ] ./themes/default/index/pay\payment.html [ array (
  0 => 'top_nav',
  1 => 'my_vip_grade',
  2 => 'is_number_goods',
  3 => 'order',
  4 => 'pay_nums',
  5 => 'wallet',
) ]
[ info ] [ LOG ] INIT File
---------------------------------------------------------------
[ 2019-10-22T17:09:23+08:00 ] 117.136.79.86 GET ceshi.gdbadi.com/index/order/orders?id=48&num=1&attribute=
[运行时间：0.109200s] [吞吐率：9.16req/s] [内存消耗：3,033.97kb] [文件加载：53]
[ info ] [ LANG ] D:\web\hshop2\thinkphp\lang\zh-cn.php
[ info ] [ ROUTE ] array (
  'type' => 'module',
  'module' => 
  array (
    0 => 'index',
    1 => 'order',
    2 => 'orders',
  ),
)
[ info ] [ HEADER ] array (
  'host' => 'ceshi.gdbadi.com',
  'connection' => 'keep-alive',
  'upgrade-insecure-requests' => '1',
  'user-agent' => 'Mozilla/5.0 (Linux; Android 9; EVR-AL00 Build/HUAWEIEVR-AL00) AppleWebKit/537.36 (KHTML, like Gecko) Version/4.0 Chrome/70.0.3538.64 HuaweiBrowser/10.0.1.333 Mobile Safari/537.36',
  'accept' => 'text/html,application/xhtml+xml,application/xml;q=0.9,image/webp,image/apng,*/*;q=0.8',
  'referer' => 'http://ceshi.gdbadi.com/index/Goods/details/id/48',
  'accept-encoding' => 'gzip, deflate',
  'accept-language' => 'zh-CN,en-US;q=0.9',
  'cookie' => 'PHPSESSID=kd0ehtvvsd6d00msk7mlovcqm3',
)
[ info ] [ PARAM ] array (
  '/index/order/orders' => '',
  'id' => '48',
  'num' => '1',
  'attribute' => '',
)
[ info ] [ CACHE ] INIT File
[ info ] [ SESSION ] INIT array (
  'type' => '',
  'auto_start' => true,
)
[ info ] [ DB ] INIT mysql
[ info ] [ RUN ] app\index\controller\Order->orders[ D:\web\hshop2\shop\index\controller\Order.php ]
[ info ] [ VIEW ] ./themes/default/index/order\orders.html [ array (
  0 => 'top_nav',
  1 => 'my_vip_grade',
  2 => 'vip_grade',
  3 => 'goods',
  4 => 'num',
  5 => 'attribute_value',
  6 => 'goodzprice',
  7 => 'freight',
  8 => 'zprice',
  9 => 'address',
  10 => 'couponlist',
) ]
[ info ] [ LOG ] INIT File
---------------------------------------------------------------
[ 2019-10-22T17:09:24+08:00 ] 117.136.79.86 GET ceshi.gdbadi.com/index/Goods/details/id/48
[运行时间：0.093600s] [吞吐率：10.68req/s] [内存消耗：2,930.02kb] [文件加载：53]
[ info ] [ LANG ] D:\web\hshop2\thinkphp\lang\zh-cn.php
[ info ] [ ROUTE ] array (
  'type' => 'module',
  'module' => 
  array (
    0 => 'index',
    1 => 'Goods',
    2 => 'details',
  ),
)
[ info ] [ HEADER ] array (
  'host' => 'ceshi.gdbadi.com',
  'connection' => 'keep-alive',
  'upgrade-insecure-requests' => '1',
  'user-agent' => 'Mozilla/5.0 (Linux; Android 9; EVR-AL00 Build/HUAWEIEVR-AL00) AppleWebKit/537.36 (KHTML, like Gecko) Version/4.0 Chrome/70.0.3538.64 HuaweiBrowser/10.0.1.333 Mobile Safari/537.36',
  'accept' => 'text/html,application/xhtml+xml,application/xml;q=0.9,image/webp,image/apng,*/*;q=0.8',
  'referer' => 'http://ceshi.gdbadi.com/index/index/zerolist',
  'accept-encoding' => 'gzip, deflate',
  'accept-language' => 'zh-CN,en-US;q=0.9',
  'cookie' => 'PHPSESSID=kd0ehtvvsd6d00msk7mlovcqm3',
)
[ info ] [ PARAM ] array (
  '/index/Goods/details/id/48' => '',
  'id' => '48',
)
[ info ] [ CACHE ] INIT File
[ info ] [ SESSION ] INIT array (
  'type' => '',
  'auto_start' => true,
)
[ info ] [ DB ] INIT mysql
[ info ] [ RUN ] app\index\controller\Goods->details[ D:\web\hshop2\shop\index\controller\Goods.php ]
[ info ] [ VIEW ] ./themes/default/index/goods\details.html [ array (
  0 => 'top_nav',
  1 => 'my_vip_grade',
  2 => 'qiangg',
  3 => 'vip_grade',
  4 => 'goods',
  5 => 'goods_image',
  6 => 'goods_discount',
  7 => 'attribute',
  8 => 'goods_description',
  9 => 'goods_brand',
  10 => 'cartnum',
) ]
[ info ] [ LOG ] INIT File
---------------------------------------------------------------
[ 2019-10-22T17:09:25+08:00 ] 117.136.79.86 GET ceshi.gdbadi.com/index/index/zerolist
[运行时间：0.046800s] [吞吐率：21.37req/s] [内存消耗：2,675.66kb] [文件加载：49]
[ info ] [ LANG ] D:\web\hshop2\thinkphp\lang\zh-cn.php
[ info ] [ ROUTE ] array (
  'type' => 'module',
  'module' => 
  array (
    0 => 'index',
    1 => 'index',
    2 => 'zerolist',
  ),
)
[ info ] [ HEADER ] array (
  'host' => 'ceshi.gdbadi.com',
  'connection' => 'keep-alive',
  'upgrade-insecure-requests' => '1',
  'user-agent' => 'Mozilla/5.0 (Linux; Android 9; EVR-AL00 Build/HUAWEIEVR-AL00) AppleWebKit/537.36 (KHTML, like Gecko) Version/4.0 Chrome/70.0.3538.64 HuaweiBrowser/10.0.1.333 Mobile Safari/537.36',
  'accept' => 'text/html,application/xhtml+xml,application/xml;q=0.9,image/webp,image/apng,*/*;q=0.8',
  'referer' => 'http://ceshi.gdbadi.com/index/Index/index',
  'accept-encoding' => 'gzip, deflate',
  'accept-language' => 'zh-CN,en-US;q=0.9',
  'cookie' => 'PHPSESSID=kd0ehtvvsd6d00msk7mlovcqm3',
)
[ info ] [ PARAM ] array (
  '/index/index/zerolist' => '',
)
[ info ] [ DB ] INIT mysql
[ info ] [ SESSION ] INIT array (
  'type' => '',
  'auto_start' => true,
)
[ info ] [ RUN ] app\index\controller\Index->zerolist[ D:\web\hshop2\shop\index\controller\Index.php ]
[ info ] [ VIEW ] ./themes/default/index/index\zerolist.html [ array (
  0 => 'upgrade_conditions',
  1 => 'zerolist',
  2 => 'zerolist_pic',
) ]
[ info ] [ LOG ] INIT File
---------------------------------------------------------------
[ 2019-10-22T17:09:25+08:00 ] 117.136.79.86 GET ceshi.gdbadi.com/index/Index/index
[运行时间：0.093600s] [吞吐率：10.68req/s] [内存消耗：2,977.66kb] [文件加载：49]
[ info ] [ LANG ] D:\web\hshop2\thinkphp\lang\zh-cn.php
[ info ] [ ROUTE ] array (
  'type' => 'module',
  'module' => 
  array (
    0 => 'index',
    1 => 'Index',
    2 => 'index',
  ),
)
[ info ] [ HEADER ] array (
  'host' => 'ceshi.gdbadi.com',
  'connection' => 'keep-alive',
  'upgrade-insecure-requests' => '1',
  'user-agent' => 'Mozilla/5.0 (Linux; Android 9; EVR-AL00 Build/HUAWEIEVR-AL00) AppleWebKit/537.36 (KHTML, like Gecko) Version/4.0 Chrome/70.0.3538.64 HuaweiBrowser/10.0.1.333 Mobile Safari/537.36',
  'accept' => 'text/html,application/xhtml+xml,application/xml;q=0.9,image/webp,image/apng,*/*;q=0.8',
  'referer' => 'http://ceshi.gdbadi.com/index/Index/pcenter',
  'accept-encoding' => 'gzip, deflate',
  'accept-language' => 'zh-CN,en-US;q=0.9',
  'cookie' => 'PHPSESSID=kd0ehtvvsd6d00msk7mlovcqm3',
)
[ info ] [ PARAM ] array (
  '/index/Index/index' => '',
)
[ info ] [ DB ] INIT mysql
[ info ] [ SESSION ] INIT array (
  'type' => '',
  'auto_start' => true,
)
[ info ] [ RUN ] app\index\controller\Index->index[ D:\web\hshop2\shop\index\controller\Index.php ]
[ info ] [ VIEW ] ./themes/default/index/index\index.html [ array (
  0 => 'upgrade_conditions',
  1 => 'brand',
  2 => 'guesslike',
  3 => 'newlist',
  4 => 'popular',
  5 => 'frontend_images',
  6 => 'ggao',
  7 => 'pic',
) ]
[ info ] [ LOG ] INIT File
---------------------------------------------------------------
[ 2019-10-22T17:09:26+08:00 ] 117.136.79.86 GET ceshi.gdbadi.com/index/Index/pcenter
[运行时间：0.062400s] [吞吐率：16.03req/s] [内存消耗：2,977.28kb] [文件加载：51]
[ info ] [ LANG ] D:\web\hshop2\thinkphp\lang\zh-cn.php
[ info ] [ ROUTE ] array (
  'type' => 'module',
  'module' => 
  array (
    0 => 'index',
    1 => 'Index',
    2 => 'pcenter',
  ),
)
[ info ] [ HEADER ] array (
  'host' => 'ceshi.gdbadi.com',
  'connection' => 'keep-alive',
  'upgrade-insecure-requests' => '1',
  'user-agent' => 'Mozilla/5.0 (Linux; Android 9; EVR-AL00 Build/HUAWEIEVR-AL00) AppleWebKit/537.36 (KHTML, like Gecko) Version/4.0 Chrome/70.0.3538.64 HuaweiBrowser/10.0.1.333 Mobile Safari/537.36',
  'accept' => 'text/html,application/xhtml+xml,application/xml;q=0.9,image/webp,image/apng,*/*;q=0.8',
  'referer' => 'http://ceshi.gdbadi.com/member/member_backend/index',
  'accept-encoding' => 'gzip, deflate',
  'accept-language' => 'zh-CN,en-US;q=0.9',
  'cookie' => 'PHPSESSID=kd0ehtvvsd6d00msk7mlovcqm3',
)
[ info ] [ PARAM ] array (
  '/index/Index/pcenter' => '',
)
[ info ] [ DB ] INIT mysql
[ info ] [ SESSION ] INIT array (
  'type' => '',
  'auto_start' => true,
)
[ info ] [ RUN ] app\index\controller\Index->pcenter[ D:\web\hshop2\shop\index\controller\Index.php ]
[ info ] [ VIEW ] ./themes/default/index/index\pcenter.html [ array (
  0 => 'upgrade_conditions',
  1 => 'user_name',
  2 => 'user_phone',
  3 => 'user_photo',
  4 => 'vip_grade',
  5 => 'user_id',
) ]
[ info ] [ LOG ] INIT File
---------------------------------------------------------------
[ 2019-10-22T17:09:26+08:00 ] 117.136.79.86 GET ceshi.gdbadi.com/admin/Index/index
[运行时间：0.078000s] [吞吐率：12.82req/s] [内存消耗：3,106.80kb] [文件加载：56]
[ info ] [ LANG ] D:\web\hshop2\thinkphp\lang\zh-cn.php
[ info ] [ ROUTE ] array (
  'type' => 'module',
  'module' => 
  array (
    0 => 'admin',
    1 => 'Index',
    2 => 'index',
  ),
)
[ info ] [ HEADER ] array (
  'host' => 'ceshi.gdbadi.com',
  'connection' => 'keep-alive',
  'upgrade-insecure-requests' => '1',
  'user-agent' => 'Mozilla/5.0 (Linux; Android 9; EVR-AL00 Build/HUAWEIEVR-AL00) AppleWebKit/537.36 (KHTML, like Gecko) Version/4.0 Chrome/70.0.3538.64 HuaweiBrowser/10.0.1.333 Mobile Safari/537.36',
  'accept' => 'text/html,application/xhtml+xml,application/xml;q=0.9,image/webp,image/apng,*/*;q=0.8',
  'referer' => 'http://ceshi.gdbadi.com/admin/Login/login',
  'accept-encoding' => 'gzip, deflate',
  'accept-language' => 'zh-CN,en-US;q=0.9',
  'cookie' => 'PHPSESSID=kd0ehtvvsd6d00msk7mlovcqm3',
)
[ info ] [ PARAM ] array (
  '/admin/Index/index' => '',
)
[ info ] [ CACHE ] INIT File
[ info ] [ SESSION ] INIT array (
  'type' => '',
  'auto_start' => true,
)
[ info ] [ DB ] INIT mysql
[ info ] [ RUN ] app\admin\controller\Index->index[ D:\web\hshop2\shop\admin\controller\Index.php ]
[ info ] [ VIEW ] ./shop/admin\view\index\index.html [ array (
  0 => 'admin_menu',
  1 => 'total_order',
  2 => 'today_order',
  3 => 'total_money',
  4 => 'today_money',
  5 => 'user_action_total',
  6 => 'today_user_action',
  7 => 'today_member',
  8 => 'member_count',
  9 => 'user_action',
  10 => 'uc_empty',
  11 => 'order_list',
  12 => 'empty',
) ]
[ info ] [ LOG ] INIT File
---------------------------------------------------------------
[ 2019-10-22T23:00:20+08:00 ] 121.32.178.37 GET ceshi.gdbadi.com/index/login/register?id=99
[运行时间：0.046800s] [吞吐率：21.37req/s] [内存消耗：2,729.16kb] [文件加载：50]
[ info ] [ LANG ] D:\web\hshop2\thinkphp\lang\zh-cn.php
[ info ] [ ROUTE ] array (
  'type' => 'module',
  'module' => 
  array (
    0 => 'index',
    1 => 'login',
    2 => 'register',
  ),
)
[ info ] [ HEADER ] array (
  'accept' => 'text/html,application/xhtml+xml,application/xml;q=0.9,image/webp,image/apng,image/wxpic,image/sharpp,image/apng,image/tpg,*/*;q=0.8',
  'accept-encoding' => 'gzip',
  'accept-language' => 'zh-CN,en-US;q=0.9',
  'connection' => 'close',
  'cookie' => 'PHPSESSID=oilk88rn2c0ijcvm7018hjmfs3',
  'host' => 'ceshi.gdbadi.com',
  'upgrade-insecure-requests' => '1',
  'user-agent' => 'Mozilla/5.0 (Linux; Android 9; EVR-AL00 Build/HUAWEIEVR-AL00; wv) AppleWebKit/537.36 (KHTML, like Gecko) Version/4.0 Chrome/66.0.3359.126 MQQBrowser/6.2 TBS/044904 Mobile Safari/537.36 MMWEBID/4992 MicroMessenger/7.0.7.1521(0x2700073A) Process/tools NetType/WIFI Language/zh_CN',
  'x-forwarded-for' => '121.32.178.37',
  'x-forwarded-for-pound' => '121.32.178.37',
)
[ info ] [ PARAM ] array (
  '/index/login/register' => '',
  'id' => '99',
)
[ info ] [ CACHE ] INIT File
[ info ] [ RUN ] app\index\controller\Login->register[ D:\web\hshop2\shop\index\controller\Login.php ]
[ info ] [ DB ] INIT mysql
[ info ] [ VIEW ] ./themes/default/index/login\register.html [ array (
  0 => 'invitation_phone',
) ]
[ info ] [ LOG ] INIT File
---------------------------------------------------------------
[ 2019-10-22T23:00:21+08:00 ] 121.32.178.37 GET ceshi.gdbadi.com/captcha
[运行时间：0.031200s] [吞吐率：32.05req/s] [内存消耗：1,396.27kb] [文件加载：32]
[ info ] [ LANG ] D:\web\hshop2\thinkphp\lang\zh-cn.php
[ info ] [ ROUTE ] array (
  'type' => 'method',
  'method' => 
  array (
    0 => '\\think\\captcha\\CaptchaController',
    1 => 'index',
  ),
  'var' => 
  array (
  ),
)
[ info ] [ HEADER ] array (
  'host' => 'ceshi.gdbadi.com',
  'connection' => 'keep-alive',
  'user-agent' => 'Mozilla/5.0 (Linux; Android 9; EVR-AL00 Build/HUAWEIEVR-AL00; wv) AppleWebKit/537.36 (KHTML, like Gecko) Version/4.0 Chrome/66.0.3359.126 MQQBrowser/6.2 TBS/044904 Mobile Safari/537.36 MMWEBID/4992 MicroMessenger/7.0.7.1521(0x2700073A) Process/tools NetType/WIFI Language/zh_CN',
  'accept' => 'image/webp,image/wxpic,image/sharpp,image/apng,image/tpg,image/*,*/*;q=0.8',
  'referer' => 'http://ceshi.gdbadi.com/index/login/register?id=99',
  'accept-encoding' => 'gzip, deflate',
  'accept-language' => 'zh-CN,en-US;q=0.9',
  'cookie' => 'PHPSESSID=oilk88rn2c0ijcvm7018hjmfs3',
)
[ info ] [ PARAM ] array (
  '/captcha' => '',
  'id' => '',
)
[ info ] [ RUN ] think\captcha\CaptchaController->index[ D:\web\hshop2\vendor\topthink\think-captcha\src\CaptchaController.php ]
[ info ] [ SESSION ] INIT array (
  'type' => '',
  'auto_start' => true,
)
[ info ] [ LOG ] INIT File
---------------------------------------------------------------
[ 2019-10-22T23:00:21+08:00 ] 121.32.178.37 GET ceshi.gdbadi.com/favicon.ico
[运行时间：0.031200s] [吞吐率：32.05req/s] [内存消耗：1,373.04kb] [文件加载：33]
[ info ] [ LANG ] D:\web\hshop2\thinkphp\lang\zh-cn.php
[ info ] [ ROUTE ] array (
  'type' => 'module',
  'module' => 
  array (
    0 => 'favicon',
    1 => NULL,
    2 => NULL,
  ),
)
[ info ] [ HEADER ] array (
  'host' => 'ceshi.gdbadi.com',
  'connection' => 'keep-alive',
  'user-agent' => 'Mozilla/5.0 (Linux; Android 9; EVR-AL00 Build/HUAWEIEVR-AL00; wv) AppleWebKit/537.36 (KHTML, like Gecko) Version/4.0 Chrome/66.0.3359.126 MQQBrowser/6.2 TBS/044904 Mobile Safari/537.36 MMWEBID/4992 MicroMessenger/7.0.7.1521(0x2700073A) Process/tools NetType/WIFI Language/zh_CN',
  'accept' => 'image/webp,image/wxpic,image/sharpp,image/apng,image/tpg,image/*,*/*;q=0.8',
  'referer' => 'http://ceshi.gdbadi.com/index/login/register?id=99',
  'accept-encoding' => 'gzip, deflate',
  'accept-language' => 'zh-CN,en-US;q=0.9',
  'cookie' => 'PHPSESSID=oilk88rn2c0ijcvm7018hjmfs3',
)
[ info ] [ PARAM ] array (
  '/favicon_ico' => '',
)
[ info ] [ LOG ] INIT File
---------------------------------------------------------------
[ 2019-10-22T23:01:09+08:00 ] 61.151.178.174 GET ceshi.gdbadi.com/index/login/register?id=99
[运行时间：0.046800s] [吞吐率：21.37req/s] [内存消耗：2,726.77kb] [文件加载：50]
[ info ] [ LANG ] D:\web\hshop2\thinkphp\lang\zh-cn.php
[ info ] [ ROUTE ] array (
  'type' => 'module',
  'module' => 
  array (
    0 => 'index',
    1 => 'login',
    2 => 'register',
  ),
)
[ info ] [ HEADER ] array (
  'user-agent' => 'Mozilla/5.0 (iPhone; CPU iPhone OS 10_2_1 like Mac OS X) AppleWebKit/602.4.6 (KHTML, like Gecko) Mobile/14D27 MicroMessenger/6.5.5 NetType/WIFI Language/en',
  'accept' => '*/*',
  'accept-language' => 'zh-CN,zh;q=0.8,en-US;q=0.6,en;q=0.4',
  'host' => 'ceshi.gdbadi.com',
  'connection' => 'keep-alive',
)
[ info ] [ PARAM ] array (
  '/index/login/register' => '',
  'id' => '99',
)
[ info ] [ CACHE ] INIT File
[ info ] [ RUN ] app\index\controller\Login->register[ D:\web\hshop2\shop\index\controller\Login.php ]
[ info ] [ DB ] INIT mysql
[ info ] [ VIEW ] ./themes/default/index/login\register.html [ array (
  0 => 'invitation_phone',
) ]
[ info ] [ LOG ] INIT File
