---------------------------------------------------------------
[ 2020-12-21T11:15:41+08:00 ] 59.42.185.9 GET shop.demolink.top/
[运行时间：0.140000s] [吞吐率：7.14req/s] [内存消耗：2,963.30kb] [文件加载：49]
[ info ] [ LANG ] D:\web\hshop2\thinkphp\lang\zh-cn.php
[ info ] [ ROUTE ] array (
  'type' => 'module',
  'module' => 
  array (
    0 => '',
    1 => NULL,
    2 => NULL,
  ),
)
[ info ] [ HEADER ] array (
  'host' => 'shop.demolink.top',
  'connection' => 'keep-alive',
  'upgrade-insecure-requests' => '1',
  'user-agent' => 'Mozilla/5.0 (Windows NT 6.1; WOW64) AppleWebKit/537.36 (KHTML, like Gecko) Chrome/81.0.4044.122 Safari/537.36',
  'accept' => 'text/html,application/xhtml+xml,application/xml;q=0.9,image/webp,image/apng,*/*;q=0.8,application/signed-exchange;v=b3;q=0.9',
  'accept-encoding' => 'gzip, deflate',
  'accept-language' => 'zh-CN,zh;q=0.9',
  'cookie' => 'pgv_pvi=9341831168',
)
[ info ] [ PARAM ] array (
)
[ info ] [ DB ] INIT mysql
[ info ] [ SESSION ] INIT array (
  'type' => '',
  'auto_start' => true,
)
[ info ] [ RUN ] app\index\controller\Index->index[ D:\web\hshop2\shop\index\controller\Index.php ]
[ info ] [ VIEW ] ./themes/default/index/index\index.html [ array (
  0 => 'upgrade_conditions',
  1 => 'brand',
  2 => 'guesslike',
  3 => 'newlist',
  4 => 'popular',
  5 => 'frontend_images',
  6 => 'ggao',
  7 => 'pic',
) ]
[ info ] [ LOG ] INIT File
---------------------------------------------------------------
[ 2020-12-21T11:15:41+08:00 ] 59.42.185.9 GET shop.demolink.top/favicon.ico
[运行时间：0.020000s] [吞吐率：50.00req/s] [内存消耗：1,372.23kb] [文件加载：33]
[ info ] [ LANG ] D:\web\hshop2\thinkphp\lang\zh-cn.php
[ info ] [ ROUTE ] array (
  'type' => 'module',
  'module' => 
  array (
    0 => 'favicon',
    1 => NULL,
    2 => NULL,
  ),
)
[ info ] [ HEADER ] array (
  'host' => 'shop.demolink.top',
  'connection' => 'keep-alive',
  'user-agent' => 'Mozilla/5.0 (Windows NT 6.1; WOW64) AppleWebKit/537.36 (KHTML, like Gecko) Chrome/81.0.4044.122 Safari/537.36',
  'accept' => 'image/webp,image/apng,image/*,*/*;q=0.8',
  'referer' => 'http://shop.demolink.top/',
  'accept-encoding' => 'gzip, deflate',
  'accept-language' => 'zh-CN,zh;q=0.9',
  'cookie' => 'pgv_pvi=9341831168; PHPSESSID=184mc63egvc23qspi6bvpbhdd1',
)
[ info ] [ PARAM ] array (
  '/favicon_ico' => '',
)
[ info ] [ LOG ] INIT File
---------------------------------------------------------------
[ 2020-12-21T11:15:43+08:00 ] 59.42.185.9 GET shop.demolink.top/index/Index/pcenter
[运行时间：0.070000s] [吞吐率：14.29req/s] [内存消耗：2,959.01kb] [文件加载：51]
[ info ] [ LANG ] D:\web\hshop2\thinkphp\lang\zh-cn.php
[ info ] [ ROUTE ] array (
  'type' => 'module',
  'module' => 
  array (
    0 => 'index',
    1 => 'Index',
    2 => 'pcenter',
  ),
)
[ info ] [ HEADER ] array (
  'host' => 'shop.demolink.top',
  'connection' => 'keep-alive',
  'upgrade-insecure-requests' => '1',
  'user-agent' => 'Mozilla/5.0 (Windows NT 6.1; WOW64) AppleWebKit/537.36 (KHTML, like Gecko) Chrome/81.0.4044.122 Safari/537.36',
  'accept' => 'text/html,application/xhtml+xml,application/xml;q=0.9,image/webp,image/apng,*/*;q=0.8,application/signed-exchange;v=b3;q=0.9',
  'referer' => 'http://shop.demolink.top/',
  'accept-encoding' => 'gzip, deflate',
  'accept-language' => 'zh-CN,zh;q=0.9',
  'cookie' => 'pgv_pvi=9341831168; PHPSESSID=184mc63egvc23qspi6bvpbhdd1',
)
[ info ] [ PARAM ] array (
  '/index/Index/pcenter' => '',
)
[ info ] [ DB ] INIT mysql
[ info ] [ SESSION ] INIT array (
  'type' => '',
  'auto_start' => true,
)
[ info ] [ RUN ] app\index\controller\Index->pcenter[ D:\web\hshop2\shop\index\controller\Index.php ]
[ info ] [ VIEW ] ./themes/default/index/index\pcenter.html [ array (
  0 => 'upgrade_conditions',
  1 => 'user_name',
  2 => 'user_phone',
  3 => 'user_photo',
  4 => 'vip_grade',
  5 => 'user_id',
) ]
[ info ] [ LOG ] INIT File
---------------------------------------------------------------
[ 2020-12-21T11:15:45+08:00 ] 59.42.185.9 GET shop.demolink.top/index/Login/login
[运行时间：0.050000s] [吞吐率：20.00req/s] [内存消耗：2,728.05kb] [文件加载：51]
[ info ] [ LANG ] D:\web\hshop2\thinkphp\lang\zh-cn.php
[ info ] [ ROUTE ] array (
  'type' => 'module',
  'module' => 
  array (
    0 => 'index',
    1 => 'Login',
    2 => 'login',
  ),
)
[ info ] [ HEADER ] array (
  'host' => 'shop.demolink.top',
  'connection' => 'keep-alive',
  'upgrade-insecure-requests' => '1',
  'user-agent' => 'Mozilla/5.0 (Windows NT 6.1; WOW64) AppleWebKit/537.36 (KHTML, like Gecko) Chrome/81.0.4044.122 Safari/537.36',
  'accept' => 'text/html,application/xhtml+xml,application/xml;q=0.9,image/webp,image/apng,*/*;q=0.8,application/signed-exchange;v=b3;q=0.9',
  'referer' => 'http://shop.demolink.top/index/Index/pcenter',
  'accept-encoding' => 'gzip, deflate',
  'accept-language' => 'zh-CN,zh;q=0.9',
  'cookie' => 'pgv_pvi=9341831168; PHPSESSID=184mc63egvc23qspi6bvpbhdd1',
)
[ info ] [ PARAM ] array (
  '/index/Login/login' => '',
)
[ info ] [ CACHE ] INIT File
[ info ] [ RUN ] app\index\controller\Login->login[ D:\web\hshop2\shop\index\controller\Login.php ]
[ info ] [ DB ] INIT mysql
[ info ] [ VIEW ] ./themes/default/index/login\login.html [ array (
) ]
[ info ] [ LOG ] INIT File
---------------------------------------------------------------
[ 2020-12-21T11:15:45+08:00 ] 59.42.185.9 GET shop.demolink.top/captcha
[运行时间：0.030000s] [吞吐率：33.33req/s] [内存消耗：1,395.60kb] [文件加载：32]
[ info ] [ LANG ] D:\web\hshop2\thinkphp\lang\zh-cn.php
[ info ] [ ROUTE ] array (
  'type' => 'method',
  'method' => 
  array (
    0 => '\\think\\captcha\\CaptchaController',
    1 => 'index',
  ),
  'var' => 
  array (
  ),
)
[ info ] [ HEADER ] array (
  'host' => 'shop.demolink.top',
  'connection' => 'keep-alive',
  'user-agent' => 'Mozilla/5.0 (Windows NT 6.1; WOW64) AppleWebKit/537.36 (KHTML, like Gecko) Chrome/81.0.4044.122 Safari/537.36',
  'accept' => 'image/webp,image/apng,image/*,*/*;q=0.8',
  'referer' => 'http://shop.demolink.top/index/Login/login',
  'accept-encoding' => 'gzip, deflate',
  'accept-language' => 'zh-CN,zh;q=0.9',
  'cookie' => 'pgv_pvi=9341831168; PHPSESSID=184mc63egvc23qspi6bvpbhdd1',
)
[ info ] [ PARAM ] array (
  '/captcha' => '',
  'id' => '',
)
[ info ] [ RUN ] think\captcha\CaptchaController->index[ D:\web\hshop2\vendor\topthink\think-captcha\src\CaptchaController.php ]
[ info ] [ SESSION ] INIT array (
  'type' => '',
  'auto_start' => true,
)
[ info ] [ LOG ] INIT File
---------------------------------------------------------------
[ 2020-12-21T11:15:59+08:00 ] 59.42.185.9 GET shop.demolink.top/captcha?rand=0.49492453124877667
[运行时间：0.020000s] [吞吐率：50.00req/s] [内存消耗：1,395.77kb] [文件加载：32]
[ info ] [ LANG ] D:\web\hshop2\thinkphp\lang\zh-cn.php
[ info ] [ ROUTE ] array (
  'type' => 'method',
  'method' => 
  array (
    0 => '\\think\\captcha\\CaptchaController',
    1 => 'index',
  ),
  'var' => 
  array (
  ),
)
[ info ] [ HEADER ] array (
  'host' => 'shop.demolink.top',
  'connection' => 'keep-alive',
  'user-agent' => 'Mozilla/5.0 (Windows NT 6.1; WOW64) AppleWebKit/537.36 (KHTML, like Gecko) Chrome/81.0.4044.122 Safari/537.36',
  'accept' => 'image/webp,image/apng,image/*,*/*;q=0.8',
  'referer' => 'http://shop.demolink.top/index/Login/login',
  'accept-encoding' => 'gzip, deflate',
  'accept-language' => 'zh-CN,zh;q=0.9',
  'cookie' => 'pgv_pvi=9341831168; PHPSESSID=184mc63egvc23qspi6bvpbhdd1',
)
[ info ] [ PARAM ] array (
  '/captcha' => '',
  'rand' => '0.49492453124877667',
  'id' => '',
)
[ info ] [ RUN ] think\captcha\CaptchaController->index[ D:\web\hshop2\vendor\topthink\think-captcha\src\CaptchaController.php ]
[ info ] [ SESSION ] INIT array (
  'type' => '',
  'auto_start' => true,
)
[ info ] [ LOG ] INIT File
---------------------------------------------------------------
[ 2020-12-21T11:16:10+08:00 ] 59.42.185.9 POST shop.demolink.top/index/Login/login
[运行时间：0.090000s] [吞吐率：11.11req/s] [内存消耗：3,091.48kb] [文件加载：52]
[ info ] [ LANG ] D:\web\hshop2\thinkphp\lang\zh-cn.php
[ info ] [ ROUTE ] array (
  'type' => 'module',
  'module' => 
  array (
    0 => 'index',
    1 => 'Login',
    2 => 'login',
  ),
)
[ info ] [ HEADER ] array (
  'host' => 'shop.demolink.top',
  'connection' => 'keep-alive',
  'content-length' => '53',
  'accept' => '*/*',
  'x-requested-with' => 'XMLHttpRequest',
  'user-agent' => 'Mozilla/5.0 (Windows NT 6.1; WOW64) AppleWebKit/537.36 (KHTML, like Gecko) Chrome/81.0.4044.122 Safari/537.36',
  'content-type' => 'application/x-www-form-urlencoded; charset=UTF-8',
  'origin' => 'http://shop.demolink.top',
  'referer' => 'http://shop.demolink.top/index/Login/login',
  'accept-encoding' => 'gzip, deflate',
  'accept-language' => 'zh-CN,zh;q=0.9',
  'cookie' => 'pgv_pvi=9341831168; PHPSESSID=184mc63egvc23qspi6bvpbhdd1',
)
[ info ] [ PARAM ] array (
  '/index/Login/login' => '',
  'user_phone' => '13211111111',
  'user_pass' => '111111',
  'captcha' => '88554',
)
[ info ] [ CACHE ] INIT File
[ info ] [ RUN ] app\index\controller\Login->login[ D:\web\hshop2\shop\index\controller\Login.php ]
[ info ] [ DB ] INIT mysql
[ info ] [ SESSION ] INIT array (
  'type' => '',
  'auto_start' => true,
)
[ info ] [ LOG ] INIT File
---------------------------------------------------------------
[ 2020-12-21T11:16:10+08:00 ] 59.42.185.9 GET shop.demolink.top/index/index/pcenter
[运行时间：0.070000s] [吞吐率：14.29req/s] [内存消耗：2,976.88kb] [文件加载：51]
[ info ] [ LANG ] D:\web\hshop2\thinkphp\lang\zh-cn.php
[ info ] [ ROUTE ] array (
  'type' => 'module',
  'module' => 
  array (
    0 => 'index',
    1 => 'index',
    2 => 'pcenter',
  ),
)
[ info ] [ HEADER ] array (
  'host' => 'shop.demolink.top',
  'connection' => 'keep-alive',
  'upgrade-insecure-requests' => '1',
  'user-agent' => 'Mozilla/5.0 (Windows NT 6.1; WOW64) AppleWebKit/537.36 (KHTML, like Gecko) Chrome/81.0.4044.122 Safari/537.36',
  'accept' => 'text/html,application/xhtml+xml,application/xml;q=0.9,image/webp,image/apng,*/*;q=0.8,application/signed-exchange;v=b3;q=0.9',
  'referer' => 'http://shop.demolink.top/index/Login/login',
  'accept-encoding' => 'gzip, deflate',
  'accept-language' => 'zh-CN,zh;q=0.9',
  'cookie' => 'pgv_pvi=9341831168; PHPSESSID=184mc63egvc23qspi6bvpbhdd1',
)
[ info ] [ PARAM ] array (
  '/index/index/pcenter' => '',
)
[ info ] [ DB ] INIT mysql
[ info ] [ SESSION ] INIT array (
  'type' => '',
  'auto_start' => true,
)
[ info ] [ RUN ] app\index\controller\Index->pcenter[ D:\web\hshop2\shop\index\controller\Index.php ]
[ info ] [ VIEW ] ./themes/default/index/index\pcenter.html [ array (
  0 => 'upgrade_conditions',
  1 => 'user_name',
  2 => 'user_phone',
  3 => 'user_photo',
  4 => 'vip_grade',
  5 => 'user_id',
) ]
[ info ] [ LOG ] INIT File
---------------------------------------------------------------
[ 2020-12-21T11:22:58+08:00 ] 117.136.100.127 GET shop.demolink.top/
[运行时间：0.140000s] [吞吐率：7.14req/s] [内存消耗：2,964.77kb] [文件加载：49]
[ info ] [ LANG ] D:\web\hshop2\thinkphp\lang\zh-cn.php
[ info ] [ ROUTE ] array (
  'type' => 'module',
  'module' => 
  array (
    0 => '',
    1 => NULL,
    2 => NULL,
  ),
)
[ info ] [ HEADER ] array (
  'upgrade-insecure-requests' => '1',
  'accept' => 'text/html,application/xhtml+xml,application/xml;q=0.9,image/webp,image/apng,*/*;q=0.8,application/signed-exchange;v=b3',
  'x-ucbrowser-ua' => 'dv(TAS-AN00);pr(UCBrowser/13.1.9.1099);ov(Android 10);ss(360*714);pi(1080*2143);bt(YZ);pm(0);bv(1);nm(0);im(0);sr(0);nt(1);',
  'accept-encoding' => 'gzip, deflate',
  'accept-language' => 'zh-CN,zh;q=0.9,en-US;q=0.8,en;q=0.7',
  'user-agent' => 'Mozilla/5.0 (Linux; U; Android 10; zh-CN; TAS-AN00 Build/HUAWEITAS-AN00) AppleWebKit/537.36 (KHTML, like Gecko) Version/4.0 Chrome/78.0.3904.108 UCBrowser/13.1.9.1099 Mobile Safari/537.36',
  'clientip' => '117.136.100.127',
  'x-forwarded-for' => '117.136.100.127',
  'host' => 'shop.demolink.top',
  'cache-control' => 'max-age=259200',
  'connection' => 'keep-alive',
)
[ info ] [ PARAM ] array (
)
[ info ] [ DB ] INIT mysql
[ info ] [ SESSION ] INIT array (
  'type' => '',
  'auto_start' => true,
)
[ info ] [ RUN ] app\index\controller\Index->index[ D:\web\hshop2\shop\index\controller\Index.php ]
[ info ] [ VIEW ] ./themes/default/index/index\index.html [ array (
  0 => 'upgrade_conditions',
  1 => 'brand',
  2 => 'guesslike',
  3 => 'newlist',
  4 => 'popular',
  5 => 'frontend_images',
  6 => 'ggao',
  7 => 'pic',
) ]
[ info ] [ LOG ] INIT File
---------------------------------------------------------------
[ 2020-12-21T11:23:11+08:00 ] 117.136.100.127 GET shop.demolink.top/index/Index/pcenter
[运行时间：0.070000s] [吞吐率：14.29req/s] [内存消耗：2,959.89kb] [文件加载：51]
[ info ] [ LANG ] D:\web\hshop2\thinkphp\lang\zh-cn.php
[ info ] [ ROUTE ] array (
  'type' => 'module',
  'module' => 
  array (
    0 => 'index',
    1 => 'Index',
    2 => 'pcenter',
  ),
)
[ info ] [ HEADER ] array (
  'host' => 'shop.demolink.top',
  'connection' => 'keep-alive',
  'upgrade-insecure-requests' => '1',
  'user-agent' => 'Mozilla/5.0 (Linux; U; Android 10; zh-CN; TAS-AN00 Build/HUAWEITAS-AN00) AppleWebKit/537.36 (KHTML, like Gecko) Version/4.0 Chrome/78.0.3904.108 UCBrowser/13.1.9.1099 Mobile Safari/537.36',
  'accept' => 'text/html,application/xhtml+xml,application/xml;q=0.9,image/webp,image/apng,*/*;q=0.8,application/signed-exchange;v=b3',
  'x-ucbrowser-ua' => 'dv(TAS-AN00);pr(UCBrowser/13.1.9.1099);ov(Android 10);ss(360*714);pi(1080*2143);bt(YZ);pm(0);bv(1);nm(0);im(0);sr(0);nt(1);',
  'referer' => 'http://shop.demolink.top/',
  'accept-encoding' => 'gzip, deflate',
  'accept-language' => 'zh-CN,zh;q=0.9,en-US;q=0.8,en;q=0.7',
  'cookie' => 'PHPSESSID=e22l63g5u6jc91dl0dp4p9q7h2',
)
[ info ] [ PARAM ] array (
  '/index/Index/pcenter' => '',
)
[ info ] [ DB ] INIT mysql
[ info ] [ SESSION ] INIT array (
  'type' => '',
  'auto_start' => true,
)
[ info ] [ RUN ] app\index\controller\Index->pcenter[ D:\web\hshop2\shop\index\controller\Index.php ]
[ info ] [ VIEW ] ./themes/default/index/index\pcenter.html [ array (
  0 => 'upgrade_conditions',
  1 => 'user_name',
  2 => 'user_phone',
  3 => 'user_photo',
  4 => 'vip_grade',
  5 => 'user_id',
) ]
[ info ] [ LOG ] INIT File
---------------------------------------------------------------
[ 2020-12-21T11:23:18+08:00 ] 117.136.100.127 GET shop.demolink.top/favicon.ico
[运行时间：0.020000s] [吞吐率：50.00req/s] [内存消耗：1,372.60kb] [文件加载：33]
[ info ] [ LANG ] D:\web\hshop2\thinkphp\lang\zh-cn.php
[ info ] [ ROUTE ] array (
  'type' => 'module',
  'module' => 
  array (
    0 => 'favicon',
    1 => NULL,
    2 => NULL,
  ),
)
[ info ] [ HEADER ] array (
  'host' => 'shop.demolink.top',
  'connection' => 'keep-alive',
  'user-agent' => 'Mozilla/5.0 (Linux; U; Android 10; zh-CN; TAS-AN00 Build/HUAWEITAS-AN00) AppleWebKit/537.36 (KHTML, like Gecko) Version/4.0 Chrome/78.0.3904.108 UCBrowser/13.1.9.1099 Mobile Safari/537.36',
  'accept' => 'image/webp,image/apng,image/*,*/*;q=0.8',
  'referer' => 'http://shop.demolink.top/index/Index/pcenter',
  'accept-encoding' => 'gzip, deflate',
  'accept-language' => 'zh-CN,zh;q=0.9,en-US;q=0.8,en;q=0.7',
  'cookie' => 'PHPSESSID=e22l63g5u6jc91dl0dp4p9q7h2',
)
[ info ] [ PARAM ] array (
  '/favicon_ico' => '',
)
[ info ] [ LOG ] INIT File
---------------------------------------------------------------
[ 2020-12-21T11:23:28+08:00 ] 117.136.100.127 GET shop.demolink.top/index/Login/login
[运行时间：0.050000s] [吞吐率：20.00req/s] [内存消耗：2,729.00kb] [文件加载：51]
[ info ] [ LANG ] D:\web\hshop2\thinkphp\lang\zh-cn.php
[ info ] [ ROUTE ] array (
  'type' => 'module',
  'module' => 
  array (
    0 => 'index',
    1 => 'Login',
    2 => 'login',
  ),
)
[ info ] [ HEADER ] array (
  'host' => 'shop.demolink.top',
  'connection' => 'keep-alive',
  'upgrade-insecure-requests' => '1',
  'user-agent' => 'Mozilla/5.0 (Linux; U; Android 10; zh-CN; TAS-AN00 Build/HUAWEITAS-AN00) AppleWebKit/537.36 (KHTML, like Gecko) Version/4.0 Chrome/78.0.3904.108 UCBrowser/13.1.9.1099 Mobile Safari/537.36',
  'accept' => 'text/html,application/xhtml+xml,application/xml;q=0.9,image/webp,image/apng,*/*;q=0.8,application/signed-exchange;v=b3',
  'x-ucbrowser-ua' => 'dv(TAS-AN00);pr(UCBrowser/13.1.9.1099);ov(Android 10);ss(360*714);pi(1080*2143);bt(YZ);pm(0);bv(1);nm(0);im(0);sr(0);nt(1);',
  'referer' => 'http://shop.demolink.top/index/Index/pcenter',
  'accept-encoding' => 'gzip, deflate',
  'accept-language' => 'zh-CN,zh;q=0.9,en-US;q=0.8,en;q=0.7',
  'cookie' => 'PHPSESSID=e22l63g5u6jc91dl0dp4p9q7h2',
)
[ info ] [ PARAM ] array (
  '/index/Login/login' => '',
)
[ info ] [ CACHE ] INIT File
[ info ] [ RUN ] app\index\controller\Login->login[ D:\web\hshop2\shop\index\controller\Login.php ]
[ info ] [ DB ] INIT mysql
[ info ] [ VIEW ] ./themes/default/index/login\login.html [ array (
) ]
[ info ] [ LOG ] INIT File
---------------------------------------------------------------
[ 2020-12-21T11:23:32+08:00 ] 117.136.100.127 GET shop.demolink.top/captcha
[运行时间：0.020000s] [吞吐率：50.00req/s] [内存消耗：1,395.89kb] [文件加载：32]
[ info ] [ LANG ] D:\web\hshop2\thinkphp\lang\zh-cn.php
[ info ] [ ROUTE ] array (
  'type' => 'method',
  'method' => 
  array (
    0 => '\\think\\captcha\\CaptchaController',
    1 => 'index',
  ),
  'var' => 
  array (
  ),
)
[ info ] [ HEADER ] array (
  'host' => 'shop.demolink.top',
  'connection' => 'keep-alive',
  'user-agent' => 'Mozilla/5.0 (Linux; U; Android 10; zh-CN; TAS-AN00 Build/HUAWEITAS-AN00) AppleWebKit/537.36 (KHTML, like Gecko) Version/4.0 Chrome/78.0.3904.108 UCBrowser/13.1.9.1099 Mobile Safari/537.36',
  'accept' => 'image/webp,image/apng,image/*,*/*;q=0.8',
  'referer' => 'http://shop.demolink.top/index/Login/login',
  'accept-encoding' => 'gzip, deflate',
  'accept-language' => 'zh-CN,zh;q=0.9,en-US;q=0.8,en;q=0.7',
  'cookie' => 'PHPSESSID=e22l63g5u6jc91dl0dp4p9q7h2',
)
[ info ] [ PARAM ] array (
  '/captcha' => '',
  'id' => '',
)
[ info ] [ RUN ] think\captcha\CaptchaController->index[ D:\web\hshop2\vendor\topthink\think-captcha\src\CaptchaController.php ]
[ info ] [ SESSION ] INIT array (
  'type' => '',
  'auto_start' => true,
)
[ info ] [ LOG ] INIT File
---------------------------------------------------------------
[ 2020-12-21T11:23:33+08:00 ] 117.136.100.127 GET shop.demolink.top/favicon.ico
[运行时间：0.030000s] [吞吐率：33.33req/s] [内存消耗：1,372.66kb] [文件加载：33]
[ info ] [ LANG ] D:\web\hshop2\thinkphp\lang\zh-cn.php
[ info ] [ ROUTE ] array (
  'type' => 'module',
  'module' => 
  array (
    0 => 'favicon',
    1 => NULL,
    2 => NULL,
  ),
)
[ info ] [ HEADER ] array (
  'host' => 'shop.demolink.top',
  'connection' => 'keep-alive',
  'user-agent' => 'Mozilla/5.0 (Linux; U; Android 10; zh-CN; TAS-AN00 Build/HUAWEITAS-AN00) AppleWebKit/537.36 (KHTML, like Gecko) Version/4.0 Chrome/78.0.3904.108 UCBrowser/13.1.9.1099 Mobile Safari/537.36',
  'accept' => 'image/webp,image/apng,image/*,*/*;q=0.8',
  'referer' => 'http://shop.demolink.top/index/Login/login',
  'accept-encoding' => 'gzip, deflate',
  'accept-language' => 'zh-CN,zh;q=0.9,en-US;q=0.8,en;q=0.7',
  'cookie' => 'PHPSESSID=e22l63g5u6jc91dl0dp4p9q7h2',
)
[ info ] [ PARAM ] array (
  '/favicon_ico' => '',
)
[ info ] [ LOG ] INIT File
---------------------------------------------------------------
[ 2020-12-21T11:23:34+08:00 ] 117.136.100.127 GET shop.demolink.top/favicon.ico
[运行时间：0.030000s] [吞吐率：33.33req/s] [内存消耗：1,372.52kb] [文件加载：33]
[ info ] [ LANG ] D:\web\hshop2\thinkphp\lang\zh-cn.php
[ info ] [ ROUTE ] array (
  'type' => 'module',
  'module' => 
  array (
    0 => 'favicon',
    1 => NULL,
    2 => NULL,
  ),
)
[ info ] [ HEADER ] array (
  'host' => 'shop.demolink.top',
  'connection' => 'keep-alive',
  'user-agent' => 'Mozilla/5.0 (Linux; U; Android 10; zh-CN; TAS-AN00 Build/HUAWEITAS-AN00) AppleWebKit/537.36 (KHTML, like Gecko) Version/4.0 Chrome/78.0.3904.108 UCBrowser/13.1.9.1099 Mobile Safari/537.36',
  'accept' => 'image/webp,image/apng,image/*,*/*;q=0.8',
  'referer' => 'http://shop.demolink.top/',
  'accept-encoding' => 'gzip, deflate',
  'accept-language' => 'zh-CN,zh;q=0.9,en-US;q=0.8,en;q=0.7',
  'cookie' => 'PHPSESSID=e22l63g5u6jc91dl0dp4p9q7h2',
)
[ info ] [ PARAM ] array (
  '/favicon_ico' => '',
)
[ info ] [ LOG ] INIT File
---------------------------------------------------------------
[ 2020-12-21T11:23:58+08:00 ] 117.136.100.127 POST shop.demolink.top/index/Login/login
[运行时间：0.080000s] [吞吐率：12.50req/s] [内存消耗：3,091.80kb] [文件加载：52]
[ info ] [ LANG ] D:\web\hshop2\thinkphp\lang\zh-cn.php
[ info ] [ ROUTE ] array (
  'type' => 'module',
  'module' => 
  array (
    0 => 'index',
    1 => 'Login',
    2 => 'login',
  ),
)
[ info ] [ HEADER ] array (
  'host' => 'shop.demolink.top',
  'connection' => 'keep-alive',
  'content-length' => '53',
  'accept' => '*/*',
  'origin' => 'http://shop.demolink.top',
  'x-requested-with' => 'XMLHttpRequest',
  'user-agent' => 'Mozilla/5.0 (Linux; U; Android 10; zh-CN; TAS-AN00 Build/HUAWEITAS-AN00) AppleWebKit/537.36 (KHTML, like Gecko) Version/4.0 Chrome/78.0.3904.108 UCBrowser/13.1.9.1099 Mobile Safari/537.36',
  'content-type' => 'application/x-www-form-urlencoded; charset=UTF-8',
  'referer' => 'http://shop.demolink.top/index/Login/login',
  'accept-encoding' => 'gzip, deflate',
  'accept-language' => 'zh-CN,zh;q=0.9,en-US;q=0.8,en;q=0.7',
  'cookie' => 'PHPSESSID=e22l63g5u6jc91dl0dp4p9q7h2',
)
[ info ] [ PARAM ] array (
  '/index/Login/login' => '',
  'user_phone' => '13211111111',
  'user_pass' => '111111',
  'captcha' => '58655',
)
[ info ] [ CACHE ] INIT File
[ info ] [ RUN ] app\index\controller\Login->login[ D:\web\hshop2\shop\index\controller\Login.php ]
[ info ] [ DB ] INIT mysql
[ info ] [ SESSION ] INIT array (
  'type' => '',
  'auto_start' => true,
)
[ info ] [ LOG ] INIT File
---------------------------------------------------------------
[ 2020-12-21T11:23:58+08:00 ] 117.136.100.127 GET shop.demolink.top/index/index/pcenter
[运行时间：0.060000s] [吞吐率：16.67req/s] [内存消耗：2,977.84kb] [文件加载：51]
[ info ] [ LANG ] D:\web\hshop2\thinkphp\lang\zh-cn.php
[ info ] [ ROUTE ] array (
  'type' => 'module',
  'module' => 
  array (
    0 => 'index',
    1 => 'index',
    2 => 'pcenter',
  ),
)
[ info ] [ HEADER ] array (
  'host' => 'shop.demolink.top',
  'connection' => 'keep-alive',
  'upgrade-insecure-requests' => '1',
  'user-agent' => 'Mozilla/5.0 (Linux; U; Android 10; zh-CN; TAS-AN00 Build/HUAWEITAS-AN00) AppleWebKit/537.36 (KHTML, like Gecko) Version/4.0 Chrome/78.0.3904.108 UCBrowser/13.1.9.1099 Mobile Safari/537.36',
  'accept' => 'text/html,application/xhtml+xml,application/xml;q=0.9,image/webp,image/apng,*/*;q=0.8,application/signed-exchange;v=b3',
  'x-ucbrowser-ua' => 'dv(TAS-AN00);pr(UCBrowser/13.1.9.1099);ov(Android 10);ss(360*714);pi(1080*2143);bt(YZ);pm(0);bv(1);nm(0);im(0);sr(0);nt(1);',
  'referer' => 'http://shop.demolink.top/index/Login/login',
  'accept-encoding' => 'gzip, deflate',
  'accept-language' => 'zh-CN,zh;q=0.9,en-US;q=0.8,en;q=0.7',
  'cookie' => 'PHPSESSID=e22l63g5u6jc91dl0dp4p9q7h2',
)
[ info ] [ PARAM ] array (
  '/index/index/pcenter' => '',
)
[ info ] [ DB ] INIT mysql
[ info ] [ SESSION ] INIT array (
  'type' => '',
  'auto_start' => true,
)
[ info ] [ RUN ] app\index\controller\Index->pcenter[ D:\web\hshop2\shop\index\controller\Index.php ]
[ info ] [ VIEW ] ./themes/default/index/index\pcenter.html [ array (
  0 => 'upgrade_conditions',
  1 => 'user_name',
  2 => 'user_phone',
  3 => 'user_photo',
  4 => 'vip_grade',
  5 => 'user_id',
) ]
[ info ] [ LOG ] INIT File
---------------------------------------------------------------
[ 2020-12-21T11:23:59+08:00 ] 117.136.100.127 GET shop.demolink.top/favicon.ico
[运行时间：0.030000s] [吞吐率：33.33req/s] [内存消耗：1,372.65kb] [文件加载：33]
[ info ] [ LANG ] D:\web\hshop2\thinkphp\lang\zh-cn.php
[ info ] [ ROUTE ] array (
  'type' => 'module',
  'module' => 
  array (
    0 => 'favicon',
    1 => NULL,
    2 => NULL,
  ),
)
[ info ] [ HEADER ] array (
  'host' => 'shop.demolink.top',
  'connection' => 'keep-alive',
  'user-agent' => 'Mozilla/5.0 (Linux; U; Android 10; zh-CN; TAS-AN00 Build/HUAWEITAS-AN00) AppleWebKit/537.36 (KHTML, like Gecko) Version/4.0 Chrome/78.0.3904.108 UCBrowser/13.1.9.1099 Mobile Safari/537.36',
  'accept' => 'image/webp,image/apng,image/*,*/*;q=0.8',
  'referer' => 'http://shop.demolink.top/index/index/pcenter',
  'accept-encoding' => 'gzip, deflate',
  'accept-language' => 'zh-CN,zh;q=0.9,en-US;q=0.8,en;q=0.7',
  'cookie' => 'PHPSESSID=e22l63g5u6jc91dl0dp4p9q7h2',
)
[ info ] [ PARAM ] array (
  '/favicon_ico' => '',
)
[ info ] [ LOG ] INIT File
---------------------------------------------------------------
[ 2020-12-21T11:24:05+08:00 ] 117.136.100.127 GET shop.demolink.top/index/Index/index
[运行时间：0.160000s] [吞吐率：6.25req/s] [内存消耗：2,975.33kb] [文件加载：49]
[ info ] [ LANG ] D:\web\hshop2\thinkphp\lang\zh-cn.php
[ info ] [ ROUTE ] array (
  'type' => 'module',
  'module' => 
  array (
    0 => 'index',
    1 => 'Index',
    2 => 'index',
  ),
)
[ info ] [ HEADER ] array (
  'host' => 'shop.demolink.top',
  'connection' => 'keep-alive',
  'upgrade-insecure-requests' => '1',
  'user-agent' => 'Mozilla/5.0 (Linux; U; Android 10; zh-CN; TAS-AN00 Build/HUAWEITAS-AN00) AppleWebKit/537.36 (KHTML, like Gecko) Version/4.0 Chrome/78.0.3904.108 UCBrowser/13.1.9.1099 Mobile Safari/537.36',
  'accept' => 'text/html,application/xhtml+xml,application/xml;q=0.9,image/webp,image/apng,*/*;q=0.8,application/signed-exchange;v=b3',
  'x-ucbrowser-ua' => 'dv(TAS-AN00);pr(UCBrowser/13.1.9.1099);ov(Android 10);ss(360*714);pi(1080*2143);bt(YZ);pm(0);bv(1);nm(0);im(0);sr(0);nt(1);',
  'referer' => 'http://shop.demolink.top/index/index/pcenter',
  'accept-encoding' => 'gzip, deflate',
  'accept-language' => 'zh-CN,zh;q=0.9,en-US;q=0.8,en;q=0.7',
  'cookie' => 'PHPSESSID=e22l63g5u6jc91dl0dp4p9q7h2',
)
[ info ] [ PARAM ] array (
  '/index/Index/index' => '',
)
[ info ] [ DB ] INIT mysql
[ info ] [ SESSION ] INIT array (
  'type' => '',
  'auto_start' => true,
)
[ info ] [ RUN ] app\index\controller\Index->index[ D:\web\hshop2\shop\index\controller\Index.php ]
[ info ] [ VIEW ] ./themes/default/index/index\index.html [ array (
  0 => 'upgrade_conditions',
  1 => 'brand',
  2 => 'guesslike',
  3 => 'newlist',
  4 => 'popular',
  5 => 'frontend_images',
  6 => 'ggao',
  7 => 'pic',
) ]
[ info ] [ LOG ] INIT File
---------------------------------------------------------------
[ 2020-12-21T11:24:05+08:00 ] 117.136.100.127 GET shop.demolink.top/favicon.ico
[运行时间：0.020000s] [吞吐率：50.00req/s] [内存消耗：1,372.65kb] [文件加载：33]
[ info ] [ LANG ] D:\web\hshop2\thinkphp\lang\zh-cn.php
[ info ] [ ROUTE ] array (
  'type' => 'module',
  'module' => 
  array (
    0 => 'favicon',
    1 => NULL,
    2 => NULL,
  ),
)
[ info ] [ HEADER ] array (
  'host' => 'shop.demolink.top',
  'connection' => 'keep-alive',
  'user-agent' => 'Mozilla/5.0 (Linux; U; Android 10; zh-CN; TAS-AN00 Build/HUAWEITAS-AN00) AppleWebKit/537.36 (KHTML, like Gecko) Version/4.0 Chrome/78.0.3904.108 UCBrowser/13.1.9.1099 Mobile Safari/537.36',
  'accept' => 'image/webp,image/apng,image/*,*/*;q=0.8',
  'referer' => 'http://shop.demolink.top/index/Index/index',
  'accept-encoding' => 'gzip, deflate',
  'accept-language' => 'zh-CN,zh;q=0.9,en-US;q=0.8,en;q=0.7',
  'cookie' => 'PHPSESSID=e22l63g5u6jc91dl0dp4p9q7h2',
)
[ info ] [ PARAM ] array (
  '/favicon_ico' => '',
)
[ info ] [ LOG ] INIT File
---------------------------------------------------------------
[ 2020-12-21T11:24:20+08:00 ] 117.136.100.127 GET shop.demolink.top/index/Goods/details/id/40
[运行时间：0.160000s] [吞吐率：6.25req/s] [内存消耗：2,929.80kb] [文件加载：53]
[ info ] [ LANG ] D:\web\hshop2\thinkphp\lang\zh-cn.php
[ info ] [ ROUTE ] array (
  'type' => 'module',
  'module' => 
  array (
    0 => 'index',
    1 => 'Goods',
    2 => 'details',
  ),
)
[ info ] [ HEADER ] array (
  'host' => 'shop.demolink.top',
  'connection' => 'keep-alive',
  'upgrade-insecure-requests' => '1',
  'user-agent' => 'Mozilla/5.0 (Linux; U; Android 10; zh-CN; TAS-AN00 Build/HUAWEITAS-AN00) AppleWebKit/537.36 (KHTML, like Gecko) Version/4.0 Chrome/78.0.3904.108 UCBrowser/13.1.9.1099 Mobile Safari/537.36',
  'accept' => 'text/html,application/xhtml+xml,application/xml;q=0.9,image/webp,image/apng,*/*;q=0.8,application/signed-exchange;v=b3',
  'x-ucbrowser-ua' => 'dv(TAS-AN00);pr(UCBrowser/13.1.9.1099);ov(Android 10);ss(360*714);pi(1080*2143);bt(YZ);pm(0);bv(1);nm(0);im(0);sr(0);nt(1);',
  'referer' => 'http://shop.demolink.top/index/Index/index',
  'accept-encoding' => 'gzip, deflate',
  'accept-language' => 'zh-CN,zh;q=0.9,en-US;q=0.8,en;q=0.7',
  'cookie' => 'PHPSESSID=e22l63g5u6jc91dl0dp4p9q7h2',
)
[ info ] [ PARAM ] array (
  '/index/Goods/details/id/40' => '',
  'id' => '40',
)
[ info ] [ CACHE ] INIT File
[ info ] [ SESSION ] INIT array (
  'type' => '',
  'auto_start' => true,
)
[ info ] [ DB ] INIT mysql
[ info ] [ RUN ] app\index\controller\Goods->details[ D:\web\hshop2\shop\index\controller\Goods.php ]
[ info ] [ VIEW ] ./themes/default/index/goods\details.html [ array (
  0 => 'top_nav',
  1 => 'my_vip_grade',
  2 => 'qiangg',
  3 => 'vip_grade',
  4 => 'goods',
  5 => 'goods_image',
  6 => 'goods_discount',
  7 => 'attribute',
  8 => 'goods_description',
  9 => 'goods_brand',
  10 => 'cartnum',
) ]
[ info ] [ LOG ] INIT File
---------------------------------------------------------------
[ 2020-12-21T11:24:22+08:00 ] 117.136.100.127 GET shop.demolink.top/favicon.ico
[运行时间：0.030000s] [吞吐率：33.33req/s] [内存消耗：1,372.64kb] [文件加载：33]
[ info ] [ LANG ] D:\web\hshop2\thinkphp\lang\zh-cn.php
[ info ] [ ROUTE ] array (
  'type' => 'module',
  'module' => 
  array (
    0 => 'favicon',
    1 => NULL,
    2 => NULL,
  ),
)
[ info ] [ HEADER ] array (
  'host' => 'shop.demolink.top',
  'connection' => 'keep-alive',
  'user-agent' => 'Mozilla/5.0 (Linux; U; Android 10; zh-CN; TAS-AN00 Build/HUAWEITAS-AN00) AppleWebKit/537.36 (KHTML, like Gecko) Version/4.0 Chrome/78.0.3904.108 UCBrowser/13.1.9.1099 Mobile Safari/537.36',
  'accept' => 'image/webp,image/apng,image/*,*/*;q=0.8',
  'referer' => 'http://shop.demolink.top/index/Goods/details/id/40',
  'accept-encoding' => 'gzip, deflate',
  'accept-language' => 'zh-CN,zh;q=0.9,en-US;q=0.8,en;q=0.7',
  'cookie' => 'PHPSESSID=e22l63g5u6jc91dl0dp4p9q7h2',
)
[ info ] [ PARAM ] array (
  '/favicon_ico' => '',
)
[ info ] [ LOG ] INIT File
---------------------------------------------------------------
[ 2020-12-21T11:24:38+08:00 ] 117.136.100.127 GET shop.demolink.top/index/Goods/goods_list/cate_id/3
[运行时间：0.090000s] [吞吐率：11.11req/s] [内存消耗：2,955.75kb] [文件加载：53]
[ info ] [ LANG ] D:\web\hshop2\thinkphp\lang\zh-cn.php
[ info ] [ ROUTE ] array (
  'type' => 'module',
  'module' => 
  array (
    0 => 'index',
    1 => 'Goods',
    2 => 'goods_list',
  ),
)
[ info ] [ HEADER ] array (
  'host' => 'shop.demolink.top',
  'connection' => 'keep-alive',
  'upgrade-insecure-requests' => '1',
  'user-agent' => 'Mozilla/5.0 (Linux; U; Android 10; zh-CN; TAS-AN00 Build/HUAWEITAS-AN00) AppleWebKit/537.36 (KHTML, like Gecko) Version/4.0 Chrome/78.0.3904.108 UCBrowser/13.1.9.1099 Mobile Safari/537.36',
  'accept' => 'text/html,application/xhtml+xml,application/xml;q=0.9,image/webp,image/apng,*/*;q=0.8,application/signed-exchange;v=b3',
  'x-ucbrowser-ua' => 'dv(TAS-AN00);pr(UCBrowser/13.1.9.1099);ov(Android 10);ss(360*714);pi(1080*2143);bt(YZ);pm(0);bv(1);nm(0);im(0);sr(0);nt(1);',
  'referer' => 'http://shop.demolink.top/index/Index/index',
  'accept-encoding' => 'gzip, deflate',
  'accept-language' => 'zh-CN,zh;q=0.9,en-US;q=0.8,en;q=0.7',
  'cookie' => 'PHPSESSID=e22l63g5u6jc91dl0dp4p9q7h2',
)
[ info ] [ PARAM ] array (
  '/index/Goods/goods_list/cate_id/3' => '',
  'cate_id' => '3',
)
[ info ] [ CACHE ] INIT File
[ info ] [ SESSION ] INIT array (
  'type' => '',
  'auto_start' => true,
)
[ info ] [ DB ] INIT mysql
[ info ] [ RUN ] app\index\controller\Goods->goods_list[ D:\web\hshop2\shop\index\controller\Goods.php ]
[ info ] [ VIEW ] ./themes/default/index/goods\goods_list.html [ array (
  0 => 'top_nav',
  1 => 'my_vip_grade',
  2 => 'title',
  3 => 'pic',
  4 => 'list',
) ]
[ info ] [ LOG ] INIT File
---------------------------------------------------------------
[ 2020-12-21T11:24:38+08:00 ] 117.136.100.127 GET shop.demolink.top/favicon.ico
[运行时间：0.030000s] [吞吐率：33.33req/s] [内存消耗：1,372.67kb] [文件加载：33]
[ info ] [ LANG ] D:\web\hshop2\thinkphp\lang\zh-cn.php
[ info ] [ ROUTE ] array (
  'type' => 'module',
  'module' => 
  array (
    0 => 'favicon',
    1 => NULL,
    2 => NULL,
  ),
)
[ info ] [ HEADER ] array (
  'host' => 'shop.demolink.top',
  'connection' => 'keep-alive',
  'user-agent' => 'Mozilla/5.0 (Linux; U; Android 10; zh-CN; TAS-AN00 Build/HUAWEITAS-AN00) AppleWebKit/537.36 (KHTML, like Gecko) Version/4.0 Chrome/78.0.3904.108 UCBrowser/13.1.9.1099 Mobile Safari/537.36',
  'accept' => 'image/webp,image/apng,image/*,*/*;q=0.8',
  'referer' => 'http://shop.demolink.top/index/Goods/goods_list/cate_id/3',
  'accept-encoding' => 'gzip, deflate',
  'accept-language' => 'zh-CN,zh;q=0.9,en-US;q=0.8,en;q=0.7',
  'cookie' => 'PHPSESSID=e22l63g5u6jc91dl0dp4p9q7h2',
)
[ info ] [ PARAM ] array (
  '/favicon_ico' => '',
)
[ info ] [ LOG ] INIT File
---------------------------------------------------------------
[ 2020-12-21T11:24:44+08:00 ] 117.136.100.127 GET shop.demolink.top/index/Goods/details/id/34
[运行时间：0.170000s] [吞吐率：5.88req/s] [内存消耗：2,929.81kb] [文件加载：53]
[ info ] [ LANG ] D:\web\hshop2\thinkphp\lang\zh-cn.php
[ info ] [ ROUTE ] array (
  'type' => 'module',
  'module' => 
  array (
    0 => 'index',
    1 => 'Goods',
    2 => 'details',
  ),
)
[ info ] [ HEADER ] array (
  'host' => 'shop.demolink.top',
  'connection' => 'keep-alive',
  'upgrade-insecure-requests' => '1',
  'user-agent' => 'Mozilla/5.0 (Linux; U; Android 10; zh-CN; TAS-AN00 Build/HUAWEITAS-AN00) AppleWebKit/537.36 (KHTML, like Gecko) Version/4.0 Chrome/78.0.3904.108 UCBrowser/13.1.9.1099 Mobile Safari/537.36',
  'accept' => 'text/html,application/xhtml+xml,application/xml;q=0.9,image/webp,image/apng,*/*;q=0.8,application/signed-exchange;v=b3',
  'x-ucbrowser-ua' => 'dv(TAS-AN00);pr(UCBrowser/13.1.9.1099);ov(Android 10);ss(360*714);pi(1080*2143);bt(YZ);pm(0);bv(1);nm(0);im(0);sr(0);nt(1);',
  'referer' => 'http://shop.demolink.top/index/Goods/goods_list/cate_id/3',
  'accept-encoding' => 'gzip, deflate',
  'accept-language' => 'zh-CN,zh;q=0.9,en-US;q=0.8,en;q=0.7',
  'cookie' => 'PHPSESSID=e22l63g5u6jc91dl0dp4p9q7h2',
)
[ info ] [ PARAM ] array (
  '/index/Goods/details/id/34' => '',
  'id' => '34',
)
[ info ] [ CACHE ] INIT File
[ info ] [ SESSION ] INIT array (
  'type' => '',
  'auto_start' => true,
)
[ info ] [ DB ] INIT mysql
[ info ] [ RUN ] app\index\controller\Goods->details[ D:\web\hshop2\shop\index\controller\Goods.php ]
[ info ] [ VIEW ] ./themes/default/index/goods\details.html [ array (
  0 => 'top_nav',
  1 => 'my_vip_grade',
  2 => 'qiangg',
  3 => 'vip_grade',
  4 => 'goods',
  5 => 'goods_image',
  6 => 'goods_discount',
  7 => 'attribute',
  8 => 'goods_description',
  9 => 'goods_brand',
  10 => 'cartnum',
) ]
[ info ] [ LOG ] INIT File
---------------------------------------------------------------
[ 2020-12-21T11:24:44+08:00 ] 117.136.100.127 GET shop.demolink.top/index/Goods/details/id/32
[运行时间：0.170000s] [吞吐率：5.88req/s] [内存消耗：2,929.80kb] [文件加载：53]
[ info ] [ LANG ] D:\web\hshop2\thinkphp\lang\zh-cn.php
[ info ] [ ROUTE ] array (
  'type' => 'module',
  'module' => 
  array (
    0 => 'index',
    1 => 'Goods',
    2 => 'details',
  ),
)
[ info ] [ HEADER ] array (
  'host' => 'shop.demolink.top',
  'connection' => 'keep-alive',
  'upgrade-insecure-requests' => '1',
  'user-agent' => 'Mozilla/5.0 (Linux; U; Android 10; zh-CN; TAS-AN00 Build/HUAWEITAS-AN00) AppleWebKit/537.36 (KHTML, like Gecko) Version/4.0 Chrome/78.0.3904.108 UCBrowser/13.1.9.1099 Mobile Safari/537.36',
  'accept' => 'text/html,application/xhtml+xml,application/xml;q=0.9,image/webp,image/apng,*/*;q=0.8,application/signed-exchange;v=b3',
  'x-ucbrowser-ua' => 'dv(TAS-AN00);pr(UCBrowser/13.1.9.1099);ov(Android 10);ss(360*714);pi(1080*2143);bt(YZ);pm(0);bv(1);nm(0);im(0);sr(0);nt(1);',
  'referer' => 'http://shop.demolink.top/index/Goods/goods_list/cate_id/3',
  'accept-encoding' => 'gzip, deflate',
  'accept-language' => 'zh-CN,zh;q=0.9,en-US;q=0.8,en;q=0.7',
  'cookie' => 'PHPSESSID=e22l63g5u6jc91dl0dp4p9q7h2',
)
[ info ] [ PARAM ] array (
  '/index/Goods/details/id/32' => '',
  'id' => '32',
)
[ info ] [ CACHE ] INIT File
[ info ] [ SESSION ] INIT array (
  'type' => '',
  'auto_start' => true,
)
[ info ] [ DB ] INIT mysql
[ info ] [ RUN ] app\index\controller\Goods->details[ D:\web\hshop2\shop\index\controller\Goods.php ]
[ info ] [ VIEW ] ./themes/default/index/goods\details.html [ array (
  0 => 'top_nav',
  1 => 'my_vip_grade',
  2 => 'qiangg',
  3 => 'vip_grade',
  4 => 'goods',
  5 => 'goods_image',
  6 => 'goods_discount',
  7 => 'attribute',
  8 => 'goods_description',
  9 => 'goods_brand',
  10 => 'cartnum',
) ]
[ info ] [ LOG ] INIT File
---------------------------------------------------------------
[ 2020-12-21T11:24:45+08:00 ] 117.136.100.127 GET shop.demolink.top/favicon.ico
[运行时间：0.030000s] [吞吐率：33.33req/s] [内存消耗：1,372.64kb] [文件加载：33]
[ info ] [ LANG ] D:\web\hshop2\thinkphp\lang\zh-cn.php
[ info ] [ ROUTE ] array (
  'type' => 'module',
  'module' => 
  array (
    0 => 'favicon',
    1 => NULL,
    2 => NULL,
  ),
)
[ info ] [ HEADER ] array (
  'host' => 'shop.demolink.top',
  'connection' => 'keep-alive',
  'user-agent' => 'Mozilla/5.0 (Linux; U; Android 10; zh-CN; TAS-AN00 Build/HUAWEITAS-AN00) AppleWebKit/537.36 (KHTML, like Gecko) Version/4.0 Chrome/78.0.3904.108 UCBrowser/13.1.9.1099 Mobile Safari/537.36',
  'accept' => 'image/webp,image/apng,image/*,*/*;q=0.8',
  'referer' => 'http://shop.demolink.top/index/Goods/details/id/32',
  'accept-encoding' => 'gzip, deflate',
  'accept-language' => 'zh-CN,zh;q=0.9,en-US;q=0.8,en;q=0.7',
  'cookie' => 'PHPSESSID=e22l63g5u6jc91dl0dp4p9q7h2',
)
[ info ] [ PARAM ] array (
  '/favicon_ico' => '',
)
[ info ] [ LOG ] INIT File
