---------------------------------------------------------------
[ 2021-01-27T10:20:21+08:00 ] 127.0.0.1 GET hshop.com/admin/Login/login
[运行时间：0.665039s] [吞吐率：1.50req/s] [内存消耗：1,512.94kb] [文件加载：41]
[ info ] [ LANG ] E:\hshop\thinkphp\lang\zh-cn.php
[ info ] [ ROUTE ] array (
  'type' => 'module',
  'module' => 
  array (
    0 => 'admin',
    1 => 'Login',
    2 => 'login',
  ),
)
[ info ] [ HEADER ] array (
  'accept-language' => 'zh-CN,zh;q=0.9,en;q=0.8,la;q=0.7,und;q=0.6',
  'accept-encoding' => 'gzip, deflate',
  'accept' => 'text/html,application/xhtml+xml,application/xml;q=0.9,image/avif,image/webp,image/apng,*/*;q=0.8,application/signed-exchange;v=b3;q=0.9',
  'user-agent' => 'Mozilla/5.0 (Windows NT 6.1; Win64; x64) AppleWebKit/537.36 (KHTML, like Gecko) Chrome/86.0.4240.198 Safari/537.36',
  'upgrade-insecure-requests' => '1',
  'connection' => 'close',
  'host' => 'hshop.com',
)
[ info ] [ PARAM ] array (
  '/admin/Login/login' => '',
)
[ info ] [ CACHE ] INIT File
[ info ] [ RUN ] app\admin\controller\Login->login[ E:\hshop\shop\admin\controller\Login.php ]
[ info ] [ SESSION ] INIT array (
  'type' => '',
  'auto_start' => true,
)
[ info ] [ VIEW ] ./shop/admin\view\public\login.html [ array (
) ]
[ info ] [ LOG ] INIT File
---------------------------------------------------------------
[ 2021-01-27T10:20:22+08:00 ] 127.0.0.1 GET hshop.com/favicon.ico
[运行时间：0.140625s] [吞吐率：7.11req/s] [内存消耗：1,114.05kb] [文件加载：30]
[ info ] [ LANG ] E:\hshop\thinkphp\lang\zh-cn.php
[ info ] [ ROUTE ] array (
  'type' => 'module',
  'module' => 
  array (
    0 => 'favicon',
    1 => NULL,
    2 => NULL,
  ),
)
[ info ] [ HEADER ] array (
  'cookie' => 'PHPSESSID=ceageap0fgvlu9p3cbt92pp5o5',
  'accept-language' => 'zh-CN,zh;q=0.9,en;q=0.8,la;q=0.7,und;q=0.6',
  'accept-encoding' => 'gzip, deflate',
  'referer' => 'http://hshop.com/admin/Login/login',
  'accept' => 'image/avif,image/webp,image/apng,image/*,*/*;q=0.8',
  'user-agent' => 'Mozilla/5.0 (Windows NT 6.1; Win64; x64) AppleWebKit/537.36 (KHTML, like Gecko) Chrome/86.0.4240.198 Safari/537.36',
  'connection' => 'close',
  'host' => 'hshop.com',
)
[ info ] [ PARAM ] array (
  '/favicon_ico' => '',
)
[ info ] [ LOG ] INIT File
---------------------------------------------------------------
[ 2021-01-27T10:20:31+08:00 ] 127.0.0.1 POST hshop.com/admin/Login/login
[运行时间：1.010743s] [吞吐率：0.99req/s] [内存消耗：2,140.02kb] [文件加载：49]
[ info ] [ LANG ] E:\hshop\thinkphp\lang\zh-cn.php
[ info ] [ ROUTE ] array (
  'type' => 'module',
  'module' => 
  array (
    0 => 'admin',
    1 => 'Login',
    2 => 'login',
  ),
)
[ info ] [ HEADER ] array (
  'cookie' => 'PHPSESSID=ceageap0fgvlu9p3cbt92pp5o5',
  'accept-language' => 'zh-CN,zh;q=0.9,en;q=0.8,la;q=0.7,und;q=0.6',
  'accept-encoding' => 'gzip, deflate',
  'referer' => 'http://hshop.com/admin/Login/login',
  'origin' => 'http://hshop.com',
  'content-type' => 'application/x-www-form-urlencoded; charset=UTF-8',
  'user-agent' => 'Mozilla/5.0 (Windows NT 6.1; Win64; x64) AppleWebKit/537.36 (KHTML, like Gecko) Chrome/86.0.4240.198 Safari/537.36',
  'x-requested-with' => 'XMLHttpRequest',
  'accept' => 'application/json, text/javascript, */*; q=0.01',
  'content-length' => '32',
  'connection' => 'close',
  'host' => 'hshop.com',
)
[ info ] [ PARAM ] array (
  '/admin/Login/login' => '',
  'username' => 'admin',
  'password' => 'admin888',
)
[ info ] [ CACHE ] INIT File
[ info ] [ RUN ] app\admin\controller\Login->login[ E:\hshop\shop\admin\controller\Login.php ]
[ info ] [ DB ] INIT mysql
[ info ] [ SESSION ] INIT array (
  'type' => '',
  'auto_start' => true,
)
[ info ] [ LOG ] INIT File
---------------------------------------------------------------
[ 2021-01-27T10:20:32+08:00 ] 127.0.0.1 GET hshop.com/admin/Index/index
[运行时间：0.864258s] [吞吐率：1.16req/s] [内存消耗：2,468.48kb] [文件加载：53]
[ info ] [ LANG ] E:\hshop\thinkphp\lang\zh-cn.php
[ info ] [ ROUTE ] array (
  'type' => 'module',
  'module' => 
  array (
    0 => 'admin',
    1 => 'Index',
    2 => 'index',
  ),
)
[ info ] [ HEADER ] array (
  'cookie' => 'PHPSESSID=ceageap0fgvlu9p3cbt92pp5o5',
  'accept-language' => 'zh-CN,zh;q=0.9,en;q=0.8,la;q=0.7,und;q=0.6',
  'accept-encoding' => 'gzip, deflate',
  'referer' => 'http://hshop.com/admin/Login/login',
  'accept' => 'text/html,application/xhtml+xml,application/xml;q=0.9,image/avif,image/webp,image/apng,*/*;q=0.8,application/signed-exchange;v=b3;q=0.9',
  'user-agent' => 'Mozilla/5.0 (Windows NT 6.1; Win64; x64) AppleWebKit/537.36 (KHTML, like Gecko) Chrome/86.0.4240.198 Safari/537.36',
  'upgrade-insecure-requests' => '1',
  'connection' => 'close',
  'host' => 'hshop.com',
)
[ info ] [ PARAM ] array (
  '/admin/Index/index' => '',
)
[ info ] [ CACHE ] INIT File
[ info ] [ SESSION ] INIT array (
  'type' => '',
  'auto_start' => true,
)
[ info ] [ DB ] INIT mysql
[ info ] [ RUN ] app\admin\controller\Index->index[ E:\hshop\shop\admin\controller\Index.php ]
[ info ] [ VIEW ] ./shop/admin\view\index\index.html [ array (
  0 => 'admin_menu',
  1 => 'total_order',
  2 => 'today_order',
  3 => 'total_money',
  4 => 'today_money',
  5 => 'user_action_total',
  6 => 'today_user_action',
  7 => 'today_member',
  8 => 'member_count',
  9 => 'user_action',
  10 => 'uc_empty',
  11 => 'order_list',
  12 => 'empty',
) ]
[ info ] [ LOG ] INIT File
---------------------------------------------------------------
[ 2021-01-27T10:20:32+08:00 ] 127.0.0.1 POST hshop.com/admin/Login/login
[运行时间：0.202149s] [吞吐率：4.95req/s] [内存消耗：2,140.23kb] [文件加载：49]
[ info ] [ LANG ] E:\hshop\thinkphp\lang\zh-cn.php
[ info ] [ ROUTE ] array (
  'type' => 'module',
  'module' => 
  array (
    0 => 'admin',
    1 => 'Login',
    2 => 'login',
  ),
)
[ info ] [ HEADER ] array (
  'cookie' => 'PHPSESSID=ceageap0fgvlu9p3cbt92pp5o5',
  'accept-language' => 'zh-CN,zh;q=0.9,en;q=0.8,la;q=0.7,und;q=0.6',
  'accept-encoding' => 'gzip, deflate',
  'referer' => 'http://hshop.com/admin/Login/login',
  'origin' => 'http://hshop.com',
  'content-type' => 'application/x-www-form-urlencoded; charset=UTF-8',
  'user-agent' => 'Mozilla/5.0 (Windows NT 6.1; Win64; x64) AppleWebKit/537.36 (KHTML, like Gecko) Chrome/86.0.4240.198 Safari/537.36',
  'x-requested-with' => 'XMLHttpRequest',
  'accept' => 'application/json, text/javascript, */*; q=0.01',
  'content-length' => '32',
  'connection' => 'close',
  'host' => 'hshop.com',
)
[ info ] [ PARAM ] array (
  '/admin/Login/login' => '',
  'username' => 'admin',
  'password' => 'admin888',
)
[ info ] [ CACHE ] INIT File
[ info ] [ RUN ] app\admin\controller\Login->login[ E:\hshop\shop\admin\controller\Login.php ]
[ info ] [ DB ] INIT mysql
[ info ] [ SESSION ] INIT array (
  'type' => '',
  'auto_start' => true,
)
[ info ] [ LOG ] INIT File
---------------------------------------------------------------
[ 2021-01-27T10:20:37+08:00 ] 127.0.0.1 GET hshop.com/member/member_backend/index
[运行时间：0.201172s] [吞吐率：4.97req/s] [内存消耗：2,368.76kb] [文件加载：53]
[ info ] [ LANG ] E:\hshop\thinkphp\lang\zh-cn.php
[ info ] [ ROUTE ] array (
  'type' => 'module',
  'module' => 
  array (
    0 => 'member',
    1 => 'member_backend',
    2 => 'index',
  ),
)
[ info ] [ HEADER ] array (
  'cookie' => 'PHPSESSID=ceageap0fgvlu9p3cbt92pp5o5',
  'accept-language' => 'zh-CN,zh;q=0.9,en;q=0.8,la;q=0.7,und;q=0.6',
  'accept-encoding' => 'gzip, deflate',
  'referer' => 'http://hshop.com/admin/Index/index',
  'accept' => 'text/html,application/xhtml+xml,application/xml;q=0.9,image/avif,image/webp,image/apng,*/*;q=0.8,application/signed-exchange;v=b3;q=0.9',
  'user-agent' => 'Mozilla/5.0 (Windows NT 6.1; Win64; x64) AppleWebKit/537.36 (KHTML, like Gecko) Chrome/86.0.4240.198 Safari/537.36',
  'upgrade-insecure-requests' => '1',
  'connection' => 'close',
  'host' => 'hshop.com',
)
[ info ] [ PARAM ] array (
  '/member/member_backend/index' => '',
)
[ info ] [ CACHE ] INIT File
[ info ] [ SESSION ] INIT array (
  'type' => '',
  'auto_start' => true,
)
[ info ] [ DB ] INIT mysql
[ info ] [ RUN ] app\member\controller\MemberBackend->index[ E:\hshop\shop\member\controller\MemberBackend.php ]
[ info ] [ VIEW ] ./themes/default/member/member_backend\index.html [ array (
  0 => 'admin_menu',
  1 => 'breadcrumb1',
  2 => 'breadcrumb2',
  3 => 'ordinary',
  4 => 'distribution',
  5 => 'district_agent',
  6 => 'join_in',
  7 => 'vip_grade',
  8 => 'list',
  9 => 'items',
  10 => 'empty',
) ]
[ info ] [ LOG ] INIT File
---------------------------------------------------------------
[ 2021-01-27T10:20:39+08:00 ] 127.0.0.1 GET hshop.com/member/MemberBackend/adminlogin/id/123
[运行时间：0.259766s] [吞吐率：3.85req/s] [内存消耗：2,423.81kb] [文件加载：51]
[ info ] [ LANG ] E:\hshop\thinkphp\lang\zh-cn.php
[ info ] [ ROUTE ] array (
  'type' => 'module',
  'module' => 
  array (
    0 => 'member',
    1 => 'MemberBackend',
    2 => 'adminlogin',
  ),
)
[ info ] [ HEADER ] array (
  'cookie' => 'PHPSESSID=ceageap0fgvlu9p3cbt92pp5o5',
  'accept-language' => 'zh-CN,zh;q=0.9,en;q=0.8,la;q=0.7,und;q=0.6',
  'accept-encoding' => 'gzip, deflate',
  'referer' => 'http://hshop.com/member/member_backend/index',
  'accept' => 'text/html,application/xhtml+xml,application/xml;q=0.9,image/avif,image/webp,image/apng,*/*;q=0.8,application/signed-exchange;v=b3;q=0.9',
  'user-agent' => 'Mozilla/5.0 (Windows NT 6.1; Win64; x64) AppleWebKit/537.36 (KHTML, like Gecko) Chrome/86.0.4240.198 Safari/537.36',
  'upgrade-insecure-requests' => '1',
  'connection' => 'close',
  'host' => 'hshop.com',
)
[ info ] [ PARAM ] array (
  '/member/MemberBackend/adminlogin/id/123' => '',
  'id' => '123',
)
[ info ] [ CACHE ] INIT File
[ info ] [ SESSION ] INIT array (
  'type' => '',
  'auto_start' => true,
)
[ info ] [ DB ] INIT mysql
[ info ] [ RUN ] app\member\controller\MemberBackend->adminlogin[ E:\hshop\shop\member\controller\MemberBackend.php ]
[ info ] [ LOG ] INIT File
---------------------------------------------------------------
[ 2021-01-27T10:20:39+08:00 ] 127.0.0.1 GET hshop.com/index/Index/pcenter
[运行时间：0.190430s] [吞吐率：5.25req/s] [内存消耗：2,337.46kb] [文件加载：48]
[ info ] [ LANG ] E:\hshop\thinkphp\lang\zh-cn.php
[ info ] [ ROUTE ] array (
  'type' => 'module',
  'module' => 
  array (
    0 => 'index',
    1 => 'Index',
    2 => 'pcenter',
  ),
)
[ info ] [ HEADER ] array (
  'cookie' => 'PHPSESSID=ceageap0fgvlu9p3cbt92pp5o5',
  'accept-language' => 'zh-CN,zh;q=0.9,en;q=0.8,la;q=0.7,und;q=0.6',
  'accept-encoding' => 'gzip, deflate',
  'referer' => 'http://hshop.com/member/member_backend/index',
  'accept' => 'text/html,application/xhtml+xml,application/xml;q=0.9,image/avif,image/webp,image/apng,*/*;q=0.8,application/signed-exchange;v=b3;q=0.9',
  'user-agent' => 'Mozilla/5.0 (Windows NT 6.1; Win64; x64) AppleWebKit/537.36 (KHTML, like Gecko) Chrome/86.0.4240.198 Safari/537.36',
  'upgrade-insecure-requests' => '1',
  'connection' => 'close',
  'host' => 'hshop.com',
)
[ info ] [ PARAM ] array (
  '/index/Index/pcenter' => '',
)
[ info ] [ DB ] INIT mysql
[ info ] [ SESSION ] INIT array (
  'type' => '',
  'auto_start' => true,
)
[ info ] [ RUN ] app\index\controller\Index->pcenter[ E:\hshop\shop\index\controller\Index.php ]
[ info ] [ VIEW ] ./themes/default/index/index\pcenter.html [ array (
  0 => 'upgrade_conditions',
  1 => 'user_name',
  2 => 'user_phone',
  3 => 'user_photo',
  4 => 'vip_grade',
  5 => 'user_id',
) ]
[ info ] [ LOG ] INIT File
---------------------------------------------------------------
[ 2021-01-27T10:20:42+08:00 ] 127.0.0.1 GET hshop.com/index/Index/index
[运行时间：0.399414s] [吞吐率：2.50req/s] [内存消耗：2,272.15kb] [文件加载：46]
[ info ] [ LANG ] E:\hshop\thinkphp\lang\zh-cn.php
[ info ] [ ROUTE ] array (
  'type' => 'module',
  'module' => 
  array (
    0 => 'index',
    1 => 'Index',
    2 => 'index',
  ),
)
[ info ] [ HEADER ] array (
  'cookie' => 'PHPSESSID=ceageap0fgvlu9p3cbt92pp5o5',
  'accept-language' => 'zh-CN,zh;q=0.9,en;q=0.8,la;q=0.7,und;q=0.6',
  'accept-encoding' => 'gzip, deflate',
  'referer' => 'http://hshop.com/index/Index/pcenter',
  'accept' => 'text/html,application/xhtml+xml,application/xml;q=0.9,image/avif,image/webp,image/apng,*/*;q=0.8,application/signed-exchange;v=b3;q=0.9',
  'user-agent' => 'Mozilla/5.0 (Windows NT 6.1; Win64; x64) AppleWebKit/537.36 (KHTML, like Gecko) Chrome/86.0.4240.198 Safari/537.36',
  'upgrade-insecure-requests' => '1',
  'connection' => 'close',
  'host' => 'hshop.com',
)
[ info ] [ PARAM ] array (
  '/index/Index/index' => '',
)
[ info ] [ DB ] INIT mysql
[ info ] [ SESSION ] INIT array (
  'type' => '',
  'auto_start' => true,
)
[ info ] [ RUN ] app\index\controller\Index->index[ E:\hshop\shop\index\controller\Index.php ]
[ info ] [ VIEW ] ./themes/default/index/index\index.html [ array (
  0 => 'upgrade_conditions',
  1 => 'brand',
  2 => 'guesslike',
  3 => 'newlist',
  4 => 'popular',
  5 => 'frontend_images',
  6 => 'ggao',
  7 => 'pic',
) ]
[ info ] [ LOG ] INIT File
---------------------------------------------------------------
[ 2021-01-27T10:20:45+08:00 ] 127.0.0.1 GET hshop.com/index/Index/pcenter
[运行时间：0.067383s] [吞吐率：14.84req/s] [内存消耗：2,337.45kb] [文件加载：48]
[ info ] [ LANG ] E:\hshop\thinkphp\lang\zh-cn.php
[ info ] [ ROUTE ] array (
  'type' => 'module',
  'module' => 
  array (
    0 => 'index',
    1 => 'Index',
    2 => 'pcenter',
  ),
)
[ info ] [ HEADER ] array (
  'cookie' => 'PHPSESSID=ceageap0fgvlu9p3cbt92pp5o5',
  'accept-language' => 'zh-CN,zh;q=0.9,en;q=0.8,la;q=0.7,und;q=0.6',
  'accept-encoding' => 'gzip, deflate',
  'referer' => 'http://hshop.com/index/Index/index',
  'accept' => 'text/html,application/xhtml+xml,application/xml;q=0.9,image/avif,image/webp,image/apng,*/*;q=0.8,application/signed-exchange;v=b3;q=0.9',
  'user-agent' => 'Mozilla/5.0 (Linux; Android 6.0; Nexus 5 Build/MRA58N) AppleWebKit/537.36 (KHTML, like Gecko) Chrome/86.0.4240.198 Mobile Safari/537.36',
  'upgrade-insecure-requests' => '1',
  'connection' => 'close',
  'host' => 'hshop.com',
)
[ info ] [ PARAM ] array (
  '/index/Index/pcenter' => '',
)
[ info ] [ DB ] INIT mysql
[ info ] [ SESSION ] INIT array (
  'type' => '',
  'auto_start' => true,
)
[ info ] [ RUN ] app\index\controller\Index->pcenter[ E:\hshop\shop\index\controller\Index.php ]
[ info ] [ VIEW ] ./themes/default/index/index\pcenter.html [ array (
  0 => 'upgrade_conditions',
  1 => 'user_name',
  2 => 'user_phone',
  3 => 'user_photo',
  4 => 'vip_grade',
  5 => 'user_id',
) ]
[ info ] [ LOG ] INIT File
---------------------------------------------------------------
[ 2021-01-27T10:20:46+08:00 ] 127.0.0.1 GET hshop.com/index/Index/pcenter
[运行时间：0.060547s] [吞吐率：16.52req/s] [内存消耗：2,337.45kb] [文件加载：48]
[ info ] [ LANG ] E:\hshop\thinkphp\lang\zh-cn.php
[ info ] [ ROUTE ] array (
  'type' => 'module',
  'module' => 
  array (
    0 => 'index',
    1 => 'Index',
    2 => 'pcenter',
  ),
)
[ info ] [ HEADER ] array (
  'cookie' => 'PHPSESSID=ceageap0fgvlu9p3cbt92pp5o5',
  'accept-language' => 'zh-CN,zh;q=0.9,en;q=0.8,la;q=0.7,und;q=0.6',
  'accept-encoding' => 'gzip, deflate',
  'referer' => 'http://hshop.com/index/Index/pcenter',
  'accept' => 'text/html,application/xhtml+xml,application/xml;q=0.9,image/avif,image/webp,image/apng,*/*;q=0.8,application/signed-exchange;v=b3;q=0.9',
  'user-agent' => 'Mozilla/5.0 (Linux; Android 6.0; Nexus 5 Build/MRA58N) AppleWebKit/537.36 (KHTML, like Gecko) Chrome/86.0.4240.198 Mobile Safari/537.36',
  'upgrade-insecure-requests' => '1',
  'connection' => 'close',
  'host' => 'hshop.com',
)
[ info ] [ PARAM ] array (
  '/index/Index/pcenter' => '',
)
[ info ] [ DB ] INIT mysql
[ info ] [ SESSION ] INIT array (
  'type' => '',
  'auto_start' => true,
)
[ info ] [ RUN ] app\index\controller\Index->pcenter[ E:\hshop\shop\index\controller\Index.php ]
[ info ] [ VIEW ] ./themes/default/index/index\pcenter.html [ array (
  0 => 'upgrade_conditions',
  1 => 'user_name',
  2 => 'user_phone',
  3 => 'user_photo',
  4 => 'vip_grade',
  5 => 'user_id',
) ]
[ info ] [ LOG ] INIT File
---------------------------------------------------------------
[ 2021-01-27T10:20:48+08:00 ] 127.0.0.1 GET hshop.com/index/Index/classify
[运行时间：0.083008s] [吞吐率：12.05req/s] [内存消耗：2,121.34kb] [文件加载：46]
[ info ] [ LANG ] E:\hshop\thinkphp\lang\zh-cn.php
[ info ] [ ROUTE ] array (
  'type' => 'module',
  'module' => 
  array (
    0 => 'index',
    1 => 'Index',
    2 => 'classify',
  ),
)
[ info ] [ HEADER ] array (
  'cookie' => 'PHPSESSID=ceageap0fgvlu9p3cbt92pp5o5',
  'accept-language' => 'zh-CN,zh;q=0.9,en;q=0.8,la;q=0.7,und;q=0.6',
  'accept-encoding' => 'gzip, deflate',
  'referer' => 'http://hshop.com/index/Index/pcenter',
  'accept' => 'text/html,application/xhtml+xml,application/xml;q=0.9,image/avif,image/webp,image/apng,*/*;q=0.8,application/signed-exchange;v=b3;q=0.9',
  'user-agent' => 'Mozilla/5.0 (Linux; Android 6.0; Nexus 5 Build/MRA58N) AppleWebKit/537.36 (KHTML, like Gecko) Chrome/86.0.4240.198 Mobile Safari/537.36',
  'upgrade-insecure-requests' => '1',
  'connection' => 'close',
  'host' => 'hshop.com',
)
[ info ] [ PARAM ] array (
  '/index/Index/classify' => '',
)
[ info ] [ DB ] INIT mysql
[ info ] [ SESSION ] INIT array (
  'type' => '',
  'auto_start' => true,
)
[ info ] [ RUN ] app\index\controller\Index->classify[ E:\hshop\shop\index\controller\Index.php ]
[ info ] [ VIEW ] ./themes/default/index/index\classify.html [ array (
  0 => 'upgrade_conditions',
) ]
[ info ] [ LOG ] INIT File
---------------------------------------------------------------
[ 2021-01-27T10:20:49+08:00 ] 127.0.0.1 POST hshop.com/index/Index/classify
[运行时间：0.109375s] [吞吐率：9.14req/s] [内存消耗：2,078.06kb] [文件加载：45]
[ info ] [ LANG ] E:\hshop\thinkphp\lang\zh-cn.php
[ info ] [ ROUTE ] array (
  'type' => 'module',
  'module' => 
  array (
    0 => 'index',
    1 => 'Index',
    2 => 'classify',
  ),
)
[ info ] [ HEADER ] array (
  'cookie' => 'PHPSESSID=ceageap0fgvlu9p3cbt92pp5o5',
  'accept-language' => 'zh-CN,zh;q=0.9,en;q=0.8,la;q=0.7,und;q=0.6',
  'accept-encoding' => 'gzip, deflate',
  'referer' => 'http://hshop.com/index/Index/classify',
  'origin' => 'http://hshop.com',
  'content-type' => 'application/x-www-form-urlencoded; charset=UTF-8',
  'user-agent' => 'Mozilla/5.0 (Linux; Android 6.0; Nexus 5 Build/MRA58N) AppleWebKit/537.36 (KHTML, like Gecko) Chrome/86.0.4240.198 Mobile Safari/537.36',
  'x-requested-with' => 'XMLHttpRequest',
  'accept' => '*/*',
  'content-length' => '6',
  'connection' => 'close',
  'host' => 'hshop.com',
)
[ info ] [ PARAM ] array (
  '/index/Index/classify' => '',
  'type' => '1',
)
[ info ] [ DB ] INIT mysql
[ info ] [ SESSION ] INIT array (
  'type' => '',
  'auto_start' => true,
)
[ info ] [ RUN ] app\index\controller\Index->classify[ E:\hshop\shop\index\controller\Index.php ]
[ info ] [ LOG ] INIT File
---------------------------------------------------------------
[ 2021-01-27T10:20:49+08:00 ] 127.0.0.1 POST hshop.com/index/Index/classify
[运行时间：0.083007s] [吞吐率：12.05req/s] [内存消耗：2,137.49kb] [文件加载：45]
[ info ] [ LANG ] E:\hshop\thinkphp\lang\zh-cn.php
[ info ] [ ROUTE ] array (
  'type' => 'module',
  'module' => 
  array (
    0 => 'index',
    1 => 'Index',
    2 => 'classify',
  ),
)
[ info ] [ HEADER ] array (
  'cookie' => 'PHPSESSID=ceageap0fgvlu9p3cbt92pp5o5',
  'accept-language' => 'zh-CN,zh;q=0.9,en;q=0.8,la;q=0.7,und;q=0.6',
  'accept-encoding' => 'gzip, deflate',
  'referer' => 'http://hshop.com/index/Index/classify',
  'origin' => 'http://hshop.com',
  'content-type' => 'application/x-www-form-urlencoded; charset=UTF-8',
  'user-agent' => 'Mozilla/5.0 (Linux; Android 6.0; Nexus 5 Build/MRA58N) AppleWebKit/537.36 (KHTML, like Gecko) Chrome/86.0.4240.198 Mobile Safari/537.36',
  'x-requested-with' => 'XMLHttpRequest',
  'accept' => '*/*',
  'content-length' => '11',
  'connection' => 'close',
  'host' => 'hshop.com',
)
[ info ] [ PARAM ] array (
  '/index/Index/classify' => '',
  'type' => '2',
  'id' => '0',
)
[ info ] [ DB ] INIT mysql
[ info ] [ SESSION ] INIT array (
  'type' => '',
  'auto_start' => true,
)
[ info ] [ RUN ] app\index\controller\Index->classify[ E:\hshop\shop\index\controller\Index.php ]
[ info ] [ LOG ] INIT File
---------------------------------------------------------------
[ 2021-01-27T10:20:50+08:00 ] 127.0.0.1 GET hshop.com/index/Index/shpcart
[运行时间：0.104492s] [吞吐率：9.57req/s] [内存消耗：2,148.64kb] [文件加载：46]
[ info ] [ LANG ] E:\hshop\thinkphp\lang\zh-cn.php
[ info ] [ ROUTE ] array (
  'type' => 'module',
  'module' => 
  array (
    0 => 'index',
    1 => 'Index',
    2 => 'shpcart',
  ),
)
[ info ] [ HEADER ] array (
  'cookie' => 'PHPSESSID=ceageap0fgvlu9p3cbt92pp5o5',
  'accept-language' => 'zh-CN,zh;q=0.9,en;q=0.8,la;q=0.7,und;q=0.6',
  'accept-encoding' => 'gzip, deflate',
  'referer' => 'http://hshop.com/index/Index/classify',
  'accept' => 'text/html,application/xhtml+xml,application/xml;q=0.9,image/avif,image/webp,image/apng,*/*;q=0.8,application/signed-exchange;v=b3;q=0.9',
  'user-agent' => 'Mozilla/5.0 (Linux; Android 6.0; Nexus 5 Build/MRA58N) AppleWebKit/537.36 (KHTML, like Gecko) Chrome/86.0.4240.198 Mobile Safari/537.36',
  'upgrade-insecure-requests' => '1',
  'connection' => 'close',
  'host' => 'hshop.com',
)
[ info ] [ PARAM ] array (
  '/index/Index/shpcart' => '',
)
[ info ] [ DB ] INIT mysql
[ info ] [ SESSION ] INIT array (
  'type' => '',
  'auto_start' => true,
)
[ info ] [ RUN ] app\index\controller\Index->shpcart[ E:\hshop\shop\index\controller\Index.php ]
[ info ] [ VIEW ] ./themes/default/index/index\shpcart.html [ array (
  0 => 'upgrade_conditions',
  1 => 'cart',
) ]
[ info ] [ LOG ] INIT File
