---------------------------------------------------------------
[ 2019-11-12T10:02:05+08:00 ] 121.32.178.37 GET ceshi.gdbadi.com/admin/Index/index
[运行时间：0.031200s] [吞吐率：32.05req/s] [内存消耗：1,975.96kb] [文件加载：46]
[ info ] [ LANG ] D:\web\hshop2\thinkphp\lang\zh-cn.php
[ info ] [ ROUTE ] array (
  'type' => 'module',
  'module' => 
  array (
    0 => 'admin',
    1 => 'Index',
    2 => 'index',
  ),
)
[ info ] [ HEADER ] array (
  'host' => 'ceshi.gdbadi.com',
  'connection' => 'keep-alive',
  'upgrade-insecure-requests' => '1',
  'user-agent' => 'Mozilla/5.0 (Linux; Android 9; EVR-AL00 Build/HUAWEIEVR-AL00) AppleWebKit/537.36 (KHTML, like Gecko) Version/4.0 Chrome/70.0.3538.64 HuaweiBrowser/10.0.1.333 Mobile Safari/537.36',
  'accept' => 'text/html,application/xhtml+xml,application/xml;q=0.9,image/webp,image/apng,*/*;q=0.8',
  'accept-encoding' => 'gzip, deflate',
  'accept-language' => 'zh-CN,en-US;q=0.9',
)
[ info ] [ PARAM ] array (
  '/admin/Index/index' => '',
)
[ info ] [ CACHE ] INIT File
[ info ] [ SESSION ] INIT array (
  'type' => '',
  'auto_start' => true,
)
[ info ] [ LOG ] INIT File
---------------------------------------------------------------
[ 2019-11-12T10:02:05+08:00 ] 121.32.178.37 GET ceshi.gdbadi.com/admin/Login/login
[运行时间：0.031200s] [吞吐率：32.05req/s] [内存消耗：1,902.99kb] [文件加载：44]
[ info ] [ LANG ] D:\web\hshop2\thinkphp\lang\zh-cn.php
[ info ] [ ROUTE ] array (
  'type' => 'module',
  'module' => 
  array (
    0 => 'admin',
    1 => 'Login',
    2 => 'login',
  ),
)
[ info ] [ HEADER ] array (
  'host' => 'ceshi.gdbadi.com',
  'connection' => 'keep-alive',
  'upgrade-insecure-requests' => '1',
  'user-agent' => 'Mozilla/5.0 (Linux; Android 9; EVR-AL00 Build/HUAWEIEVR-AL00) AppleWebKit/537.36 (KHTML, like Gecko) Version/4.0 Chrome/70.0.3538.64 HuaweiBrowser/10.0.1.333 Mobile Safari/537.36',
  'accept' => 'text/html,application/xhtml+xml,application/xml;q=0.9,image/webp,image/apng,*/*;q=0.8',
  'accept-encoding' => 'gzip, deflate',
  'accept-language' => 'zh-CN,en-US;q=0.9',
  'cookie' => 'PHPSESSID=8ehgsn47q5u1v7nni1dodd52a4',
)
[ info ] [ PARAM ] array (
  '/admin/Login/login' => '',
)
[ info ] [ CACHE ] INIT File
[ info ] [ RUN ] app\admin\controller\Login->login[ D:\web\hshop2\shop\admin\controller\Login.php ]
[ info ] [ SESSION ] INIT array (
  'type' => '',
  'auto_start' => true,
)
[ info ] [ VIEW ] ./shop/admin\view\public\login.html [ array (
) ]
[ info ] [ LOG ] INIT File
---------------------------------------------------------------
[ 2019-11-12T10:02:05+08:00 ] 121.32.178.37 GET ceshi.gdbadi.com/favicon.ico
[运行时间：0.015600s] [吞吐率：64.10req/s] [内存消耗：1,372.55kb] [文件加载：33]
[ info ] [ LANG ] D:\web\hshop2\thinkphp\lang\zh-cn.php
[ info ] [ ROUTE ] array (
  'type' => 'module',
  'module' => 
  array (
    0 => 'favicon',
    1 => NULL,
    2 => NULL,
  ),
)
[ info ] [ HEADER ] array (
  'host' => 'ceshi.gdbadi.com',
  'connection' => 'keep-alive',
  'user-agent' => 'Mozilla/5.0 (Linux; Android 9; EVR-AL00 Build/HUAWEIEVR-AL00) AppleWebKit/537.36 (KHTML, like Gecko) Version/4.0 Chrome/70.0.3538.64 HuaweiBrowser/10.0.1.333 Mobile Safari/537.36',
  'accept' => 'image/webp,image/apng,image/*,*/*;q=0.8',
  'referer' => 'http://ceshi.gdbadi.com/admin/Login/login',
  'accept-encoding' => 'gzip, deflate',
  'accept-language' => 'zh-CN,en-US;q=0.9',
  'cookie' => 'PHPSESSID=8ehgsn47q5u1v7nni1dodd52a4',
)
[ info ] [ PARAM ] array (
  '/favicon_ico' => '',
)
[ info ] [ LOG ] INIT File
---------------------------------------------------------------
[ 2019-11-12T10:02:12+08:00 ] 180.163.220.66 GET ceshi.gdbadi.com/
[运行时间：0.109200s] [吞吐率：9.16req/s] [内存消耗：2,964.52kb] [文件加载：49]
[ info ] [ LANG ] D:\web\hshop2\thinkphp\lang\zh-cn.php
[ info ] [ ROUTE ] array (
  'type' => 'module',
  'module' => 
  array (
    0 => '',
    1 => NULL,
    2 => NULL,
  ),
)
[ info ] [ HEADER ] array (
  'host' => 'ceshi.gdbadi.com',
  'connection' => 'keep-alive',
  'pragma' => 'no-cache',
  'cache-control' => 'no-cache',
  'upgrade-insecure-requests' => '1',
  'user-agent' => 'Mozilla/5.0 (Linux; U; Android 8.1.0; zh-CN; EML-AL00 Build/HUAWEIEML-AL00) AppleWebKit/537.36 (KHTML, like Gecko) Version/4.0 Chrome/57.0.2987.108 baidu.sogo.uc.UCBrowser/11.9.4.974 UWS/2.13.1.48 Mobile Safari/537.36 AliApp(DingTalk/4.5.11) com.alibaba.android.rimet/10487439 Channel/227200 language/zh-CN',
  'accept' => 'text/html,application/xhtml+xml,application/xml;q=0.9,image/webp,image/apng,*/*;q=0.8',
  'referer' => 'http://baidu.com/',
  'accept-encoding' => 'gzip, deflate',
)
[ info ] [ PARAM ] array (
)
[ info ] [ DB ] INIT mysql
[ info ] [ SESSION ] INIT array (
  'type' => '',
  'auto_start' => true,
)
[ info ] [ RUN ] app\index\controller\Index->index[ D:\web\hshop2\shop\index\controller\Index.php ]
[ info ] [ VIEW ] ./themes/default/index/index\index.html [ array (
  0 => 'upgrade_conditions',
  1 => 'brand',
  2 => 'guesslike',
  3 => 'newlist',
  4 => 'popular',
  5 => 'frontend_images',
  6 => 'ggao',
  7 => 'pic',
) ]
[ info ] [ LOG ] INIT File
---------------------------------------------------------------
[ 2019-11-12T11:20:02+08:00 ] 101.91.60.11 GET ceshi.gdbadi.com/admin/Index/index
[运行时间：0.031200s] [吞吐率：32.05req/s] [内存消耗：1,974.59kb] [文件加载：46]
[ info ] [ LANG ] D:\web\hshop2\thinkphp\lang\zh-cn.php
[ info ] [ ROUTE ] array (
  'type' => 'module',
  'module' => 
  array (
    0 => 'admin',
    1 => 'Index',
    2 => 'index',
  ),
)
[ info ] [ HEADER ] array (
  'user-agent' => 'Mozilla/5.0 (Windows NT 6.1; WOW64) AppleWebKit/537.36 (KHTML, like Gecko) Chrome/43.0.2357.124 Safari/537.36',
  'accept' => '*/*',
  'accept-language' => 'zh-CN,zh;q=0.8,en-US;q=0.6,en;q=0.4',
  'host' => 'ceshi.gdbadi.com',
  'connection' => 'keep-alive',
)
[ info ] [ PARAM ] array (
  '/admin/Index/index' => '',
)
[ info ] [ CACHE ] INIT File
[ info ] [ SESSION ] INIT array (
  'type' => '',
  'auto_start' => true,
)
[ info ] [ LOG ] INIT File
