---------------------------------------------------------------
[ 2019-11-16T18:22:35+08:00 ] 121.33.20.122 GET ceshi.gdbadi.com/admin/Login/login
[运行时间：0.031200s] [吞吐率：32.05req/s] [内存消耗：1,903.53kb] [文件加载：44]
[ info ] [ LANG ] D:\web\hshop2\thinkphp\lang\zh-cn.php
[ info ] [ ROUTE ] array (
  'type' => 'module',
  'module' => 
  array (
    0 => 'admin',
    1 => 'Login',
    2 => 'login',
  ),
)
[ info ] [ HEADER ] array (
  'host' => 'ceshi.gdbadi.com',
  'connection' => 'keep-alive',
  'upgrade-insecure-requests' => '1',
  'user-agent' => 'Mozilla/5.0 (Windows NT 10.0; WOW64) AppleWebKit/537.36 (KHTML, like Gecko) Chrome/53.0.2785.116 Safari/537.36 QBCore/4.0.1219.400 QQBrowser/9.0.2524.400 Mozilla/5.0 (Windows NT 6.1; WOW64) AppleWebKit/537.36 (KHTML, like Gecko) Chrome/39.0.2171.95 Safari/537.36 MicroMessenger/6.5.2.501 NetType/WIFI WindowsWechat',
  'accept' => 'text/html,application/xhtml+xml,application/xml;q=0.9,image/webp,*/*;q=0.8',
  'accept-encoding' => 'gzip, deflate',
  'accept-language' => 'zh-CN,zh;q=0.8,en-US;q=0.6,en;q=0.5;q=0.4',
)
[ info ] [ PARAM ] array (
  '/admin/Login/login' => '',
)
[ info ] [ CACHE ] INIT File
[ info ] [ RUN ] app\admin\controller\Login->login[ D:\web\hshop2\shop\admin\controller\Login.php ]
[ info ] [ SESSION ] INIT array (
  'type' => '',
  'auto_start' => true,
)
[ info ] [ VIEW ] ./shop/admin\view\public\login.html [ array (
) ]
[ info ] [ LOG ] INIT File
---------------------------------------------------------------
[ 2019-11-16T18:23:34+08:00 ] 61.129.6.251 GET ceshi.gdbadi.com/admin/Login/login
[运行时间：0.031200s] [吞吐率：32.05req/s] [内存消耗：1,901.86kb] [文件加载：44]
[ info ] [ LANG ] D:\web\hshop2\thinkphp\lang\zh-cn.php
[ info ] [ ROUTE ] array (
  'type' => 'module',
  'module' => 
  array (
    0 => 'admin',
    1 => 'Login',
    2 => 'login',
  ),
)
[ info ] [ HEADER ] array (
  'user-agent' => 'Mozilla/5.0 (iPhone; CPU iPhone OS 10_2_1 like Mac OS X) AppleWebKit/602.4.6 (KHTML, like Gecko) Mobile/14D27 MicroMessenger/6.5.5 NetType/WIFI Language/en',
  'accept' => '*/*',
  'accept-language' => 'zh-CN,zh;q=0.8,en-US;q=0.6,en;q=0.4',
  'host' => 'ceshi.gdbadi.com',
  'connection' => 'keep-alive',
)
[ info ] [ PARAM ] array (
  '/admin/Login/login' => '',
)
[ info ] [ CACHE ] INIT File
[ info ] [ RUN ] app\admin\controller\Login->login[ D:\web\hshop2\shop\admin\controller\Login.php ]
[ info ] [ SESSION ] INIT array (
  'type' => '',
  'auto_start' => true,
)
[ info ] [ VIEW ] ./shop/admin\view\public\login.html [ array (
) ]
[ info ] [ LOG ] INIT File
