---------------------------------------------------------------
[ 2019-11-28T10:14:24+08:00 ] 119.131.153.33 GET ceshi.gdbadi.com/member/member_backend/index
[运行时间：0.109200s] [吞吐率：9.16req/s] [内存消耗：2,997.34kb] [文件加载：56]
[ info ] [ LANG ] D:\web\hshop2\thinkphp\lang\zh-cn.php
[ info ] [ ROUTE ] array (
  'type' => 'module',
  'module' => 
  array (
    0 => 'member',
    1 => 'member_backend',
    2 => 'index',
  ),
)
[ info ] [ HEADER ] array (
  'host' => 'ceshi.gdbadi.com',
  'connection' => 'keep-alive',
  'upgrade-insecure-requests' => '1',
  'user-agent' => 'Mozilla/5.0 (Windows NT 10.0; Win64; x64) AppleWebKit/537.36 (KHTML, like Gecko) Chrome/78.0.3904.108 Safari/537.36',
  'accept' => 'text/html,application/xhtml+xml,application/xml;q=0.9,image/webp,image/apng,*/*;q=0.8,application/signed-exchange;v=b3',
  'referer' => 'http://ceshi.gdbadi.com/member/MemberBackend/edit/id/123',
  'accept-encoding' => 'gzip, deflate',
  'accept-language' => 'zh-CN,zh;q=0.9',
  'cookie' => 'PHPSESSID=lkcapnj1fv4luiqnst9uvr22t5',
)
[ info ] [ PARAM ] array (
  '/member/member_backend/index' => '',
)
[ info ] [ CACHE ] INIT File
[ info ] [ SESSION ] INIT array (
  'type' => '',
  'auto_start' => true,
)
[ info ] [ DB ] INIT mysql
[ info ] [ RUN ] app\member\controller\MemberBackend->index[ D:\web\hshop2\shop\member\controller\MemberBackend.php ]
[ info ] [ VIEW ] ./themes/default/member/member_backend\index.html [ array (
  0 => 'admin_menu',
  1 => 'breadcrumb1',
  2 => 'breadcrumb2',
  3 => 'ordinary',
  4 => 'distribution',
  5 => 'district_agent',
  6 => 'join_in',
  7 => 'vip_grade',
  8 => 'list',
  9 => 'items',
  10 => 'empty',
) ]
[ info ] [ LOG ] INIT File
---------------------------------------------------------------
[ 2019-11-28T10:14:25+08:00 ] 119.131.153.33 GET ceshi.gdbadi.com/favicon.ico
[运行时间：0.031200s] [吞吐率：32.05req/s] [内存消耗：1,372.27kb] [文件加载：33]
[ info ] [ LANG ] D:\web\hshop2\thinkphp\lang\zh-cn.php
[ info ] [ ROUTE ] array (
  'type' => 'module',
  'module' => 
  array (
    0 => 'favicon',
    1 => NULL,
    2 => NULL,
  ),
)
[ info ] [ HEADER ] array (
  'host' => 'ceshi.gdbadi.com',
  'connection' => 'keep-alive',
  'user-agent' => 'Mozilla/5.0 (Windows NT 10.0; Win64; x64) AppleWebKit/537.36 (KHTML, like Gecko) Chrome/78.0.3904.108 Safari/537.36',
  'accept' => 'image/webp,image/apng,image/*,*/*;q=0.8',
  'referer' => 'http://ceshi.gdbadi.com/member/member_backend/index',
  'accept-encoding' => 'gzip, deflate',
  'accept-language' => 'zh-CN,zh;q=0.9',
  'cookie' => 'PHPSESSID=lkcapnj1fv4luiqnst9uvr22t5',
)
[ info ] [ PARAM ] array (
  '/favicon_ico' => '',
)
[ info ] [ LOG ] INIT File
---------------------------------------------------------------
[ 2019-11-28T10:14:27+08:00 ] 119.131.153.33 GET ceshi.gdbadi.com/index/Index/pcenter
[运行时间：0.093600s] [吞吐率：10.68req/s] [内存消耗：2,977.58kb] [文件加载：51]
[ info ] [ LANG ] D:\web\hshop2\thinkphp\lang\zh-cn.php
[ info ] [ ROUTE ] array (
  'type' => 'module',
  'module' => 
  array (
    0 => 'index',
    1 => 'Index',
    2 => 'pcenter',
  ),
)
[ info ] [ HEADER ] array (
  'host' => 'ceshi.gdbadi.com',
  'connection' => 'keep-alive',
  'upgrade-insecure-requests' => '1',
  'user-agent' => 'Mozilla/5.0 (Windows NT 10.0; Win64; x64) AppleWebKit/537.36 (KHTML, like Gecko) Chrome/78.0.3904.108 Safari/537.36',
  'accept' => 'text/html,application/xhtml+xml,application/xml;q=0.9,image/webp,image/apng,*/*;q=0.8,application/signed-exchange;v=b3',
  'referer' => 'http://ceshi.gdbadi.com/index/Index/shpcart',
  'accept-encoding' => 'gzip, deflate',
  'accept-language' => 'zh-CN,zh;q=0.9',
  'cookie' => 'PHPSESSID=lkcapnj1fv4luiqnst9uvr22t5',
)
[ info ] [ PARAM ] array (
  '/index/Index/pcenter' => '',
)
[ info ] [ DB ] INIT mysql
[ info ] [ SESSION ] INIT array (
  'type' => '',
  'auto_start' => true,
)
[ info ] [ RUN ] app\index\controller\Index->pcenter[ D:\web\hshop2\shop\index\controller\Index.php ]
[ info ] [ VIEW ] ./themes/default/index/index\pcenter.html [ array (
  0 => 'upgrade_conditions',
  1 => 'user_name',
  2 => 'user_phone',
  3 => 'user_photo',
  4 => 'vip_grade',
  5 => 'user_id',
) ]
[ info ] [ LOG ] INIT File
---------------------------------------------------------------
[ 2019-11-28T10:14:29+08:00 ] 119.131.153.33 GET ceshi.gdbadi.com/index/Index/pcenter
[运行时间：0.062400s] [吞吐率：16.03req/s] [内存消耗：2,976.88kb] [文件加载：51]
[ info ] [ LANG ] D:\web\hshop2\thinkphp\lang\zh-cn.php
[ info ] [ ROUTE ] array (
  'type' => 'module',
  'module' => 
  array (
    0 => 'index',
    1 => 'Index',
    2 => 'pcenter',
  ),
)
[ info ] [ HEADER ] array (
  'host' => 'ceshi.gdbadi.com',
  'connection' => 'keep-alive',
  'user-agent' => 'Mozilla/5.0 (Windows NT 10.0; Win64; x64) AppleWebKit/537.36 (KHTML, like Gecko) Chrome/78.0.3904.108 Safari/537.36',
  'accept' => '*/*',
  'referer' => 'http://ceshi.gdbadi.com/index/Index/shpcart',
  'accept-encoding' => 'gzip, deflate',
  'accept-language' => 'zh-CN,zh;q=0.9',
  'cookie' => 'PHPSESSID=lkcapnj1fv4luiqnst9uvr22t5',
)
[ info ] [ PARAM ] array (
  '/index/Index/pcenter' => '',
)
[ info ] [ DB ] INIT mysql
[ info ] [ SESSION ] INIT array (
  'type' => '',
  'auto_start' => true,
)
[ info ] [ RUN ] app\index\controller\Index->pcenter[ D:\web\hshop2\shop\index\controller\Index.php ]
[ info ] [ VIEW ] ./themes/default/index/index\pcenter.html [ array (
  0 => 'upgrade_conditions',
  1 => 'user_name',
  2 => 'user_phone',
  3 => 'user_photo',
  4 => 'vip_grade',
  5 => 'user_id',
) ]
[ info ] [ LOG ] INIT File
---------------------------------------------------------------
[ 2019-11-28T10:14:29+08:00 ] 119.131.153.33 GET ceshi.gdbadi.com/index/Index/pcenter
[运行时间：0.062400s] [吞吐率：16.03req/s] [内存消耗：2,977.89kb] [文件加载：51]
[ info ] [ LANG ] D:\web\hshop2\thinkphp\lang\zh-cn.php
[ info ] [ ROUTE ] array (
  'type' => 'module',
  'module' => 
  array (
    0 => 'index',
    1 => 'Index',
    2 => 'pcenter',
  ),
)
[ info ] [ HEADER ] array (
  'host' => 'ceshi.gdbadi.com',
  'connection' => 'keep-alive',
  'cache-control' => 'max-age=0',
  'upgrade-insecure-requests' => '1',
  'user-agent' => 'Mozilla/5.0 (iPhone; CPU iPhone OS 11_0 like Mac OS X) AppleWebKit/604.1.38 (KHTML, like Gecko) Version/11.0 Mobile/15A372 Safari/604.1',
  'accept' => 'text/html,application/xhtml+xml,application/xml;q=0.9,image/webp,image/apng,*/*;q=0.8,application/signed-exchange;v=b3',
  'referer' => 'http://ceshi.gdbadi.com/index/Index/shpcart',
  'accept-encoding' => 'gzip, deflate',
  'accept-language' => 'zh-CN,zh;q=0.9',
  'cookie' => 'PHPSESSID=lkcapnj1fv4luiqnst9uvr22t5',
)
[ info ] [ PARAM ] array (
  '/index/Index/pcenter' => '',
)
[ info ] [ DB ] INIT mysql
[ info ] [ SESSION ] INIT array (
  'type' => '',
  'auto_start' => true,
)
[ info ] [ RUN ] app\index\controller\Index->pcenter[ D:\web\hshop2\shop\index\controller\Index.php ]
[ info ] [ VIEW ] ./themes/default/index/index\pcenter.html [ array (
  0 => 'upgrade_conditions',
  1 => 'user_name',
  2 => 'user_phone',
  3 => 'user_photo',
  4 => 'vip_grade',
  5 => 'user_id',
) ]
[ info ] [ LOG ] INIT File
---------------------------------------------------------------
[ 2019-11-28T18:32:05+08:00 ] 42.236.10.75 GET ceshi.gdbadi.com/
[运行时间：0.187200s] [吞吐率：5.34req/s] [内存消耗：2,964.52kb] [文件加载：49]
[ info ] [ LANG ] D:\web\hshop2\thinkphp\lang\zh-cn.php
[ info ] [ ROUTE ] array (
  'type' => 'module',
  'module' => 
  array (
    0 => '',
    1 => NULL,
    2 => NULL,
  ),
)
[ info ] [ HEADER ] array (
  'host' => 'ceshi.gdbadi.com',
  'connection' => 'keep-alive',
  'pragma' => 'no-cache',
  'cache-control' => 'no-cache',
  'upgrade-insecure-requests' => '1',
  'user-agent' => 'Mozilla/5.0 (Linux; U; Android 8.1.0; zh-CN; EML-AL00 Build/HUAWEIEML-AL00) AppleWebKit/537.36 (KHTML, like Gecko) Version/4.0 Chrome/57.0.2987.108 baidu.sogo.uc.UCBrowser/11.9.4.974 UWS/2.13.1.48 Mobile Safari/537.36 AliApp(DingTalk/4.5.11) com.alibaba.android.rimet/10487439 Channel/227200 language/zh-CN',
  'accept' => 'text/html,application/xhtml+xml,application/xml;q=0.9,image/webp,image/apng,*/*;q=0.8',
  'referer' => 'http://baidu.com/',
  'accept-encoding' => 'gzip, deflate',
)
[ info ] [ PARAM ] array (
)
[ info ] [ DB ] INIT mysql
[ info ] [ SESSION ] INIT array (
  'type' => '',
  'auto_start' => true,
)
[ info ] [ RUN ] app\index\controller\Index->index[ D:\web\hshop2\shop\index\controller\Index.php ]
[ info ] [ VIEW ] ./themes/default/index/index\index.html [ array (
  0 => 'upgrade_conditions',
  1 => 'brand',
  2 => 'guesslike',
  3 => 'newlist',
  4 => 'popular',
  5 => 'frontend_images',
  6 => 'ggao',
  7 => 'pic',
) ]
[ info ] [ LOG ] INIT File
---------------------------------------------------------------
[ 2019-11-28T18:32:06+08:00 ] 112.96.199.15 GET ceshi.gdbadi.com/admin/Index/index
[运行时间：0.140400s] [吞吐率：7.12req/s] [内存消耗：3,106.71kb] [文件加载：56]
[ info ] [ LANG ] D:\web\hshop2\thinkphp\lang\zh-cn.php
[ info ] [ ROUTE ] array (
  'type' => 'module',
  'module' => 
  array (
    0 => 'admin',
    1 => 'Index',
    2 => 'index',
  ),
)
[ info ] [ HEADER ] array (
  'host' => 'ceshi.gdbadi.com',
  'connection' => 'keep-alive',
  'upgrade-insecure-requests' => '1',
  'user-agent' => 'Mozilla/5.0 (Linux; Android 9; EVR-AL00 Build/HUAWEIEVR-AL00) AppleWebKit/537.36 (KHTML, like Gecko) Version/4.0 Chrome/70.0.3538.64 HuaweiBrowser/10.0.2.311 Mobile Safari/537.36',
  'accept' => 'text/html,application/xhtml+xml,application/xml;q=0.9,image/webp,image/apng,*/*;q=0.8',
  'accept-encoding' => 'gzip, deflate',
  'accept-language' => 'zh-CN,en-US;q=0.9',
  'cookie' => 'PHPSESSID=dss2f6tpqhn22753ehvavdi9n5',
)
[ info ] [ PARAM ] array (
  '/admin/Index/index' => '',
)
[ info ] [ CACHE ] INIT File
[ info ] [ SESSION ] INIT array (
  'type' => '',
  'auto_start' => true,
)
[ info ] [ DB ] INIT mysql
[ info ] [ RUN ] app\admin\controller\Index->index[ D:\web\hshop2\shop\admin\controller\Index.php ]
[ info ] [ VIEW ] ./shop/admin\view\index\index.html [ array (
  0 => 'admin_menu',
  1 => 'total_order',
  2 => 'today_order',
  3 => 'total_money',
  4 => 'today_money',
  5 => 'user_action_total',
  6 => 'today_user_action',
  7 => 'today_member',
  8 => 'member_count',
  9 => 'user_action',
  10 => 'uc_empty',
  11 => 'order_list',
  12 => 'empty',
) ]
[ info ] [ LOG ] INIT File
---------------------------------------------------------------
[ 2019-11-28T18:54:44+08:00 ] 112.96.199.15 GET ceshi.gdbadi.com/admin/Index/index
[运行时间：0.202800s] [吞吐率：4.93req/s] [内存消耗：3,106.98kb] [文件加载：56]
[ info ] [ LANG ] D:\web\hshop2\thinkphp\lang\zh-cn.php
[ info ] [ ROUTE ] array (
  'type' => 'module',
  'module' => 
  array (
    0 => 'admin',
    1 => 'Index',
    2 => 'index',
  ),
)
[ info ] [ HEADER ] array (
  'host' => 'ceshi.gdbadi.com',
  'connection' => 'keep-alive',
  'cache-control' => 'max-age=0',
  'upgrade-insecure-requests' => '1',
  'user-agent' => 'Mozilla/5.0 (Linux; Android 9; EVR-AL00 Build/HUAWEIEVR-AL00) AppleWebKit/537.36 (KHTML, like Gecko) Version/4.0 Chrome/70.0.3538.64 HuaweiBrowser/10.0.2.311 Mobile Safari/537.36',
  'accept' => 'text/html,application/xhtml+xml,application/xml;q=0.9,image/webp,image/apng,*/*;q=0.8',
  'accept-encoding' => 'gzip, deflate',
  'accept-language' => 'zh-CN,en-US;q=0.9',
  'cookie' => 'PHPSESSID=dss2f6tpqhn22753ehvavdi9n5',
)
[ info ] [ PARAM ] array (
  '/admin/Index/index' => '',
)
[ info ] [ CACHE ] INIT File
[ info ] [ SESSION ] INIT array (
  'type' => '',
  'auto_start' => true,
)
[ info ] [ DB ] INIT mysql
[ info ] [ RUN ] app\admin\controller\Index->index[ D:\web\hshop2\shop\admin\controller\Index.php ]
[ info ] [ VIEW ] ./shop/admin\view\index\index.html [ array (
  0 => 'admin_menu',
  1 => 'total_order',
  2 => 'today_order',
  3 => 'total_money',
  4 => 'today_money',
  5 => 'user_action_total',
  6 => 'today_user_action',
  7 => 'today_member',
  8 => 'member_count',
  9 => 'user_action',
  10 => 'uc_empty',
  11 => 'order_list',
  12 => 'empty',
) ]
[ info ] [ LOG ] INIT File
---------------------------------------------------------------
[ 2019-11-28T18:54:46+08:00 ] 112.96.199.15 GET ceshi.gdbadi.com/favicon.ico
[运行时间：0.031200s] [吞吐率：32.05req/s] [内存消耗：1,372.52kb] [文件加载：33]
[ info ] [ LANG ] D:\web\hshop2\thinkphp\lang\zh-cn.php
[ info ] [ ROUTE ] array (
  'type' => 'module',
  'module' => 
  array (
    0 => 'favicon',
    1 => NULL,
    2 => NULL,
  ),
)
[ info ] [ HEADER ] array (
  'host' => 'ceshi.gdbadi.com',
  'connection' => 'keep-alive',
  'user-agent' => 'Mozilla/5.0 (Linux; Android 9; EVR-AL00 Build/HUAWEIEVR-AL00) AppleWebKit/537.36 (KHTML, like Gecko) Version/4.0 Chrome/70.0.3538.64 HuaweiBrowser/10.0.2.311 Mobile Safari/537.36',
  'accept' => 'image/webp,image/apng,image/*,*/*;q=0.8',
  'referer' => 'http://ceshi.gdbadi.com/admin/Index/index',
  'accept-encoding' => 'gzip, deflate',
  'accept-language' => 'zh-CN,en-US;q=0.9',
  'cookie' => 'PHPSESSID=dss2f6tpqhn22753ehvavdi9n5',
)
[ info ] [ PARAM ] array (
  '/favicon_ico' => '',
)
[ info ] [ LOG ] INIT File
---------------------------------------------------------------
[ 2019-11-28T19:58:55+08:00 ] 36.110.211.5 HEAD ceshi.gdbadi.com/index/user/wallet
[运行时间：0.109200s] [吞吐率：9.16req/s] [内存消耗：2,983.55kb] [文件加载：54]
[ info ] [ LANG ] D:\web\hshop2\thinkphp\lang\zh-cn.php
[ info ] [ ROUTE ] array (
  'type' => 'module',
  'module' => 
  array (
    0 => 'index',
    1 => 'user',
    2 => 'wallet',
  ),
)
[ info ] [ HEADER ] array (
  'host' => 'ceshi.gdbadi.com',
  'user-agent' => 'Mozilla/5.0 (Windows NT 5.1) AppleWebKit/537.36 (KHTML, like Gecko) Chrome/36.0.1985.67 Safari/537.36',
  'accept' => '*/*',
  'accept-encoding' => 'gzip, deflate',
)
[ info ] [ PARAM ] array (
  '/index/user/wallet' => '',
)
[ info ] [ CACHE ] INIT File
[ info ] [ SESSION ] INIT array (
  'type' => '',
  'auto_start' => true,
)
[ info ] [ DB ] INIT mysql
[ info ] [ RUN ] app\index\controller\User->wallet[ D:\web\hshop2\shop\index\controller\User.php ]
[ info ] [ LOG ] INIT File
---------------------------------------------------------------
[ 2019-11-28T20:00:33+08:00 ] 171.13.14.26 GET ceshi.gdbadi.com/index/user/wallet
[运行时间：0.062400s] [吞吐率：16.03req/s] [内存消耗：2,984.72kb] [文件加载：54]
[ info ] [ LANG ] D:\web\hshop2\thinkphp\lang\zh-cn.php
[ info ] [ ROUTE ] array (
  'type' => 'module',
  'module' => 
  array (
    0 => 'index',
    1 => 'user',
    2 => 'wallet',
  ),
)
[ info ] [ HEADER ] array (
  'host' => 'ceshi.gdbadi.com',
  'connection' => 'keep-alive',
  'upgrade-insecure-requests' => '1',
  'user-agent' => 'Mozilla/5.0 (X11; Linux x86_64) AppleWebKit/537.36 (KHTML, like Gecko) HeadlessChrome/77.0.3865.120 Safari/537.36',
  'accept' => 'text/html,application/xhtml+xml,application/xml;q=0.9,image/webp,image/apng,*/*;q=0.8,application/signed-exchange;v=b3',
  'accept-encoding' => 'gzip, deflate',
)
[ info ] [ PARAM ] array (
  '/index/user/wallet' => '',
)
[ info ] [ CACHE ] INIT File
[ info ] [ SESSION ] INIT array (
  'type' => '',
  'auto_start' => true,
)
[ info ] [ DB ] INIT mysql
[ info ] [ RUN ] app\index\controller\User->wallet[ D:\web\hshop2\shop\index\controller\User.php ]
[ info ] [ LOG ] INIT File
---------------------------------------------------------------
[ 2019-11-28T20:00:33+08:00 ] 171.13.14.26 GET ceshi.gdbadi.com/index/Login/login
[运行时间：0.046800s] [吞吐率：21.37req/s] [内存消耗：2,727.17kb] [文件加载：51]
[ info ] [ LANG ] D:\web\hshop2\thinkphp\lang\zh-cn.php
[ info ] [ ROUTE ] array (
  'type' => 'module',
  'module' => 
  array (
    0 => 'index',
    1 => 'Login',
    2 => 'login',
  ),
)
[ info ] [ HEADER ] array (
  'host' => 'ceshi.gdbadi.com',
  'connection' => 'keep-alive',
  'upgrade-insecure-requests' => '1',
  'user-agent' => 'Mozilla/5.0 (X11; Linux x86_64) AppleWebKit/537.36 (KHTML, like Gecko) HeadlessChrome/77.0.3865.120 Safari/537.36',
  'accept' => 'text/html,application/xhtml+xml,application/xml;q=0.9,image/webp,image/apng,*/*;q=0.8,application/signed-exchange;v=b3',
  'accept-encoding' => 'gzip, deflate',
  'cookie' => 'PHPSESSID=uk3p7tmneq51argrc3uev2f7t7',
)
[ info ] [ PARAM ] array (
  '/index/Login/login' => '',
)
[ info ] [ CACHE ] INIT File
[ info ] [ RUN ] app\index\controller\Login->login[ D:\web\hshop2\shop\index\controller\Login.php ]
[ info ] [ DB ] INIT mysql
[ info ] [ VIEW ] ./themes/default/index/login\login.html [ array (
) ]
[ info ] [ LOG ] INIT File
