---------------------------------------------------------------
[ 2019-12-28T09:00:29+08:00 ] 154.204.27.220 GET ceshi.gdbadi.com/favicon.ico
[运行时间：0.031200s] [吞吐率：32.05req/s] [内存消耗：1,371.43kb] [文件加载：33]
[ info ] [ LANG ] D:\web\hshop2\thinkphp\lang\zh-cn.php
[ info ] [ ROUTE ] array (
  'type' => 'module',
  'module' => 
  array (
    0 => 'favicon',
    1 => NULL,
    2 => NULL,
  ),
)
[ info ] [ HEADER ] array (
  'host' => 'ceshi.gdbadi.com',
  'connection' => 'keep-alive',
  'accept' => 'image/*',
  'user-agent' => 'Mozilla/5.0 (X11; Linux x86_64) AppleWebKit/537.36 (KHTML, like Gecko) Chrome/49.0.2623.75 Safari/537.36 Google Favicon',
  'accept-encoding' => 'gzip,deflate,br',
  'x-forwarded-for' => '154.204.27.220',
)
[ info ] [ PARAM ] array (
  '/favicon_ico' => '',
)
[ info ] [ LOG ] INIT File
---------------------------------------------------------------
[ 2019-12-28T20:42:51+08:00 ] 180.163.220.97 HEAD ceshi.gdbadi.com/index/Login/register_2/id/123
[运行时间：0.062400s] [吞吐率：16.03req/s] [内存消耗：2,726.82kb] [文件加载：50]
[ info ] [ LANG ] D:\web\hshop2\thinkphp\lang\zh-cn.php
[ info ] [ ROUTE ] array (
  'type' => 'module',
  'module' => 
  array (
    0 => 'index',
    1 => 'Login',
    2 => 'register_2',
  ),
)
[ info ] [ HEADER ] array (
  'host' => 'ceshi.gdbadi.com',
  'user-agent' => 'Mozilla/5.0 (Windows NT 5.1) AppleWebKit/537.36 (KHTML, like Gecko) Chrome/34.0.1847.116 Safari/537.36 Mozilla/5.0 (iPad; U; CPU OS 3_2 like Mac OS X; en-us) AppleWebKit/531.21.10 (KHTML, like Gecko) Version/4.0.4 Mobile/7B334b Safari/531.21.10',
  'accept' => '*/*',
  'accept-encoding' => 'gzip, deflate',
)
[ info ] [ PARAM ] array (
  '/index/Login/register_2/id/123' => '',
  'id' => '123',
)
[ info ] [ CACHE ] INIT File
[ info ] [ RUN ] app\index\controller\Login->register_2[ D:\web\hshop2\shop\index\controller\Login.php ]
[ info ] [ DB ] INIT mysql
[ info ] [ VIEW ] ./themes/default/index/login\register_2.html [ array (
  0 => 'invitation_phone',
) ]
[ info ] [ LOG ] INIT File
