---------------------------------------------------------------
[ 2021-03-22T15:50:31+08:00 ] 127.0.0.1 GET hshop.com/
[运行时间：1.192383s] [吞吐率：0.84req/s] [内存消耗：2,567.44kb] [文件加载：49]
[ info ] [ LANG ] E:\hshop\thinkphp\lang\zh-cn.php
[ info ] [ ROUTE ] array (
  'type' => 'module',
  'module' => 
  array (
    0 => '',
    1 => NULL,
    2 => NULL,
  ),
)
[ info ] [ HEADER ] array (
  'host' => 'hshop.com',
  'connection' => 'keep-alive',
  'upgrade-insecure-requests' => '1',
  'user-agent' => 'Mozilla/5.0 (Windows NT 6.1; Win64; x64) AppleWebKit/537.36 (KHTML, like Gecko) Chrome/86.0.4240.198 Safari/537.36',
  'accept' => 'text/html,application/xhtml+xml,application/xml;q=0.9,image/avif,image/webp,image/apng,*/*;q=0.8,application/signed-exchange;v=b3;q=0.9',
  'accept-encoding' => 'gzip, deflate',
  'accept-language' => 'zh-CN,zh;q=0.9,en;q=0.8,la;q=0.7,und;q=0.6',
)
[ info ] [ PARAM ] array (
)
[ info ] [ DB ] INIT mysql
[ info ] [ LOG ] INIT File
[ error ] [1049]SQLSTATE[HY000] [1049] Unknown database 'hshop2'[E:\hshop\thinkphp\library\think\db\Connection.php:295]
---------------------------------------------------------------
[ 2021-03-22T15:50:41+08:00 ] 127.0.0.1 GET hshop.com/favicon.ico
[运行时间：0.046875s] [吞吐率：21.33req/s] [内存消耗：1,366.12kb] [文件加载：33]
[ info ] [ LANG ] E:\hshop\thinkphp\lang\zh-cn.php
[ info ] [ ROUTE ] array (
  'type' => 'module',
  'module' => 
  array (
    0 => 'favicon',
    1 => NULL,
    2 => NULL,
  ),
)
[ info ] [ HEADER ] array (
  'host' => 'hshop.com',
  'connection' => 'keep-alive',
  'user-agent' => 'Mozilla/5.0 (Windows NT 6.1; Win64; x64) AppleWebKit/537.36 (KHTML, like Gecko) Chrome/86.0.4240.198 Safari/537.36',
  'accept' => 'image/avif,image/webp,image/apng,image/*,*/*;q=0.8',
  'referer' => 'http://hshop.com/',
  'accept-encoding' => 'gzip, deflate',
  'accept-language' => 'zh-CN,zh;q=0.9,en;q=0.8,la;q=0.7,und;q=0.6',
)
[ info ] [ PARAM ] array (
  '/favicon_ico' => '',
)
[ info ] [ LOG ] INIT File
---------------------------------------------------------------
[ 2021-03-22T15:51:29+08:00 ] 127.0.0.1 GET hshop.com/
[运行时间：0.289063s] [吞吐率：3.46req/s] [内存消耗：2,950.44kb] [文件加载：49]
[ info ] [ LANG ] E:\hshop\thinkphp\lang\zh-cn.php
[ info ] [ ROUTE ] array (
  'type' => 'module',
  'module' => 
  array (
    0 => '',
    1 => NULL,
    2 => NULL,
  ),
)
[ info ] [ HEADER ] array (
  'host' => 'hshop.com',
  'connection' => 'keep-alive',
  'cache-control' => 'max-age=0',
  'upgrade-insecure-requests' => '1',
  'user-agent' => 'Mozilla/5.0 (Windows NT 6.1; Win64; x64) AppleWebKit/537.36 (KHTML, like Gecko) Chrome/86.0.4240.198 Safari/537.36',
  'accept' => 'text/html,application/xhtml+xml,application/xml;q=0.9,image/avif,image/webp,image/apng,*/*;q=0.8,application/signed-exchange;v=b3;q=0.9',
  'accept-encoding' => 'gzip, deflate',
  'accept-language' => 'zh-CN,zh;q=0.9,en;q=0.8,la;q=0.7,und;q=0.6',
)
[ info ] [ PARAM ] array (
)
[ info ] [ DB ] INIT mysql
[ info ] [ SESSION ] INIT array (
  'type' => '',
  'auto_start' => true,
)
[ info ] [ RUN ] app\index\controller\Index->index[ E:\hshop\shop\index\controller\Index.php ]
[ info ] [ VIEW ] ./themes/default/index/index\index.html [ array (
  0 => 'upgrade_conditions',
  1 => 'brand',
  2 => 'guesslike',
  3 => 'newlist',
  4 => 'popular',
  5 => 'frontend_images',
  6 => 'ggao',
  7 => 'pic',
) ]
[ info ] [ LOG ] INIT File
---------------------------------------------------------------
[ 2021-03-22T15:51:34+08:00 ] 127.0.0.1 GET hshop.com/index/Index/pcenter
[运行时间：0.138671s] [吞吐率：7.21req/s] [内存消耗：2,942.91kb] [文件加载：51]
[ info ] [ LANG ] E:\hshop\thinkphp\lang\zh-cn.php
[ info ] [ ROUTE ] array (
  'type' => 'module',
  'module' => 
  array (
    0 => 'index',
    1 => 'Index',
    2 => 'pcenter',
  ),
)
[ info ] [ HEADER ] array (
  'host' => 'hshop.com',
  'connection' => 'keep-alive',
  'upgrade-insecure-requests' => '1',
  'user-agent' => 'Mozilla/5.0 (Linux; Android 6.0; Nexus 5 Build/MRA58N) AppleWebKit/537.36 (KHTML, like Gecko) Chrome/86.0.4240.198 Mobile Safari/537.36',
  'accept' => 'text/html,application/xhtml+xml,application/xml;q=0.9,image/avif,image/webp,image/apng,*/*;q=0.8,application/signed-exchange;v=b3;q=0.9',
  'referer' => 'http://hshop.com/',
  'accept-encoding' => 'gzip, deflate',
  'accept-language' => 'zh-CN,zh;q=0.9,en;q=0.8,la;q=0.7,und;q=0.6',
  'cookie' => 'PHPSESSID=mor50p0kedtg16pkag10b4u285',
)
[ info ] [ PARAM ] array (
  '/index/Index/pcenter' => '',
)
[ info ] [ DB ] INIT mysql
[ info ] [ SESSION ] INIT array (
  'type' => '',
  'auto_start' => true,
)
[ info ] [ RUN ] app\index\controller\Index->pcenter[ E:\hshop\shop\index\controller\Index.php ]
[ info ] [ VIEW ] ./themes/default/index/index\pcenter.html [ array (
  0 => 'upgrade_conditions',
  1 => 'user_name',
  2 => 'user_phone',
  3 => 'user_photo',
  4 => 'vip_grade',
  5 => 'user_id',
) ]
[ info ] [ LOG ] INIT File
---------------------------------------------------------------
[ 2021-03-22T15:51:39+08:00 ] 127.0.0.1 GET hshop.com/index/user/invitation
[运行时间：0.358398s] [吞吐率：2.79req/s] [内存消耗：2,971.41kb] [文件加载：54]
[ info ] [ LANG ] E:\hshop\thinkphp\lang\zh-cn.php
[ info ] [ ROUTE ] array (
  'type' => 'module',
  'module' => 
  array (
    0 => 'index',
    1 => 'user',
    2 => 'invitation',
  ),
)
[ info ] [ HEADER ] array (
  'host' => 'hshop.com',
  'connection' => 'keep-alive',
  'upgrade-insecure-requests' => '1',
  'user-agent' => 'Mozilla/5.0 (Linux; Android 6.0; Nexus 5 Build/MRA58N) AppleWebKit/537.36 (KHTML, like Gecko) Chrome/86.0.4240.198 Mobile Safari/537.36',
  'accept' => 'text/html,application/xhtml+xml,application/xml;q=0.9,image/avif,image/webp,image/apng,*/*;q=0.8,application/signed-exchange;v=b3;q=0.9',
  'referer' => 'http://hshop.com/index/Index/pcenter',
  'accept-encoding' => 'gzip, deflate',
  'accept-language' => 'zh-CN,zh;q=0.9,en;q=0.8,la;q=0.7,und;q=0.6',
  'cookie' => 'PHPSESSID=mor50p0kedtg16pkag10b4u285',
)
[ info ] [ PARAM ] array (
  '/index/user/invitation' => '',
)
[ info ] [ CACHE ] INIT File
[ info ] [ SESSION ] INIT array (
  'type' => '',
  'auto_start' => true,
)
[ info ] [ DB ] INIT mysql
[ info ] [ RUN ] app\index\controller\User->invitation[ E:\hshop\shop\index\controller\User.php ]
[ info ] [ LOG ] INIT File
---------------------------------------------------------------
[ 2021-03-22T15:51:39+08:00 ] 127.0.0.1 GET hshop.com/index/Login/login
[运行时间：0.153320s] [吞吐率：6.52req/s] [内存消耗：2,715.22kb] [文件加载：51]
[ info ] [ LANG ] E:\hshop\thinkphp\lang\zh-cn.php
[ info ] [ ROUTE ] array (
  'type' => 'module',
  'module' => 
  array (
    0 => 'index',
    1 => 'Login',
    2 => 'login',
  ),
)
[ info ] [ HEADER ] array (
  'host' => 'hshop.com',
  'connection' => 'keep-alive',
  'upgrade-insecure-requests' => '1',
  'user-agent' => 'Mozilla/5.0 (Linux; Android 6.0; Nexus 5 Build/MRA58N) AppleWebKit/537.36 (KHTML, like Gecko) Chrome/86.0.4240.198 Mobile Safari/537.36',
  'accept' => 'text/html,application/xhtml+xml,application/xml;q=0.9,image/avif,image/webp,image/apng,*/*;q=0.8,application/signed-exchange;v=b3;q=0.9',
  'referer' => 'http://hshop.com/index/Index/pcenter',
  'accept-encoding' => 'gzip, deflate',
  'accept-language' => 'zh-CN,zh;q=0.9,en;q=0.8,la;q=0.7,und;q=0.6',
  'cookie' => 'PHPSESSID=mor50p0kedtg16pkag10b4u285',
)
[ info ] [ PARAM ] array (
  '/index/Login/login' => '',
)
[ info ] [ CACHE ] INIT File
[ info ] [ RUN ] app\index\controller\Login->login[ E:\hshop\shop\index\controller\Login.php ]
[ info ] [ DB ] INIT mysql
[ info ] [ VIEW ] ./themes/default/index/login\login.html [ array (
) ]
[ info ] [ LOG ] INIT File
---------------------------------------------------------------
[ 2021-03-22T15:51:39+08:00 ] 127.0.0.1 GET hshop.com/captcha
[运行时间：0.333984s] [吞吐率：2.99req/s] [内存消耗：1,390.12kb] [文件加载：32]
[ info ] [ LANG ] E:\hshop\thinkphp\lang\zh-cn.php
[ info ] [ ROUTE ] array (
  'type' => 'method',
  'method' => 
  array (
    0 => '\\think\\captcha\\CaptchaController',
    1 => 'index',
  ),
  'var' => 
  array (
  ),
)
[ info ] [ HEADER ] array (
  'host' => 'hshop.com',
  'connection' => 'keep-alive',
  'user-agent' => 'Mozilla/5.0 (Linux; Android 6.0; Nexus 5 Build/MRA58N) AppleWebKit/537.36 (KHTML, like Gecko) Chrome/86.0.4240.198 Mobile Safari/537.36',
  'accept' => 'image/avif,image/webp,image/apng,image/*,*/*;q=0.8',
  'referer' => 'http://hshop.com/index/Login/login',
  'accept-encoding' => 'gzip, deflate',
  'accept-language' => 'zh-CN,zh;q=0.9,en;q=0.8,la;q=0.7,und;q=0.6',
  'cookie' => 'PHPSESSID=mor50p0kedtg16pkag10b4u285',
)
[ info ] [ PARAM ] array (
  '/captcha' => '',
  'id' => '',
)
[ info ] [ RUN ] think\captcha\CaptchaController->index[ E:\hshop\vendor\topthink\think-captcha\src\CaptchaController.php ]
[ info ] [ SESSION ] INIT array (
  'type' => '',
  'auto_start' => true,
)
[ info ] [ LOG ] INIT File
---------------------------------------------------------------
[ 2021-03-22T15:51:49+08:00 ] 127.0.0.1 GET hshop.com/admin
[运行时间：0.112305s] [吞吐率：8.90req/s] [内存消耗：1,967.35kb] [文件加载：46]
[ info ] [ LANG ] E:\hshop\thinkphp\lang\zh-cn.php
[ info ] [ ROUTE ] array (
  'type' => 'module',
  'module' => 
  array (
    0 => 'admin',
    1 => NULL,
    2 => NULL,
  ),
)
[ info ] [ HEADER ] array (
  'host' => 'hshop.com',
  'connection' => 'keep-alive',
  'upgrade-insecure-requests' => '1',
  'user-agent' => 'Mozilla/5.0 (Linux; Android 6.0; Nexus 5 Build/MRA58N) AppleWebKit/537.36 (KHTML, like Gecko) Chrome/86.0.4240.198 Mobile Safari/537.36',
  'accept' => 'text/html,application/xhtml+xml,application/xml;q=0.9,image/avif,image/webp,image/apng,*/*;q=0.8,application/signed-exchange;v=b3;q=0.9',
  'accept-encoding' => 'gzip, deflate',
  'accept-language' => 'zh-CN,zh;q=0.9,en;q=0.8,la;q=0.7,und;q=0.6',
  'cookie' => 'PHPSESSID=mor50p0kedtg16pkag10b4u285',
)
[ info ] [ PARAM ] array (
  '/admin' => '',
)
[ info ] [ CACHE ] INIT File
[ info ] [ SESSION ] INIT array (
  'type' => '',
  'auto_start' => true,
)
[ info ] [ LOG ] INIT File
---------------------------------------------------------------
[ 2021-03-22T15:51:49+08:00 ] 127.0.0.1 GET hshop.com/admin/Login/login
[运行时间：0.148438s] [吞吐率：6.74req/s] [内存消耗：1,895.69kb] [文件加载：44]
[ info ] [ LANG ] E:\hshop\thinkphp\lang\zh-cn.php
[ info ] [ ROUTE ] array (
  'type' => 'module',
  'module' => 
  array (
    0 => 'admin',
    1 => 'Login',
    2 => 'login',
  ),
)
[ info ] [ HEADER ] array (
  'host' => 'hshop.com',
  'connection' => 'keep-alive',
  'upgrade-insecure-requests' => '1',
  'user-agent' => 'Mozilla/5.0 (Linux; Android 6.0; Nexus 5 Build/MRA58N) AppleWebKit/537.36 (KHTML, like Gecko) Chrome/86.0.4240.198 Mobile Safari/537.36',
  'accept' => 'text/html,application/xhtml+xml,application/xml;q=0.9,image/avif,image/webp,image/apng,*/*;q=0.8,application/signed-exchange;v=b3;q=0.9',
  'accept-encoding' => 'gzip, deflate',
  'accept-language' => 'zh-CN,zh;q=0.9,en;q=0.8,la;q=0.7,und;q=0.6',
  'cookie' => 'PHPSESSID=mor50p0kedtg16pkag10b4u285',
)
[ info ] [ PARAM ] array (
  '/admin/Login/login' => '',
)
[ info ] [ CACHE ] INIT File
[ info ] [ RUN ] app\admin\controller\Login->login[ E:\hshop\shop\admin\controller\Login.php ]
[ info ] [ SESSION ] INIT array (
  'type' => '',
  'auto_start' => true,
)
[ info ] [ VIEW ] ./shop/admin\view\public\login.html [ array (
) ]
[ info ] [ LOG ] INIT File
---------------------------------------------------------------
[ 2021-03-22T15:51:59+08:00 ] 127.0.0.1 POST hshop.com/admin/Login/login
[运行时间：0.114258s] [吞吐率：8.75req/s] [内存消耗：2,611.84kb] [文件加载：50]
[ info ] [ LANG ] E:\hshop\thinkphp\lang\zh-cn.php
[ info ] [ ROUTE ] array (
  'type' => 'module',
  'module' => 
  array (
    0 => 'admin',
    1 => 'Login',
    2 => 'login',
  ),
)
[ info ] [ HEADER ] array (
  'host' => 'hshop.com',
  'connection' => 'keep-alive',
  'content-length' => '30',
  'accept' => 'application/json, text/javascript, */*; q=0.01',
  'x-requested-with' => 'XMLHttpRequest',
  'user-agent' => 'Mozilla/5.0 (Windows NT 6.1; Win64; x64) AppleWebKit/537.36 (KHTML, like Gecko) Chrome/86.0.4240.198 Safari/537.36',
  'content-type' => 'application/x-www-form-urlencoded; charset=UTF-8',
  'origin' => 'http://hshop.com',
  'referer' => 'http://hshop.com/admin/Login/login',
  'accept-encoding' => 'gzip, deflate',
  'accept-language' => 'zh-CN,zh;q=0.9,en;q=0.8,la;q=0.7,und;q=0.6',
  'cookie' => 'PHPSESSID=mor50p0kedtg16pkag10b4u285',
)
[ info ] [ PARAM ] array (
  '/admin/Login/login' => '',
  'username' => 'admin',
  'password' => '123456',
)
[ info ] [ CACHE ] INIT File
[ info ] [ RUN ] app\admin\controller\Login->login[ E:\hshop\shop\admin\controller\Login.php ]
[ info ] [ DB ] INIT mysql
[ info ] [ LOG ] INIT File
---------------------------------------------------------------
[ 2021-03-22T15:52:05+08:00 ] 127.0.0.1 POST hshop.com/admin/Login/login
[运行时间：0.067383s] [吞吐率：14.84req/s] [内存消耗：2,611.77kb] [文件加载：50]
[ info ] [ LANG ] E:\hshop\thinkphp\lang\zh-cn.php
[ info ] [ ROUTE ] array (
  'type' => 'module',
  'module' => 
  array (
    0 => 'admin',
    1 => 'Login',
    2 => 'login',
  ),
)
[ info ] [ HEADER ] array (
  'host' => 'hshop.com',
  'connection' => 'keep-alive',
  'content-length' => '32',
  'accept' => 'application/json, text/javascript, */*; q=0.01',
  'x-requested-with' => 'XMLHttpRequest',
  'user-agent' => 'Mozilla/5.0 (Windows NT 6.1; Win64; x64) AppleWebKit/537.36 (KHTML, like Gecko) Chrome/86.0.4240.198 Safari/537.36',
  'content-type' => 'application/x-www-form-urlencoded; charset=UTF-8',
  'origin' => 'http://hshop.com',
  'referer' => 'http://hshop.com/admin/Login/login',
  'accept-encoding' => 'gzip, deflate',
  'accept-language' => 'zh-CN,zh;q=0.9,en;q=0.8,la;q=0.7,und;q=0.6',
  'cookie' => 'PHPSESSID=mor50p0kedtg16pkag10b4u285',
)
[ info ] [ PARAM ] array (
  '/admin/Login/login' => '',
  'username' => 'admin',
  'password' => 'admin888',
)
[ info ] [ CACHE ] INIT File
[ info ] [ RUN ] app\admin\controller\Login->login[ E:\hshop\shop\admin\controller\Login.php ]
[ info ] [ DB ] INIT mysql
[ info ] [ LOG ] INIT File
---------------------------------------------------------------
[ 2021-03-22T15:52:10+08:00 ] 127.0.0.1 POST hshop.com/admin/Login/login
[运行时间：0.060547s] [吞吐率：16.52req/s] [内存消耗：2,611.77kb] [文件加载：50]
[ info ] [ LANG ] E:\hshop\thinkphp\lang\zh-cn.php
[ info ] [ ROUTE ] array (
  'type' => 'module',
  'module' => 
  array (
    0 => 'admin',
    1 => 'Login',
    2 => 'login',
  ),
)
[ info ] [ HEADER ] array (
  'host' => 'hshop.com',
  'connection' => 'keep-alive',
  'content-length' => '32',
  'accept' => 'application/json, text/javascript, */*; q=0.01',
  'x-requested-with' => 'XMLHttpRequest',
  'user-agent' => 'Mozilla/5.0 (Windows NT 6.1; Win64; x64) AppleWebKit/537.36 (KHTML, like Gecko) Chrome/86.0.4240.198 Safari/537.36',
  'content-type' => 'application/x-www-form-urlencoded; charset=UTF-8',
  'origin' => 'http://hshop.com',
  'referer' => 'http://hshop.com/admin/Login/login',
  'accept-encoding' => 'gzip, deflate',
  'accept-language' => 'zh-CN,zh;q=0.9,en;q=0.8,la;q=0.7,und;q=0.6',
  'cookie' => 'PHPSESSID=mor50p0kedtg16pkag10b4u285',
)
[ info ] [ PARAM ] array (
  '/admin/Login/login' => '',
  'username' => 'admin',
  'password' => 'admin888',
)
[ info ] [ CACHE ] INIT File
[ info ] [ RUN ] app\admin\controller\Login->login[ E:\hshop\shop\admin\controller\Login.php ]
[ info ] [ DB ] INIT mysql
[ info ] [ LOG ] INIT File
---------------------------------------------------------------
[ 2021-03-22T15:52:11+08:00 ] 127.0.0.1 POST hshop.com/admin/Login/login
[运行时间：0.068360s] [吞吐率：14.63req/s] [内存消耗：2,611.77kb] [文件加载：50]
[ info ] [ LANG ] E:\hshop\thinkphp\lang\zh-cn.php
[ info ] [ ROUTE ] array (
  'type' => 'module',
  'module' => 
  array (
    0 => 'admin',
    1 => 'Login',
    2 => 'login',
  ),
)
[ info ] [ HEADER ] array (
  'host' => 'hshop.com',
  'connection' => 'keep-alive',
  'content-length' => '32',
  'accept' => 'application/json, text/javascript, */*; q=0.01',
  'x-requested-with' => 'XMLHttpRequest',
  'user-agent' => 'Mozilla/5.0 (Windows NT 6.1; Win64; x64) AppleWebKit/537.36 (KHTML, like Gecko) Chrome/86.0.4240.198 Safari/537.36',
  'content-type' => 'application/x-www-form-urlencoded; charset=UTF-8',
  'origin' => 'http://hshop.com',
  'referer' => 'http://hshop.com/admin/Login/login',
  'accept-encoding' => 'gzip, deflate',
  'accept-language' => 'zh-CN,zh;q=0.9,en;q=0.8,la;q=0.7,und;q=0.6',
  'cookie' => 'PHPSESSID=mor50p0kedtg16pkag10b4u285',
)
[ info ] [ PARAM ] array (
  '/admin/Login/login' => '',
  'username' => 'admin',
  'password' => 'admin888',
)
[ info ] [ CACHE ] INIT File
[ info ] [ RUN ] app\admin\controller\Login->login[ E:\hshop\shop\admin\controller\Login.php ]
[ info ] [ DB ] INIT mysql
[ info ] [ LOG ] INIT File
---------------------------------------------------------------
[ 2021-03-22T15:52:14+08:00 ] 127.0.0.1 POST hshop.com/admin/Login/login
[运行时间：0.077149s] [吞吐率：12.96req/s] [内存消耗：2,611.79kb] [文件加载：50]
[ info ] [ LANG ] E:\hshop\thinkphp\lang\zh-cn.php
[ info ] [ ROUTE ] array (
  'type' => 'module',
  'module' => 
  array (
    0 => 'admin',
    1 => 'Login',
    2 => 'login',
  ),
)
[ info ] [ HEADER ] array (
  'host' => 'hshop.com',
  'connection' => 'keep-alive',
  'content-length' => '30',
  'accept' => 'application/json, text/javascript, */*; q=0.01',
  'x-requested-with' => 'XMLHttpRequest',
  'user-agent' => 'Mozilla/5.0 (Windows NT 6.1; Win64; x64) AppleWebKit/537.36 (KHTML, like Gecko) Chrome/86.0.4240.198 Safari/537.36',
  'content-type' => 'application/x-www-form-urlencoded; charset=UTF-8',
  'origin' => 'http://hshop.com',
  'referer' => 'http://hshop.com/admin/Login/login',
  'accept-encoding' => 'gzip, deflate',
  'accept-language' => 'zh-CN,zh;q=0.9,en;q=0.8,la;q=0.7,und;q=0.6',
  'cookie' => 'PHPSESSID=mor50p0kedtg16pkag10b4u285',
)
[ info ] [ PARAM ] array (
  '/admin/Login/login' => '',
  'username' => 'admin',
  'password' => '123456',
)
[ info ] [ CACHE ] INIT File
[ info ] [ RUN ] app\admin\controller\Login->login[ E:\hshop\shop\admin\controller\Login.php ]
[ info ] [ DB ] INIT mysql
[ info ] [ LOG ] INIT File
---------------------------------------------------------------
[ 2021-03-22T15:52:20+08:00 ] 127.0.0.1 POST hshop.com/admin/Login/login
[运行时间：0.072266s] [吞吐率：13.84req/s] [内存消耗：2,611.84kb] [文件加载：50]
[ info ] [ LANG ] E:\hshop\thinkphp\lang\zh-cn.php
[ info ] [ ROUTE ] array (
  'type' => 'module',
  'module' => 
  array (
    0 => 'admin',
    1 => 'Login',
    2 => 'login',
  ),
)
[ info ] [ HEADER ] array (
  'host' => 'hshop.com',
  'connection' => 'keep-alive',
  'content-length' => '29',
  'accept' => 'application/json, text/javascript, */*; q=0.01',
  'x-requested-with' => 'XMLHttpRequest',
  'user-agent' => 'Mozilla/5.0 (Windows NT 6.1; Win64; x64) AppleWebKit/537.36 (KHTML, like Gecko) Chrome/86.0.4240.198 Safari/537.36',
  'content-type' => 'application/x-www-form-urlencoded; charset=UTF-8',
  'origin' => 'http://hshop.com',
  'referer' => 'http://hshop.com/admin/Login/login',
  'accept-encoding' => 'gzip, deflate',
  'accept-language' => 'zh-CN,zh;q=0.9,en;q=0.8,la;q=0.7,und;q=0.6',
  'cookie' => 'PHPSESSID=mor50p0kedtg16pkag10b4u285',
)
[ info ] [ PARAM ] array (
  '/admin/Login/login' => '',
  'username' => 'admin',
  'password' => 'admin',
)
[ info ] [ CACHE ] INIT File
[ info ] [ RUN ] app\admin\controller\Login->login[ E:\hshop\shop\admin\controller\Login.php ]
[ info ] [ DB ] INIT mysql
[ info ] [ LOG ] INIT File
---------------------------------------------------------------
[ 2021-03-22T15:52:21+08:00 ] 127.0.0.1 POST hshop.com/admin/Login/login
[运行时间：0.059571s] [吞吐率：16.79req/s] [内存消耗：2,611.84kb] [文件加载：50]
[ info ] [ LANG ] E:\hshop\thinkphp\lang\zh-cn.php
[ info ] [ ROUTE ] array (
  'type' => 'module',
  'module' => 
  array (
    0 => 'admin',
    1 => 'Login',
    2 => 'login',
  ),
)
[ info ] [ HEADER ] array (
  'host' => 'hshop.com',
  'connection' => 'keep-alive',
  'content-length' => '29',
  'accept' => 'application/json, text/javascript, */*; q=0.01',
  'x-requested-with' => 'XMLHttpRequest',
  'user-agent' => 'Mozilla/5.0 (Windows NT 6.1; Win64; x64) AppleWebKit/537.36 (KHTML, like Gecko) Chrome/86.0.4240.198 Safari/537.36',
  'content-type' => 'application/x-www-form-urlencoded; charset=UTF-8',
  'origin' => 'http://hshop.com',
  'referer' => 'http://hshop.com/admin/Login/login',
  'accept-encoding' => 'gzip, deflate',
  'accept-language' => 'zh-CN,zh;q=0.9,en;q=0.8,la;q=0.7,und;q=0.6',
  'cookie' => 'PHPSESSID=mor50p0kedtg16pkag10b4u285',
)
[ info ] [ PARAM ] array (
  '/admin/Login/login' => '',
  'username' => 'admin',
  'password' => 'admin',
)
[ info ] [ CACHE ] INIT File
[ info ] [ RUN ] app\admin\controller\Login->login[ E:\hshop\shop\admin\controller\Login.php ]
[ info ] [ DB ] INIT mysql
[ info ] [ LOG ] INIT File
---------------------------------------------------------------
[ 2021-03-22T15:52:21+08:00 ] 127.0.0.1 POST hshop.com/admin/Login/login
[运行时间：0.070313s] [吞吐率：14.22req/s] [内存消耗：2,611.84kb] [文件加载：50]
[ info ] [ LANG ] E:\hshop\thinkphp\lang\zh-cn.php
[ info ] [ ROUTE ] array (
  'type' => 'module',
  'module' => 
  array (
    0 => 'admin',
    1 => 'Login',
    2 => 'login',
  ),
)
[ info ] [ HEADER ] array (
  'host' => 'hshop.com',
  'connection' => 'keep-alive',
  'content-length' => '29',
  'accept' => 'application/json, text/javascript, */*; q=0.01',
  'x-requested-with' => 'XMLHttpRequest',
  'user-agent' => 'Mozilla/5.0 (Windows NT 6.1; Win64; x64) AppleWebKit/537.36 (KHTML, like Gecko) Chrome/86.0.4240.198 Safari/537.36',
  'content-type' => 'application/x-www-form-urlencoded; charset=UTF-8',
  'origin' => 'http://hshop.com',
  'referer' => 'http://hshop.com/admin/Login/login',
  'accept-encoding' => 'gzip, deflate',
  'accept-language' => 'zh-CN,zh;q=0.9,en;q=0.8,la;q=0.7,und;q=0.6',
  'cookie' => 'PHPSESSID=mor50p0kedtg16pkag10b4u285',
)
[ info ] [ PARAM ] array (
  '/admin/Login/login' => '',
  'username' => 'admin',
  'password' => 'admin',
)
[ info ] [ CACHE ] INIT File
[ info ] [ RUN ] app\admin\controller\Login->login[ E:\hshop\shop\admin\controller\Login.php ]
[ info ] [ DB ] INIT mysql
[ info ] [ LOG ] INIT File
---------------------------------------------------------------
[ 2021-03-22T15:52:24+08:00 ] 127.0.0.1 POST hshop.com/admin/Login/login
[运行时间：0.074219s] [吞吐率：13.47req/s] [内存消耗：2,611.78kb] [文件加载：50]
[ info ] [ LANG ] E:\hshop\thinkphp\lang\zh-cn.php
[ info ] [ ROUTE ] array (
  'type' => 'module',
  'module' => 
  array (
    0 => 'admin',
    1 => 'Login',
    2 => 'login',
  ),
)
[ info ] [ HEADER ] array (
  'host' => 'hshop.com',
  'connection' => 'keep-alive',
  'content-length' => '35',
  'accept' => 'application/json, text/javascript, */*; q=0.01',
  'x-requested-with' => 'XMLHttpRequest',
  'user-agent' => 'Mozilla/5.0 (Windows NT 6.1; Win64; x64) AppleWebKit/537.36 (KHTML, like Gecko) Chrome/86.0.4240.198 Safari/537.36',
  'content-type' => 'application/x-www-form-urlencoded; charset=UTF-8',
  'origin' => 'http://hshop.com',
  'referer' => 'http://hshop.com/admin/Login/login',
  'accept-encoding' => 'gzip, deflate',
  'accept-language' => 'zh-CN,zh;q=0.9,en;q=0.8,la;q=0.7,und;q=0.6',
  'cookie' => 'PHPSESSID=mor50p0kedtg16pkag10b4u285',
)
[ info ] [ PARAM ] array (
  '/admin/Login/login' => '',
  'username' => 'admin',
  'password' => 'admin123456',
)
[ info ] [ CACHE ] INIT File
[ info ] [ RUN ] app\admin\controller\Login->login[ E:\hshop\shop\admin\controller\Login.php ]
[ info ] [ DB ] INIT mysql
[ info ] [ LOG ] INIT File
---------------------------------------------------------------
[ 2021-03-22T15:52:24+08:00 ] 127.0.0.1 POST hshop.com/admin/Login/login
[运行时间：0.064453s] [吞吐率：15.52req/s] [内存消耗：2,611.78kb] [文件加载：50]
[ info ] [ LANG ] E:\hshop\thinkphp\lang\zh-cn.php
[ info ] [ ROUTE ] array (
  'type' => 'module',
  'module' => 
  array (
    0 => 'admin',
    1 => 'Login',
    2 => 'login',
  ),
)
[ info ] [ HEADER ] array (
  'host' => 'hshop.com',
  'connection' => 'keep-alive',
  'content-length' => '35',
  'accept' => 'application/json, text/javascript, */*; q=0.01',
  'x-requested-with' => 'XMLHttpRequest',
  'user-agent' => 'Mozilla/5.0 (Windows NT 6.1; Win64; x64) AppleWebKit/537.36 (KHTML, like Gecko) Chrome/86.0.4240.198 Safari/537.36',
  'content-type' => 'application/x-www-form-urlencoded; charset=UTF-8',
  'origin' => 'http://hshop.com',
  'referer' => 'http://hshop.com/admin/Login/login',
  'accept-encoding' => 'gzip, deflate',
  'accept-language' => 'zh-CN,zh;q=0.9,en;q=0.8,la;q=0.7,und;q=0.6',
  'cookie' => 'PHPSESSID=mor50p0kedtg16pkag10b4u285',
)
[ info ] [ PARAM ] array (
  '/admin/Login/login' => '',
  'username' => 'admin',
  'password' => 'admin123456',
)
[ info ] [ CACHE ] INIT File
[ info ] [ RUN ] app\admin\controller\Login->login[ E:\hshop\shop\admin\controller\Login.php ]
[ info ] [ DB ] INIT mysql
[ info ] [ LOG ] INIT File
---------------------------------------------------------------
[ 2021-03-22T15:52:24+08:00 ] 127.0.0.1 POST hshop.com/admin/Login/login
[运行时间：0.064453s] [吞吐率：15.52req/s] [内存消耗：2,611.78kb] [文件加载：50]
[ info ] [ LANG ] E:\hshop\thinkphp\lang\zh-cn.php
[ info ] [ ROUTE ] array (
  'type' => 'module',
  'module' => 
  array (
    0 => 'admin',
    1 => 'Login',
    2 => 'login',
  ),
)
[ info ] [ HEADER ] array (
  'host' => 'hshop.com',
  'connection' => 'keep-alive',
  'content-length' => '35',
  'accept' => 'application/json, text/javascript, */*; q=0.01',
  'x-requested-with' => 'XMLHttpRequest',
  'user-agent' => 'Mozilla/5.0 (Windows NT 6.1; Win64; x64) AppleWebKit/537.36 (KHTML, like Gecko) Chrome/86.0.4240.198 Safari/537.36',
  'content-type' => 'application/x-www-form-urlencoded; charset=UTF-8',
  'origin' => 'http://hshop.com',
  'referer' => 'http://hshop.com/admin/Login/login',
  'accept-encoding' => 'gzip, deflate',
  'accept-language' => 'zh-CN,zh;q=0.9,en;q=0.8,la;q=0.7,und;q=0.6',
  'cookie' => 'PHPSESSID=mor50p0kedtg16pkag10b4u285',
)
[ info ] [ PARAM ] array (
  '/admin/Login/login' => '',
  'username' => 'admin',
  'password' => 'admin123456',
)
[ info ] [ CACHE ] INIT File
[ info ] [ RUN ] app\admin\controller\Login->login[ E:\hshop\shop\admin\controller\Login.php ]
[ info ] [ DB ] INIT mysql
[ info ] [ LOG ] INIT File
---------------------------------------------------------------
[ 2021-03-22T15:52:37+08:00 ] 127.0.0.1 POST hshop.com/admin/Login/login
[运行时间：0.065430s] [吞吐率：15.28req/s] [内存消耗：2,611.77kb] [文件加载：50]
[ info ] [ LANG ] E:\hshop\thinkphp\lang\zh-cn.php
[ info ] [ ROUTE ] array (
  'type' => 'module',
  'module' => 
  array (
    0 => 'admin',
    1 => 'Login',
    2 => 'login',
  ),
)
[ info ] [ HEADER ] array (
  'host' => 'hshop.com',
  'connection' => 'keep-alive',
  'content-length' => '32',
  'accept' => 'application/json, text/javascript, */*; q=0.01',
  'x-requested-with' => 'XMLHttpRequest',
  'user-agent' => 'Mozilla/5.0 (Windows NT 6.1; Win64; x64) AppleWebKit/537.36 (KHTML, like Gecko) Chrome/86.0.4240.198 Safari/537.36',
  'content-type' => 'application/x-www-form-urlencoded; charset=UTF-8',
  'origin' => 'http://hshop.com',
  'referer' => 'http://hshop.com/admin/Login/login',
  'accept-encoding' => 'gzip, deflate',
  'accept-language' => 'zh-CN,zh;q=0.9,en;q=0.8,la;q=0.7,und;q=0.6',
  'cookie' => 'PHPSESSID=mor50p0kedtg16pkag10b4u285',
)
[ info ] [ PARAM ] array (
  '/admin/Login/login' => '',
  'username' => 'admin',
  'password' => 'admin888',
)
[ info ] [ CACHE ] INIT File
[ info ] [ RUN ] app\admin\controller\Login->login[ E:\hshop\shop\admin\controller\Login.php ]
[ info ] [ DB ] INIT mysql
[ info ] [ LOG ] INIT File
---------------------------------------------------------------
[ 2021-03-22T15:52:37+08:00 ] 127.0.0.1 POST hshop.com/admin/Login/login
[运行时间：0.071289s] [吞吐率：14.03req/s] [内存消耗：2,611.77kb] [文件加载：50]
[ info ] [ LANG ] E:\hshop\thinkphp\lang\zh-cn.php
[ info ] [ ROUTE ] array (
  'type' => 'module',
  'module' => 
  array (
    0 => 'admin',
    1 => 'Login',
    2 => 'login',
  ),
)
[ info ] [ HEADER ] array (
  'host' => 'hshop.com',
  'connection' => 'keep-alive',
  'content-length' => '32',
  'accept' => 'application/json, text/javascript, */*; q=0.01',
  'x-requested-with' => 'XMLHttpRequest',
  'user-agent' => 'Mozilla/5.0 (Windows NT 6.1; Win64; x64) AppleWebKit/537.36 (KHTML, like Gecko) Chrome/86.0.4240.198 Safari/537.36',
  'content-type' => 'application/x-www-form-urlencoded; charset=UTF-8',
  'origin' => 'http://hshop.com',
  'referer' => 'http://hshop.com/admin/Login/login',
  'accept-encoding' => 'gzip, deflate',
  'accept-language' => 'zh-CN,zh;q=0.9,en;q=0.8,la;q=0.7,und;q=0.6',
  'cookie' => 'PHPSESSID=mor50p0kedtg16pkag10b4u285',
)
[ info ] [ PARAM ] array (
  '/admin/Login/login' => '',
  'username' => 'admin',
  'password' => 'admin888',
)
[ info ] [ CACHE ] INIT File
[ info ] [ RUN ] app\admin\controller\Login->login[ E:\hshop\shop\admin\controller\Login.php ]
[ info ] [ DB ] INIT mysql
[ info ] [ LOG ] INIT File
---------------------------------------------------------------
[ 2021-03-22T15:52:37+08:00 ] 127.0.0.1 POST hshop.com/admin/Login/login
[运行时间：0.067383s] [吞吐率：14.84req/s] [内存消耗：2,611.77kb] [文件加载：50]
[ info ] [ LANG ] E:\hshop\thinkphp\lang\zh-cn.php
[ info ] [ ROUTE ] array (
  'type' => 'module',
  'module' => 
  array (
    0 => 'admin',
    1 => 'Login',
    2 => 'login',
  ),
)
[ info ] [ HEADER ] array (
  'host' => 'hshop.com',
  'connection' => 'keep-alive',
  'content-length' => '32',
  'accept' => 'application/json, text/javascript, */*; q=0.01',
  'x-requested-with' => 'XMLHttpRequest',
  'user-agent' => 'Mozilla/5.0 (Windows NT 6.1; Win64; x64) AppleWebKit/537.36 (KHTML, like Gecko) Chrome/86.0.4240.198 Safari/537.36',
  'content-type' => 'application/x-www-form-urlencoded; charset=UTF-8',
  'origin' => 'http://hshop.com',
  'referer' => 'http://hshop.com/admin/Login/login',
  'accept-encoding' => 'gzip, deflate',
  'accept-language' => 'zh-CN,zh;q=0.9,en;q=0.8,la;q=0.7,und;q=0.6',
  'cookie' => 'PHPSESSID=mor50p0kedtg16pkag10b4u285',
)
[ info ] [ PARAM ] array (
  '/admin/Login/login' => '',
  'username' => 'admin',
  'password' => 'admin888',
)
[ info ] [ CACHE ] INIT File
[ info ] [ RUN ] app\admin\controller\Login->login[ E:\hshop\shop\admin\controller\Login.php ]
[ info ] [ DB ] INIT mysql
[ info ] [ LOG ] INIT File
---------------------------------------------------------------
[ 2021-03-22T15:52:37+08:00 ] 127.0.0.1 POST hshop.com/admin/Login/login
[运行时间：0.067382s] [吞吐率：14.84req/s] [内存消耗：2,611.77kb] [文件加载：50]
[ info ] [ LANG ] E:\hshop\thinkphp\lang\zh-cn.php
[ info ] [ ROUTE ] array (
  'type' => 'module',
  'module' => 
  array (
    0 => 'admin',
    1 => 'Login',
    2 => 'login',
  ),
)
[ info ] [ HEADER ] array (
  'host' => 'hshop.com',
  'connection' => 'keep-alive',
  'content-length' => '32',
  'accept' => 'application/json, text/javascript, */*; q=0.01',
  'x-requested-with' => 'XMLHttpRequest',
  'user-agent' => 'Mozilla/5.0 (Windows NT 6.1; Win64; x64) AppleWebKit/537.36 (KHTML, like Gecko) Chrome/86.0.4240.198 Safari/537.36',
  'content-type' => 'application/x-www-form-urlencoded; charset=UTF-8',
  'origin' => 'http://hshop.com',
  'referer' => 'http://hshop.com/admin/Login/login',
  'accept-encoding' => 'gzip, deflate',
  'accept-language' => 'zh-CN,zh;q=0.9,en;q=0.8,la;q=0.7,und;q=0.6',
  'cookie' => 'PHPSESSID=mor50p0kedtg16pkag10b4u285',
)
[ info ] [ PARAM ] array (
  '/admin/Login/login' => '',
  'username' => 'admin',
  'password' => 'admin888',
)
[ info ] [ CACHE ] INIT File
[ info ] [ RUN ] app\admin\controller\Login->login[ E:\hshop\shop\admin\controller\Login.php ]
[ info ] [ DB ] INIT mysql
[ info ] [ LOG ] INIT File
---------------------------------------------------------------
[ 2021-03-22T15:54:18+08:00 ] 127.0.0.1 POST hshop.com/admin/Login/login
[运行时间：0.066406s] [吞吐率：15.06req/s] [内存消耗：2,611.79kb] [文件加载：50]
[ info ] [ LANG ] E:\hshop\thinkphp\lang\zh-cn.php
[ info ] [ ROUTE ] array (
  'type' => 'module',
  'module' => 
  array (
    0 => 'admin',
    1 => 'Login',
    2 => 'login',
  ),
)
[ info ] [ HEADER ] array (
  'host' => 'hshop.com',
  'connection' => 'keep-alive',
  'content-length' => '30',
  'accept' => 'application/json, text/javascript, */*; q=0.01',
  'x-requested-with' => 'XMLHttpRequest',
  'user-agent' => 'Mozilla/5.0 (Windows NT 6.1; Win64; x64) AppleWebKit/537.36 (KHTML, like Gecko) Chrome/86.0.4240.198 Safari/537.36',
  'content-type' => 'application/x-www-form-urlencoded; charset=UTF-8',
  'origin' => 'http://hshop.com',
  'referer' => 'http://hshop.com/admin/Login/login',
  'accept-encoding' => 'gzip, deflate',
  'accept-language' => 'zh-CN,zh;q=0.9,en;q=0.8,la;q=0.7,und;q=0.6',
  'cookie' => 'PHPSESSID=mor50p0kedtg16pkag10b4u285',
)
[ info ] [ PARAM ] array (
  '/admin/Login/login' => '',
  'username' => 'admin',
  'password' => '123456',
)
[ info ] [ CACHE ] INIT File
[ info ] [ RUN ] app\admin\controller\Login->login[ E:\hshop\shop\admin\controller\Login.php ]
[ info ] [ DB ] INIT mysql
[ info ] [ LOG ] INIT File
---------------------------------------------------------------
[ 2021-03-22T15:54:19+08:00 ] 127.0.0.1 POST hshop.com/admin/Login/login
[运行时间：0.067382s] [吞吐率：14.84req/s] [内存消耗：2,611.79kb] [文件加载：50]
[ info ] [ LANG ] E:\hshop\thinkphp\lang\zh-cn.php
[ info ] [ ROUTE ] array (
  'type' => 'module',
  'module' => 
  array (
    0 => 'admin',
    1 => 'Login',
    2 => 'login',
  ),
)
[ info ] [ HEADER ] array (
  'host' => 'hshop.com',
  'connection' => 'keep-alive',
  'content-length' => '30',
  'accept' => 'application/json, text/javascript, */*; q=0.01',
  'x-requested-with' => 'XMLHttpRequest',
  'user-agent' => 'Mozilla/5.0 (Windows NT 6.1; Win64; x64) AppleWebKit/537.36 (KHTML, like Gecko) Chrome/86.0.4240.198 Safari/537.36',
  'content-type' => 'application/x-www-form-urlencoded; charset=UTF-8',
  'origin' => 'http://hshop.com',
  'referer' => 'http://hshop.com/admin/Login/login',
  'accept-encoding' => 'gzip, deflate',
  'accept-language' => 'zh-CN,zh;q=0.9,en;q=0.8,la;q=0.7,und;q=0.6',
  'cookie' => 'PHPSESSID=mor50p0kedtg16pkag10b4u285',
)
[ info ] [ PARAM ] array (
  '/admin/Login/login' => '',
  'username' => 'admin',
  'password' => '123456',
)
[ info ] [ CACHE ] INIT File
[ info ] [ RUN ] app\admin\controller\Login->login[ E:\hshop\shop\admin\controller\Login.php ]
[ info ] [ DB ] INIT mysql
[ info ] [ LOG ] INIT File
---------------------------------------------------------------
[ 2021-03-22T15:54:19+08:00 ] 127.0.0.1 POST hshop.com/admin/Login/login
[运行时间：0.055664s] [吞吐率：17.96req/s] [内存消耗：2,611.79kb] [文件加载：50]
[ info ] [ LANG ] E:\hshop\thinkphp\lang\zh-cn.php
[ info ] [ ROUTE ] array (
  'type' => 'module',
  'module' => 
  array (
    0 => 'admin',
    1 => 'Login',
    2 => 'login',
  ),
)
[ info ] [ HEADER ] array (
  'host' => 'hshop.com',
  'connection' => 'keep-alive',
  'content-length' => '30',
  'accept' => 'application/json, text/javascript, */*; q=0.01',
  'x-requested-with' => 'XMLHttpRequest',
  'user-agent' => 'Mozilla/5.0 (Windows NT 6.1; Win64; x64) AppleWebKit/537.36 (KHTML, like Gecko) Chrome/86.0.4240.198 Safari/537.36',
  'content-type' => 'application/x-www-form-urlencoded; charset=UTF-8',
  'origin' => 'http://hshop.com',
  'referer' => 'http://hshop.com/admin/Login/login',
  'accept-encoding' => 'gzip, deflate',
  'accept-language' => 'zh-CN,zh;q=0.9,en;q=0.8,la;q=0.7,und;q=0.6',
  'cookie' => 'PHPSESSID=mor50p0kedtg16pkag10b4u285',
)
[ info ] [ PARAM ] array (
  '/admin/Login/login' => '',
  'username' => 'admin',
  'password' => '123456',
)
[ info ] [ CACHE ] INIT File
[ info ] [ RUN ] app\admin\controller\Login->login[ E:\hshop\shop\admin\controller\Login.php ]
[ info ] [ DB ] INIT mysql
[ info ] [ LOG ] INIT File
---------------------------------------------------------------
[ 2021-03-22T15:54:19+08:00 ] 127.0.0.1 POST hshop.com/admin/Login/login
[运行时间：0.066406s] [吞吐率：15.06req/s] [内存消耗：2,611.79kb] [文件加载：50]
[ info ] [ LANG ] E:\hshop\thinkphp\lang\zh-cn.php
[ info ] [ ROUTE ] array (
  'type' => 'module',
  'module' => 
  array (
    0 => 'admin',
    1 => 'Login',
    2 => 'login',
  ),
)
[ info ] [ HEADER ] array (
  'host' => 'hshop.com',
  'connection' => 'keep-alive',
  'content-length' => '30',
  'accept' => 'application/json, text/javascript, */*; q=0.01',
  'x-requested-with' => 'XMLHttpRequest',
  'user-agent' => 'Mozilla/5.0 (Windows NT 6.1; Win64; x64) AppleWebKit/537.36 (KHTML, like Gecko) Chrome/86.0.4240.198 Safari/537.36',
  'content-type' => 'application/x-www-form-urlencoded; charset=UTF-8',
  'origin' => 'http://hshop.com',
  'referer' => 'http://hshop.com/admin/Login/login',
  'accept-encoding' => 'gzip, deflate',
  'accept-language' => 'zh-CN,zh;q=0.9,en;q=0.8,la;q=0.7,und;q=0.6',
  'cookie' => 'PHPSESSID=mor50p0kedtg16pkag10b4u285',
)
[ info ] [ PARAM ] array (
  '/admin/Login/login' => '',
  'username' => 'admin',
  'password' => '123456',
)
[ info ] [ CACHE ] INIT File
[ info ] [ RUN ] app\admin\controller\Login->login[ E:\hshop\shop\admin\controller\Login.php ]
[ info ] [ DB ] INIT mysql
[ info ] [ LOG ] INIT File
---------------------------------------------------------------
[ 2021-03-22T15:54:19+08:00 ] 127.0.0.1 POST hshop.com/admin/Login/login
[运行时间：0.064453s] [吞吐率：15.52req/s] [内存消耗：2,611.79kb] [文件加载：50]
[ info ] [ LANG ] E:\hshop\thinkphp\lang\zh-cn.php
[ info ] [ ROUTE ] array (
  'type' => 'module',
  'module' => 
  array (
    0 => 'admin',
    1 => 'Login',
    2 => 'login',
  ),
)
[ info ] [ HEADER ] array (
  'host' => 'hshop.com',
  'connection' => 'keep-alive',
  'content-length' => '30',
  'accept' => 'application/json, text/javascript, */*; q=0.01',
  'x-requested-with' => 'XMLHttpRequest',
  'user-agent' => 'Mozilla/5.0 (Windows NT 6.1; Win64; x64) AppleWebKit/537.36 (KHTML, like Gecko) Chrome/86.0.4240.198 Safari/537.36',
  'content-type' => 'application/x-www-form-urlencoded; charset=UTF-8',
  'origin' => 'http://hshop.com',
  'referer' => 'http://hshop.com/admin/Login/login',
  'accept-encoding' => 'gzip, deflate',
  'accept-language' => 'zh-CN,zh;q=0.9,en;q=0.8,la;q=0.7,und;q=0.6',
  'cookie' => 'PHPSESSID=mor50p0kedtg16pkag10b4u285',
)
[ info ] [ PARAM ] array (
  '/admin/Login/login' => '',
  'username' => 'admin',
  'password' => '123456',
)
[ info ] [ CACHE ] INIT File
[ info ] [ RUN ] app\admin\controller\Login->login[ E:\hshop\shop\admin\controller\Login.php ]
[ info ] [ DB ] INIT mysql
[ info ] [ LOG ] INIT File
---------------------------------------------------------------
[ 2021-03-22T15:54:20+08:00 ] 127.0.0.1 POST hshop.com/admin/Login/login
[运行时间：0.066406s] [吞吐率：15.06req/s] [内存消耗：2,611.79kb] [文件加载：50]
[ info ] [ LANG ] E:\hshop\thinkphp\lang\zh-cn.php
[ info ] [ ROUTE ] array (
  'type' => 'module',
  'module' => 
  array (
    0 => 'admin',
    1 => 'Login',
    2 => 'login',
  ),
)
[ info ] [ HEADER ] array (
  'host' => 'hshop.com',
  'connection' => 'keep-alive',
  'content-length' => '30',
  'accept' => 'application/json, text/javascript, */*; q=0.01',
  'x-requested-with' => 'XMLHttpRequest',
  'user-agent' => 'Mozilla/5.0 (Windows NT 6.1; Win64; x64) AppleWebKit/537.36 (KHTML, like Gecko) Chrome/86.0.4240.198 Safari/537.36',
  'content-type' => 'application/x-www-form-urlencoded; charset=UTF-8',
  'origin' => 'http://hshop.com',
  'referer' => 'http://hshop.com/admin/Login/login',
  'accept-encoding' => 'gzip, deflate',
  'accept-language' => 'zh-CN,zh;q=0.9,en;q=0.8,la;q=0.7,und;q=0.6',
  'cookie' => 'PHPSESSID=mor50p0kedtg16pkag10b4u285',
)
[ info ] [ PARAM ] array (
  '/admin/Login/login' => '',
  'username' => 'admin',
  'password' => '123456',
)
[ info ] [ CACHE ] INIT File
[ info ] [ RUN ] app\admin\controller\Login->login[ E:\hshop\shop\admin\controller\Login.php ]
[ info ] [ DB ] INIT mysql
[ info ] [ LOG ] INIT File
---------------------------------------------------------------
[ 2021-03-22T15:54:20+08:00 ] 127.0.0.1 POST hshop.com/admin/Login/login
[运行时间：0.076172s] [吞吐率：13.13req/s] [内存消耗：2,611.79kb] [文件加载：50]
[ info ] [ LANG ] E:\hshop\thinkphp\lang\zh-cn.php
[ info ] [ ROUTE ] array (
  'type' => 'module',
  'module' => 
  array (
    0 => 'admin',
    1 => 'Login',
    2 => 'login',
  ),
)
[ info ] [ HEADER ] array (
  'host' => 'hshop.com',
  'connection' => 'keep-alive',
  'content-length' => '30',
  'accept' => 'application/json, text/javascript, */*; q=0.01',
  'x-requested-with' => 'XMLHttpRequest',
  'user-agent' => 'Mozilla/5.0 (Windows NT 6.1; Win64; x64) AppleWebKit/537.36 (KHTML, like Gecko) Chrome/86.0.4240.198 Safari/537.36',
  'content-type' => 'application/x-www-form-urlencoded; charset=UTF-8',
  'origin' => 'http://hshop.com',
  'referer' => 'http://hshop.com/admin/Login/login',
  'accept-encoding' => 'gzip, deflate',
  'accept-language' => 'zh-CN,zh;q=0.9,en;q=0.8,la;q=0.7,und;q=0.6',
  'cookie' => 'PHPSESSID=mor50p0kedtg16pkag10b4u285',
)
[ info ] [ PARAM ] array (
  '/admin/Login/login' => '',
  'username' => 'admin',
  'password' => '123456',
)
[ info ] [ CACHE ] INIT File
[ info ] [ RUN ] app\admin\controller\Login->login[ E:\hshop\shop\admin\controller\Login.php ]
[ info ] [ DB ] INIT mysql
[ info ] [ LOG ] INIT File
---------------------------------------------------------------
[ 2021-03-22T15:54:24+08:00 ] 127.0.0.1 POST hshop.com/admin/Login/login
[运行时间：0.080078s] [吞吐率：12.49req/s] [内存消耗：2,611.79kb] [文件加载：50]
[ info ] [ LANG ] E:\hshop\thinkphp\lang\zh-cn.php
[ info ] [ ROUTE ] array (
  'type' => 'module',
  'module' => 
  array (
    0 => 'admin',
    1 => 'Login',
    2 => 'login',
  ),
)
[ info ] [ HEADER ] array (
  'host' => 'hshop.com',
  'connection' => 'keep-alive',
  'content-length' => '30',
  'accept' => 'application/json, text/javascript, */*; q=0.01',
  'x-requested-with' => 'XMLHttpRequest',
  'user-agent' => 'Mozilla/5.0 (Windows NT 6.1; Win64; x64) AppleWebKit/537.36 (KHTML, like Gecko) Chrome/86.0.4240.198 Safari/537.36',
  'content-type' => 'application/x-www-form-urlencoded; charset=UTF-8',
  'origin' => 'http://hshop.com',
  'referer' => 'http://hshop.com/admin/Login/login',
  'accept-encoding' => 'gzip, deflate',
  'accept-language' => 'zh-CN,zh;q=0.9,en;q=0.8,la;q=0.7,und;q=0.6',
  'cookie' => 'PHPSESSID=mor50p0kedtg16pkag10b4u285',
)
[ info ] [ PARAM ] array (
  '/admin/Login/login' => '',
  'username' => 'admin',
  'password' => '123456',
)
[ info ] [ CACHE ] INIT File
[ info ] [ RUN ] app\admin\controller\Login->login[ E:\hshop\shop\admin\controller\Login.php ]
[ info ] [ DB ] INIT mysql
[ info ] [ LOG ] INIT File
---------------------------------------------------------------
[ 2021-03-22T15:54:24+08:00 ] 127.0.0.1 POST hshop.com/admin/Login/login
[运行时间：0.087891s] [吞吐率：11.38req/s] [内存消耗：2,611.79kb] [文件加载：50]
[ info ] [ LANG ] E:\hshop\thinkphp\lang\zh-cn.php
[ info ] [ ROUTE ] array (
  'type' => 'module',
  'module' => 
  array (
    0 => 'admin',
    1 => 'Login',
    2 => 'login',
  ),
)
[ info ] [ HEADER ] array (
  'host' => 'hshop.com',
  'connection' => 'keep-alive',
  'content-length' => '30',
  'accept' => 'application/json, text/javascript, */*; q=0.01',
  'x-requested-with' => 'XMLHttpRequest',
  'user-agent' => 'Mozilla/5.0 (Windows NT 6.1; Win64; x64) AppleWebKit/537.36 (KHTML, like Gecko) Chrome/86.0.4240.198 Safari/537.36',
  'content-type' => 'application/x-www-form-urlencoded; charset=UTF-8',
  'origin' => 'http://hshop.com',
  'referer' => 'http://hshop.com/admin/Login/login',
  'accept-encoding' => 'gzip, deflate',
  'accept-language' => 'zh-CN,zh;q=0.9,en;q=0.8,la;q=0.7,und;q=0.6',
  'cookie' => 'PHPSESSID=mor50p0kedtg16pkag10b4u285',
)
[ info ] [ PARAM ] array (
  '/admin/Login/login' => '',
  'username' => 'admin',
  'password' => '123456',
)
[ info ] [ CACHE ] INIT File
[ info ] [ RUN ] app\admin\controller\Login->login[ E:\hshop\shop\admin\controller\Login.php ]
[ info ] [ DB ] INIT mysql
[ info ] [ LOG ] INIT File
---------------------------------------------------------------
[ 2021-03-22T15:54:24+08:00 ] 127.0.0.1 POST hshop.com/admin/Login/login
[运行时间：0.060547s] [吞吐率：16.52req/s] [内存消耗：2,611.79kb] [文件加载：50]
[ info ] [ LANG ] E:\hshop\thinkphp\lang\zh-cn.php
[ info ] [ ROUTE ] array (
  'type' => 'module',
  'module' => 
  array (
    0 => 'admin',
    1 => 'Login',
    2 => 'login',
  ),
)
[ info ] [ HEADER ] array (
  'host' => 'hshop.com',
  'connection' => 'keep-alive',
  'content-length' => '30',
  'accept' => 'application/json, text/javascript, */*; q=0.01',
  'x-requested-with' => 'XMLHttpRequest',
  'user-agent' => 'Mozilla/5.0 (Windows NT 6.1; Win64; x64) AppleWebKit/537.36 (KHTML, like Gecko) Chrome/86.0.4240.198 Safari/537.36',
  'content-type' => 'application/x-www-form-urlencoded; charset=UTF-8',
  'origin' => 'http://hshop.com',
  'referer' => 'http://hshop.com/admin/Login/login',
  'accept-encoding' => 'gzip, deflate',
  'accept-language' => 'zh-CN,zh;q=0.9,en;q=0.8,la;q=0.7,und;q=0.6',
  'cookie' => 'PHPSESSID=mor50p0kedtg16pkag10b4u285',
)
[ info ] [ PARAM ] array (
  '/admin/Login/login' => '',
  'username' => 'admin',
  'password' => '123456',
)
[ info ] [ CACHE ] INIT File
[ info ] [ RUN ] app\admin\controller\Login->login[ E:\hshop\shop\admin\controller\Login.php ]
[ info ] [ DB ] INIT mysql
[ info ] [ LOG ] INIT File
---------------------------------------------------------------
[ 2021-03-22T15:54:24+08:00 ] 127.0.0.1 POST hshop.com/admin/Login/login
[运行时间：0.062500s] [吞吐率：16.00req/s] [内存消耗：2,611.79kb] [文件加载：50]
[ info ] [ LANG ] E:\hshop\thinkphp\lang\zh-cn.php
[ info ] [ ROUTE ] array (
  'type' => 'module',
  'module' => 
  array (
    0 => 'admin',
    1 => 'Login',
    2 => 'login',
  ),
)
[ info ] [ HEADER ] array (
  'host' => 'hshop.com',
  'connection' => 'keep-alive',
  'content-length' => '30',
  'accept' => 'application/json, text/javascript, */*; q=0.01',
  'x-requested-with' => 'XMLHttpRequest',
  'user-agent' => 'Mozilla/5.0 (Windows NT 6.1; Win64; x64) AppleWebKit/537.36 (KHTML, like Gecko) Chrome/86.0.4240.198 Safari/537.36',
  'content-type' => 'application/x-www-form-urlencoded; charset=UTF-8',
  'origin' => 'http://hshop.com',
  'referer' => 'http://hshop.com/admin/Login/login',
  'accept-encoding' => 'gzip, deflate',
  'accept-language' => 'zh-CN,zh;q=0.9,en;q=0.8,la;q=0.7,und;q=0.6',
  'cookie' => 'PHPSESSID=mor50p0kedtg16pkag10b4u285',
)
[ info ] [ PARAM ] array (
  '/admin/Login/login' => '',
  'username' => 'admin',
  'password' => '123456',
)
[ info ] [ CACHE ] INIT File
[ info ] [ RUN ] app\admin\controller\Login->login[ E:\hshop\shop\admin\controller\Login.php ]
[ info ] [ DB ] INIT mysql
[ info ] [ LOG ] INIT File
---------------------------------------------------------------
[ 2021-03-22T15:54:46+08:00 ] 127.0.0.1 POST hshop.com/admin/Login/login
[运行时间：0.136719s] [吞吐率：7.31req/s] [内存消耗：2,689.54kb] [文件加载：52]
[ info ] [ LANG ] E:\hshop\thinkphp\lang\zh-cn.php
[ info ] [ ROUTE ] array (
  'type' => 'module',
  'module' => 
  array (
    0 => 'admin',
    1 => 'Login',
    2 => 'login',
  ),
)
[ info ] [ HEADER ] array (
  'host' => 'hshop.com',
  'connection' => 'keep-alive',
  'content-length' => '30',
  'accept' => 'application/json, text/javascript, */*; q=0.01',
  'x-requested-with' => 'XMLHttpRequest',
  'user-agent' => 'Mozilla/5.0 (Windows NT 6.1; Win64; x64) AppleWebKit/537.36 (KHTML, like Gecko) Chrome/86.0.4240.198 Safari/537.36',
  'content-type' => 'application/x-www-form-urlencoded; charset=UTF-8',
  'origin' => 'http://hshop.com',
  'referer' => 'http://hshop.com/admin/Login/login',
  'accept-encoding' => 'gzip, deflate',
  'accept-language' => 'zh-CN,zh;q=0.9,en;q=0.8,la;q=0.7,und;q=0.6',
  'cookie' => 'PHPSESSID=mor50p0kedtg16pkag10b4u285',
)
[ info ] [ PARAM ] array (
  '/admin/Login/login' => '',
  'username' => 'admin',
  'password' => '123456',
)
[ info ] [ CACHE ] INIT File
[ info ] [ RUN ] app\admin\controller\Login->login[ E:\hshop\shop\admin\controller\Login.php ]
[ info ] [ DB ] INIT mysql
[ info ] [ SESSION ] INIT array (
  'type' => '',
  'auto_start' => true,
)
[ info ] [ LOG ] INIT File
---------------------------------------------------------------
[ 2021-03-22T15:54:46+08:00 ] 127.0.0.1 GET hshop.com/admin/Index/index
[运行时间：0.306641s] [吞吐率：3.26req/s] [内存消耗：3,091.74kb] [文件加载：56]
[ info ] [ LANG ] E:\hshop\thinkphp\lang\zh-cn.php
[ info ] [ ROUTE ] array (
  'type' => 'module',
  'module' => 
  array (
    0 => 'admin',
    1 => 'Index',
    2 => 'index',
  ),
)
[ info ] [ HEADER ] array (
  'host' => 'hshop.com',
  'connection' => 'keep-alive',
  'upgrade-insecure-requests' => '1',
  'user-agent' => 'Mozilla/5.0 (Windows NT 6.1; Win64; x64) AppleWebKit/537.36 (KHTML, like Gecko) Chrome/86.0.4240.198 Safari/537.36',
  'accept' => 'text/html,application/xhtml+xml,application/xml;q=0.9,image/avif,image/webp,image/apng,*/*;q=0.8,application/signed-exchange;v=b3;q=0.9',
  'referer' => 'http://hshop.com/admin/Login/login',
  'accept-encoding' => 'gzip, deflate',
  'accept-language' => 'zh-CN,zh;q=0.9,en;q=0.8,la;q=0.7,und;q=0.6',
  'cookie' => 'PHPSESSID=mor50p0kedtg16pkag10b4u285',
)
[ info ] [ PARAM ] array (
  '/admin/Index/index' => '',
)
[ info ] [ CACHE ] INIT File
[ info ] [ SESSION ] INIT array (
  'type' => '',
  'auto_start' => true,
)
[ info ] [ DB ] INIT mysql
[ info ] [ RUN ] app\admin\controller\Index->index[ E:\hshop\shop\admin\controller\Index.php ]
[ info ] [ VIEW ] ./shop/admin\view\index\index.html [ array (
  0 => 'admin_menu',
  1 => 'total_order',
  2 => 'today_order',
  3 => 'total_money',
  4 => 'today_money',
  5 => 'user_action_total',
  6 => 'today_user_action',
  7 => 'today_member',
  8 => 'member_count',
  9 => 'user_action',
  10 => 'uc_empty',
  11 => 'order_list',
  12 => 'empty',
) ]
[ info ] [ LOG ] INIT File
---------------------------------------------------------------
[ 2021-03-22T15:54:47+08:00 ] 127.0.0.1 POST hshop.com/admin/Login/login
[运行时间：0.617187s] [吞吐率：1.62req/s] [内存消耗：2,689.54kb] [文件加载：52]
[ info ] [ LANG ] E:\hshop\thinkphp\lang\zh-cn.php
[ info ] [ ROUTE ] array (
  'type' => 'module',
  'module' => 
  array (
    0 => 'admin',
    1 => 'Login',
    2 => 'login',
  ),
)
[ info ] [ HEADER ] array (
  'host' => 'hshop.com',
  'connection' => 'keep-alive',
  'content-length' => '30',
  'accept' => 'application/json, text/javascript, */*; q=0.01',
  'x-requested-with' => 'XMLHttpRequest',
  'user-agent' => 'Mozilla/5.0 (Windows NT 6.1; Win64; x64) AppleWebKit/537.36 (KHTML, like Gecko) Chrome/86.0.4240.198 Safari/537.36',
  'content-type' => 'application/x-www-form-urlencoded; charset=UTF-8',
  'origin' => 'http://hshop.com',
  'referer' => 'http://hshop.com/admin/Login/login',
  'accept-encoding' => 'gzip, deflate',
  'accept-language' => 'zh-CN,zh;q=0.9,en;q=0.8,la;q=0.7,und;q=0.6',
  'cookie' => 'PHPSESSID=mor50p0kedtg16pkag10b4u285',
)
[ info ] [ PARAM ] array (
  '/admin/Login/login' => '',
  'username' => 'admin',
  'password' => '123456',
)
[ info ] [ CACHE ] INIT File
[ info ] [ RUN ] app\admin\controller\Login->login[ E:\hshop\shop\admin\controller\Login.php ]
[ info ] [ DB ] INIT mysql
[ info ] [ SESSION ] INIT array (
  'type' => '',
  'auto_start' => true,
)
[ info ] [ LOG ] INIT File
---------------------------------------------------------------
[ 2021-03-22T15:54:47+08:00 ] 127.0.0.1 POST hshop.com/admin/Login/login
[运行时间：0.554687s] [吞吐率：1.80req/s] [内存消耗：2,689.59kb] [文件加载：52]
[ info ] [ LANG ] E:\hshop\thinkphp\lang\zh-cn.php
[ info ] [ ROUTE ] array (
  'type' => 'module',
  'module' => 
  array (
    0 => 'admin',
    1 => 'Login',
    2 => 'login',
  ),
)
[ info ] [ HEADER ] array (
  'host' => 'hshop.com',
  'connection' => 'keep-alive',
  'content-length' => '30',
  'accept' => 'application/json, text/javascript, */*; q=0.01',
  'x-requested-with' => 'XMLHttpRequest',
  'user-agent' => 'Mozilla/5.0 (Windows NT 6.1; Win64; x64) AppleWebKit/537.36 (KHTML, like Gecko) Chrome/86.0.4240.198 Safari/537.36',
  'content-type' => 'application/x-www-form-urlencoded; charset=UTF-8',
  'origin' => 'http://hshop.com',
  'referer' => 'http://hshop.com/admin/Login/login',
  'accept-encoding' => 'gzip, deflate',
  'accept-language' => 'zh-CN,zh;q=0.9,en;q=0.8,la;q=0.7,und;q=0.6',
  'cookie' => 'PHPSESSID=mor50p0kedtg16pkag10b4u285',
)
[ info ] [ PARAM ] array (
  '/admin/Login/login' => '',
  'username' => 'admin',
  'password' => '123456',
)
[ info ] [ CACHE ] INIT File
[ info ] [ RUN ] app\admin\controller\Login->login[ E:\hshop\shop\admin\controller\Login.php ]
[ info ] [ DB ] INIT mysql
[ info ] [ SESSION ] INIT array (
  'type' => '',
  'auto_start' => true,
)
[ info ] [ LOG ] INIT File
---------------------------------------------------------------
[ 2021-03-22T15:54:51+08:00 ] 127.0.0.1 GET hshop.com/member/member_backend/index
[运行时间：0.150390s] [吞吐率：6.65req/s] [内存消耗：2,982.13kb] [文件加载：56]
[ info ] [ LANG ] E:\hshop\thinkphp\lang\zh-cn.php
[ info ] [ ROUTE ] array (
  'type' => 'module',
  'module' => 
  array (
    0 => 'member',
    1 => 'member_backend',
    2 => 'index',
  ),
)
[ info ] [ HEADER ] array (
  'host' => 'hshop.com',
  'connection' => 'keep-alive',
  'upgrade-insecure-requests' => '1',
  'user-agent' => 'Mozilla/5.0 (Windows NT 6.1; Win64; x64) AppleWebKit/537.36 (KHTML, like Gecko) Chrome/86.0.4240.198 Safari/537.36',
  'accept' => 'text/html,application/xhtml+xml,application/xml;q=0.9,image/avif,image/webp,image/apng,*/*;q=0.8,application/signed-exchange;v=b3;q=0.9',
  'referer' => 'http://hshop.com/admin/Index/index',
  'accept-encoding' => 'gzip, deflate',
  'accept-language' => 'zh-CN,zh;q=0.9,en;q=0.8,la;q=0.7,und;q=0.6',
  'cookie' => 'PHPSESSID=mor50p0kedtg16pkag10b4u285',
)
[ info ] [ PARAM ] array (
  '/member/member_backend/index' => '',
)
[ info ] [ CACHE ] INIT File
[ info ] [ SESSION ] INIT array (
  'type' => '',
  'auto_start' => true,
)
[ info ] [ DB ] INIT mysql
[ info ] [ RUN ] app\member\controller\MemberBackend->index[ E:\hshop\shop\member\controller\MemberBackend.php ]
[ info ] [ VIEW ] ./themes/default/member/member_backend\index.html [ array (
  0 => 'admin_menu',
  1 => 'breadcrumb1',
  2 => 'breadcrumb2',
  3 => 'ordinary',
  4 => 'distribution',
  5 => 'district_agent',
  6 => 'join_in',
  7 => 'vip_grade',
  8 => 'list',
  9 => 'items',
  10 => 'empty',
) ]
[ info ] [ LOG ] INIT File
---------------------------------------------------------------
[ 2021-03-22T15:54:54+08:00 ] 127.0.0.1 GET hshop.com/member/MemberBackend/adminlogin/id/114
[运行时间：0.086914s] [吞吐率：11.51req/s] [内存消耗：3,075.20kb] [文件加载：54]
[ info ] [ LANG ] E:\hshop\thinkphp\lang\zh-cn.php
[ info ] [ ROUTE ] array (
  'type' => 'module',
  'module' => 
  array (
    0 => 'member',
    1 => 'MemberBackend',
    2 => 'adminlogin',
  ),
)
[ info ] [ HEADER ] array (
  'host' => 'hshop.com',
  'connection' => 'keep-alive',
  'upgrade-insecure-requests' => '1',
  'user-agent' => 'Mozilla/5.0 (Windows NT 6.1; Win64; x64) AppleWebKit/537.36 (KHTML, like Gecko) Chrome/86.0.4240.198 Safari/537.36',
  'accept' => 'text/html,application/xhtml+xml,application/xml;q=0.9,image/avif,image/webp,image/apng,*/*;q=0.8,application/signed-exchange;v=b3;q=0.9',
  'referer' => 'http://hshop.com/member/member_backend/index',
  'accept-encoding' => 'gzip, deflate',
  'accept-language' => 'zh-CN,zh;q=0.9,en;q=0.8,la;q=0.7,und;q=0.6',
  'cookie' => 'PHPSESSID=mor50p0kedtg16pkag10b4u285',
)
[ info ] [ PARAM ] array (
  '/member/MemberBackend/adminlogin/id/114' => '',
  'id' => '114',
)
[ info ] [ CACHE ] INIT File
[ info ] [ SESSION ] INIT array (
  'type' => '',
  'auto_start' => true,
)
[ info ] [ DB ] INIT mysql
[ info ] [ RUN ] app\member\controller\MemberBackend->adminlogin[ E:\hshop\shop\member\controller\MemberBackend.php ]
[ info ] [ LOG ] INIT File
---------------------------------------------------------------
[ 2021-03-22T15:54:54+08:00 ] 127.0.0.1 GET hshop.com/index/Index/pcenter
[运行时间：0.072266s] [吞吐率：13.84req/s] [内存消耗：2,961.55kb] [文件加载：51]
[ info ] [ LANG ] E:\hshop\thinkphp\lang\zh-cn.php
[ info ] [ ROUTE ] array (
  'type' => 'module',
  'module' => 
  array (
    0 => 'index',
    1 => 'Index',
    2 => 'pcenter',
  ),
)
[ info ] [ HEADER ] array (
  'host' => 'hshop.com',
  'connection' => 'keep-alive',
  'upgrade-insecure-requests' => '1',
  'user-agent' => 'Mozilla/5.0 (Windows NT 6.1; Win64; x64) AppleWebKit/537.36 (KHTML, like Gecko) Chrome/86.0.4240.198 Safari/537.36',
  'accept' => 'text/html,application/xhtml+xml,application/xml;q=0.9,image/avif,image/webp,image/apng,*/*;q=0.8,application/signed-exchange;v=b3;q=0.9',
  'referer' => 'http://hshop.com/member/member_backend/index',
  'accept-encoding' => 'gzip, deflate',
  'accept-language' => 'zh-CN,zh;q=0.9,en;q=0.8,la;q=0.7,und;q=0.6',
  'cookie' => 'PHPSESSID=mor50p0kedtg16pkag10b4u285',
)
[ info ] [ PARAM ] array (
  '/index/Index/pcenter' => '',
)
[ info ] [ DB ] INIT mysql
[ info ] [ SESSION ] INIT array (
  'type' => '',
  'auto_start' => true,
)
[ info ] [ RUN ] app\index\controller\Index->pcenter[ E:\hshop\shop\index\controller\Index.php ]
[ info ] [ VIEW ] ./themes/default/index/index\pcenter.html [ array (
  0 => 'upgrade_conditions',
  1 => 'user_name',
  2 => 'user_phone',
  3 => 'user_photo',
  4 => 'vip_grade',
  5 => 'user_id',
) ]
[ info ] [ LOG ] INIT File
---------------------------------------------------------------
[ 2021-03-22T15:54:57+08:00 ] 127.0.0.1 GET hshop.com/index/user/invitation
[运行时间：0.225586s] [吞吐率：4.43req/s] [内存消耗：3,496.67kb] [文件加载：53]
[ info ] [ LANG ] E:\hshop\thinkphp\lang\zh-cn.php
[ info ] [ ROUTE ] array (
  'type' => 'module',
  'module' => 
  array (
    0 => 'index',
    1 => 'user',
    2 => 'invitation',
  ),
)
[ info ] [ HEADER ] array (
  'host' => 'hshop.com',
  'connection' => 'keep-alive',
  'upgrade-insecure-requests' => '1',
  'user-agent' => 'Mozilla/5.0 (Linux; Android 6.0; Nexus 5 Build/MRA58N) AppleWebKit/537.36 (KHTML, like Gecko) Chrome/86.0.4240.198 Mobile Safari/537.36',
  'accept' => 'text/html,application/xhtml+xml,application/xml;q=0.9,image/avif,image/webp,image/apng,*/*;q=0.8,application/signed-exchange;v=b3;q=0.9',
  'referer' => 'http://hshop.com/index/Index/pcenter',
  'accept-encoding' => 'gzip, deflate',
  'accept-language' => 'zh-CN,zh;q=0.9,en;q=0.8,la;q=0.7,und;q=0.6',
  'cookie' => 'PHPSESSID=mor50p0kedtg16pkag10b4u285',
)
[ info ] [ PARAM ] array (
  '/index/user/invitation' => '',
)
[ info ] [ CACHE ] INIT File
[ info ] [ SESSION ] INIT array (
  'type' => '',
  'auto_start' => true,
)
[ info ] [ DB ] INIT mysql
[ info ] [ RUN ] app\index\controller\User->invitation[ E:\hshop\shop\index\controller\User.php ]
[ info ] [ VIEW ] ./themes/default/index/user\invitation.html [ array (
  0 => 'top_nav',
  1 => 'my_vip_grade',
  2 => 'invite_background',
  3 => 'user',
  4 => 'pic',
  5 => 'qrData',
) ]
[ info ] [ LOG ] INIT File
---------------------------------------------------------------
[ 2021-03-22T15:56:49+08:00 ] 127.0.0.1 GET hshop.com/index/user/invitation
[运行时间：0.128906s] [吞吐率：7.76req/s] [内存消耗：3,496.99kb] [文件加载：53]
[ info ] [ LANG ] E:\hshop\thinkphp\lang\zh-cn.php
[ info ] [ ROUTE ] array (
  'type' => 'module',
  'module' => 
  array (
    0 => 'index',
    1 => 'user',
    2 => 'invitation',
  ),
)
[ info ] [ HEADER ] array (
  'host' => 'hshop.com',
  'connection' => 'keep-alive',
  'cache-control' => 'max-age=0',
  'upgrade-insecure-requests' => '1',
  'user-agent' => 'Mozilla/5.0 (Linux; Android 6.0; Nexus 5 Build/MRA58N) AppleWebKit/537.36 (KHTML, like Gecko) Chrome/86.0.4240.198 Mobile Safari/537.36',
  'accept' => 'text/html,application/xhtml+xml,application/xml;q=0.9,image/avif,image/webp,image/apng,*/*;q=0.8,application/signed-exchange;v=b3;q=0.9',
  'referer' => 'http://hshop.com/index/Index/pcenter',
  'accept-encoding' => 'gzip, deflate',
  'accept-language' => 'zh-CN,zh;q=0.9,en;q=0.8,la;q=0.7,und;q=0.6',
  'cookie' => 'PHPSESSID=mor50p0kedtg16pkag10b4u285',
)
[ info ] [ PARAM ] array (
  '/index/user/invitation' => '',
)
[ info ] [ CACHE ] INIT File
[ info ] [ SESSION ] INIT array (
  'type' => '',
  'auto_start' => true,
)
[ info ] [ DB ] INIT mysql
[ info ] [ RUN ] app\index\controller\User->invitation[ E:\hshop\shop\index\controller\User.php ]
[ info ] [ VIEW ] ./themes/default/index/user\invitation.html [ array (
  0 => 'top_nav',
  1 => 'my_vip_grade',
  2 => 'invite_background',
  3 => 'user',
  4 => 'pic',
  5 => 'qrData',
) ]
[ info ] [ LOG ] INIT File
---------------------------------------------------------------
[ 2021-03-22T15:56:50+08:00 ] 127.0.0.1 GET hshop.com/index/user/invitation
[运行时间：0.114258s] [吞吐率：8.75req/s] [内存消耗：3,496.79kb] [文件加载：53]
[ info ] [ LANG ] E:\hshop\thinkphp\lang\zh-cn.php
[ info ] [ ROUTE ] array (
  'type' => 'module',
  'module' => 
  array (
    0 => 'index',
    1 => 'user',
    2 => 'invitation',
  ),
)
[ info ] [ HEADER ] array (
  'host' => 'hshop.com',
  'connection' => 'keep-alive',
  'cache-control' => 'max-age=0',
  'upgrade-insecure-requests' => '1',
  'user-agent' => 'Mozilla/5.0 (Linux; Android 6.0; Nexus 5 Build/MRA58N) AppleWebKit/537.36 (KHTML, like Gecko) Chrome/86.0.4240.198 Mobile Safari/537.36',
  'accept' => 'text/html,application/xhtml+xml,application/xml;q=0.9,image/avif,image/webp,image/apng,*/*;q=0.8,application/signed-exchange;v=b3;q=0.9',
  'referer' => 'http://hshop.com/index/Index/pcenter',
  'accept-encoding' => 'gzip, deflate',
  'accept-language' => 'zh-CN,zh;q=0.9,en;q=0.8,la;q=0.7,und;q=0.6',
  'cookie' => 'PHPSESSID=mor50p0kedtg16pkag10b4u285',
)
[ info ] [ PARAM ] array (
  '/index/user/invitation' => '',
)
[ info ] [ CACHE ] INIT File
[ info ] [ SESSION ] INIT array (
  'type' => '',
  'auto_start' => true,
)
[ info ] [ DB ] INIT mysql
[ info ] [ RUN ] app\index\controller\User->invitation[ E:\hshop\shop\index\controller\User.php ]
[ info ] [ VIEW ] ./themes/default/index/user\invitation.html [ array (
  0 => 'top_nav',
  1 => 'my_vip_grade',
  2 => 'invite_background',
  3 => 'user',
  4 => 'pic',
  5 => 'qrData',
) ]
[ info ] [ LOG ] INIT File
---------------------------------------------------------------
[ 2021-03-22T15:56:51+08:00 ] 127.0.0.1 GET hshop.com/index/user/invitation
[运行时间：0.119140s] [吞吐率：8.39req/s] [内存消耗：3,496.84kb] [文件加载：53]
[ info ] [ LANG ] E:\hshop\thinkphp\lang\zh-cn.php
[ info ] [ ROUTE ] array (
  'type' => 'module',
  'module' => 
  array (
    0 => 'index',
    1 => 'user',
    2 => 'invitation',
  ),
)
[ info ] [ HEADER ] array (
  'host' => 'hshop.com',
  'connection' => 'keep-alive',
  'cache-control' => 'max-age=0',
  'upgrade-insecure-requests' => '1',
  'user-agent' => 'Mozilla/5.0 (Linux; Android 6.0; Nexus 5 Build/MRA58N) AppleWebKit/537.36 (KHTML, like Gecko) Chrome/86.0.4240.198 Mobile Safari/537.36',
  'accept' => 'text/html,application/xhtml+xml,application/xml;q=0.9,image/avif,image/webp,image/apng,*/*;q=0.8,application/signed-exchange;v=b3;q=0.9',
  'referer' => 'http://hshop.com/index/Index/pcenter',
  'accept-encoding' => 'gzip, deflate',
  'accept-language' => 'zh-CN,zh;q=0.9,en;q=0.8,la;q=0.7,und;q=0.6',
  'cookie' => 'PHPSESSID=mor50p0kedtg16pkag10b4u285',
)
[ info ] [ PARAM ] array (
  '/index/user/invitation' => '',
)
[ info ] [ CACHE ] INIT File
[ info ] [ SESSION ] INIT array (
  'type' => '',
  'auto_start' => true,
)
[ info ] [ DB ] INIT mysql
[ info ] [ RUN ] app\index\controller\User->invitation[ E:\hshop\shop\index\controller\User.php ]
[ info ] [ VIEW ] ./themes/default/index/user\invitation.html [ array (
  0 => 'top_nav',
  1 => 'my_vip_grade',
  2 => 'invite_background',
  3 => 'user',
  4 => 'pic',
  5 => 'qrData',
) ]
[ info ] [ LOG ] INIT File
---------------------------------------------------------------
[ 2021-03-22T15:57:11+08:00 ] 127.0.0.1 GET hshop.com/index/user/invitation
[运行时间：0.122070s] [吞吐率：8.19req/s] [内存消耗：3,496.83kb] [文件加载：53]
[ info ] [ LANG ] E:\hshop\thinkphp\lang\zh-cn.php
[ info ] [ ROUTE ] array (
  'type' => 'module',
  'module' => 
  array (
    0 => 'index',
    1 => 'user',
    2 => 'invitation',
  ),
)
[ info ] [ HEADER ] array (
  'host' => 'hshop.com',
  'connection' => 'keep-alive',
  'cache-control' => 'max-age=0',
  'upgrade-insecure-requests' => '1',
  'user-agent' => 'Mozilla/5.0 (Linux; Android 6.0; Nexus 5 Build/MRA58N) AppleWebKit/537.36 (KHTML, like Gecko) Chrome/86.0.4240.198 Mobile Safari/537.36',
  'accept' => 'text/html,application/xhtml+xml,application/xml;q=0.9,image/avif,image/webp,image/apng,*/*;q=0.8,application/signed-exchange;v=b3;q=0.9',
  'referer' => 'http://hshop.com/index/Index/pcenter',
  'accept-encoding' => 'gzip, deflate',
  'accept-language' => 'zh-CN,zh;q=0.9,en;q=0.8,la;q=0.7,und;q=0.6',
  'cookie' => 'PHPSESSID=mor50p0kedtg16pkag10b4u285',
)
[ info ] [ PARAM ] array (
  '/index/user/invitation' => '',
)
[ info ] [ CACHE ] INIT File
[ info ] [ SESSION ] INIT array (
  'type' => '',
  'auto_start' => true,
)
[ info ] [ DB ] INIT mysql
[ info ] [ RUN ] app\index\controller\User->invitation[ E:\hshop\shop\index\controller\User.php ]
[ info ] [ VIEW ] ./themes/default/index/user\invitation.html [ array (
  0 => 'top_nav',
  1 => 'my_vip_grade',
  2 => 'invite_background',
  3 => 'user',
  4 => 'pic',
  5 => 'qrData',
) ]
[ info ] [ LOG ] INIT File
---------------------------------------------------------------
[ 2021-03-22T15:57:23+08:00 ] 127.0.0.1 GET hshop.com/index/user/invitation
[运行时间：0.182617s] [吞吐率：5.48req/s] [内存消耗：2,973.45kb] [文件加载：55]
[ info ] [ LANG ] E:\hshop\thinkphp\lang\zh-cn.php
[ info ] [ ROUTE ] array (
  'type' => 'module',
  'module' => 
  array (
    0 => 'index',
    1 => 'user',
    2 => 'invitation',
  ),
)
[ info ] [ HEADER ] array (
  'host' => 'hshop.com',
  'connection' => 'keep-alive',
  'cache-control' => 'max-age=0',
  'upgrade-insecure-requests' => '1',
  'user-agent' => 'Mozilla/5.0 (Linux; Android 6.0; Nexus 5 Build/MRA58N) AppleWebKit/537.36 (KHTML, like Gecko) Chrome/86.0.4240.198 Mobile Safari/537.36',
  'accept' => 'text/html,application/xhtml+xml,application/xml;q=0.9,image/avif,image/webp,image/apng,*/*;q=0.8,application/signed-exchange;v=b3;q=0.9',
  'referer' => 'http://hshop.com/index/Index/pcenter',
  'accept-encoding' => 'gzip, deflate',
  'accept-language' => 'zh-CN,zh;q=0.9,en;q=0.8,la;q=0.7,und;q=0.6',
  'cookie' => 'PHPSESSID=mor50p0kedtg16pkag10b4u285',
)
[ info ] [ PARAM ] array (
  '/index/user/invitation' => '',
)
[ info ] [ CACHE ] INIT File
[ info ] [ SESSION ] INIT array (
  'type' => '',
  'auto_start' => true,
)
[ info ] [ DB ] INIT mysql
[ info ] [ RUN ] app\index\controller\User->invitation[ E:\hshop\shop\index\controller\User.php ]
[ info ] [ LOG ] INIT File
[ error ] [1]Call to undefined function app\index\controller\createQRcode()[E:\hshop\shop\index\controller\User.php:44]
---------------------------------------------------------------
[ 2021-03-22T15:57:55+08:00 ] 127.0.0.1 GET hshop.com/index/user/invitation
[运行时间：0.120117s] [吞吐率：8.33req/s] [内存消耗：3,496.89kb] [文件加载：53]
[ info ] [ LANG ] E:\hshop\thinkphp\lang\zh-cn.php
[ info ] [ ROUTE ] array (
  'type' => 'module',
  'module' => 
  array (
    0 => 'index',
    1 => 'user',
    2 => 'invitation',
  ),
)
[ info ] [ HEADER ] array (
  'host' => 'hshop.com',
  'connection' => 'keep-alive',
  'cache-control' => 'max-age=0',
  'upgrade-insecure-requests' => '1',
  'user-agent' => 'Mozilla/5.0 (Linux; Android 6.0; Nexus 5 Build/MRA58N) AppleWebKit/537.36 (KHTML, like Gecko) Chrome/86.0.4240.198 Mobile Safari/537.36',
  'accept' => 'text/html,application/xhtml+xml,application/xml;q=0.9,image/avif,image/webp,image/apng,*/*;q=0.8,application/signed-exchange;v=b3;q=0.9',
  'referer' => 'http://hshop.com/index/Index/pcenter',
  'accept-encoding' => 'gzip, deflate',
  'accept-language' => 'zh-CN,zh;q=0.9,en;q=0.8,la;q=0.7,und;q=0.6',
  'cookie' => 'PHPSESSID=mor50p0kedtg16pkag10b4u285',
)
[ info ] [ PARAM ] array (
  '/index/user/invitation' => '',
)
[ info ] [ CACHE ] INIT File
[ info ] [ SESSION ] INIT array (
  'type' => '',
  'auto_start' => true,
)
[ info ] [ DB ] INIT mysql
[ info ] [ RUN ] app\index\controller\User->invitation[ E:\hshop\shop\index\controller\User.php ]
[ info ] [ VIEW ] ./themes/default/index/user\invitation.html [ array (
  0 => 'top_nav',
  1 => 'my_vip_grade',
  2 => 'invite_background',
  3 => 'user',
  4 => 'pic',
  5 => 'qrData',
) ]
[ info ] [ LOG ] INIT File
