---------------------------------------------------------------
[ 2021-03-26T10:56:11+08:00 ] 127.0.0.1 GET hshop.com/admin
[运行时间：0.396484s] [吞吐率：2.52req/s] [内存消耗：1,966.69kb] [文件加载：46]
[ info ] [ LANG ] E:\hshop\thinkphp\lang\zh-cn.php
[ info ] [ ROUTE ] array (
  'type' => 'module',
  'module' => 
  array (
    0 => 'admin',
    1 => NULL,
    2 => NULL,
  ),
)
[ info ] [ HEADER ] array (
  'host' => 'hshop.com',
  'connection' => 'keep-alive',
  'upgrade-insecure-requests' => '1',
  'user-agent' => 'Mozilla/5.0 (Windows NT 6.1; Win64; x64) AppleWebKit/537.36 (KHTML, like Gecko) Chrome/86.0.4240.198 Safari/537.36',
  'accept' => 'text/html,application/xhtml+xml,application/xml;q=0.9,image/avif,image/webp,image/apng,*/*;q=0.8,application/signed-exchange;v=b3;q=0.9',
  'accept-encoding' => 'gzip, deflate',
  'accept-language' => 'zh-CN,zh;q=0.9,en;q=0.8,la;q=0.7,und;q=0.6',
)
[ info ] [ PARAM ] array (
  '/admin' => '',
)
[ info ] [ CACHE ] INIT File
[ info ] [ SESSION ] INIT array (
  'type' => '',
  'auto_start' => true,
)
[ info ] [ LOG ] INIT File
---------------------------------------------------------------
[ 2021-03-26T10:56:11+08:00 ] 127.0.0.1 GET hshop.com/admin/Login/login
[运行时间：0.088868s] [吞吐率：11.25req/s] [内存消耗：1,895.11kb] [文件加载：44]
[ info ] [ LANG ] E:\hshop\thinkphp\lang\zh-cn.php
[ info ] [ ROUTE ] array (
  'type' => 'module',
  'module' => 
  array (
    0 => 'admin',
    1 => 'Login',
    2 => 'login',
  ),
)
[ info ] [ HEADER ] array (
  'host' => 'hshop.com',
  'connection' => 'keep-alive',
  'upgrade-insecure-requests' => '1',
  'user-agent' => 'Mozilla/5.0 (Windows NT 6.1; Win64; x64) AppleWebKit/537.36 (KHTML, like Gecko) Chrome/86.0.4240.198 Safari/537.36',
  'accept' => 'text/html,application/xhtml+xml,application/xml;q=0.9,image/avif,image/webp,image/apng,*/*;q=0.8,application/signed-exchange;v=b3;q=0.9',
  'accept-encoding' => 'gzip, deflate',
  'accept-language' => 'zh-CN,zh;q=0.9,en;q=0.8,la;q=0.7,und;q=0.6',
  'cookie' => 'PHPSESSID=8r8vqi0b740knnrsbpu96vbv32',
)
[ info ] [ PARAM ] array (
  '/admin/Login/login' => '',
)
[ info ] [ CACHE ] INIT File
[ info ] [ RUN ] app\admin\controller\Login->login[ E:\hshop\shop\admin\controller\Login.php ]
[ info ] [ SESSION ] INIT array (
  'type' => '',
  'auto_start' => true,
)
[ info ] [ VIEW ] ./shop/admin\view\public\login.html [ array (
) ]
[ info ] [ LOG ] INIT File
---------------------------------------------------------------
[ 2021-03-26T10:56:12+08:00 ] 127.0.0.1 GET hshop.com/favicon.ico
[运行时间：0.164062s] [吞吐率：6.10req/s] [内存消耗：1,366.48kb] [文件加载：33]
[ info ] [ LANG ] E:\hshop\thinkphp\lang\zh-cn.php
[ info ] [ ROUTE ] array (
  'type' => 'module',
  'module' => 
  array (
    0 => 'favicon',
    1 => NULL,
    2 => NULL,
  ),
)
[ info ] [ HEADER ] array (
  'host' => 'hshop.com',
  'connection' => 'keep-alive',
  'user-agent' => 'Mozilla/5.0 (Windows NT 6.1; Win64; x64) AppleWebKit/537.36 (KHTML, like Gecko) Chrome/86.0.4240.198 Safari/537.36',
  'accept' => 'image/avif,image/webp,image/apng,image/*,*/*;q=0.8',
  'referer' => 'http://hshop.com/admin/Login/login',
  'accept-encoding' => 'gzip, deflate',
  'accept-language' => 'zh-CN,zh;q=0.9,en;q=0.8,la;q=0.7,und;q=0.6',
  'cookie' => 'PHPSESSID=8r8vqi0b740knnrsbpu96vbv32',
)
[ info ] [ PARAM ] array (
  '/favicon_ico' => '',
)
[ info ] [ LOG ] INIT File
---------------------------------------------------------------
[ 2021-03-26T10:56:16+08:00 ] 127.0.0.1 POST hshop.com/admin/Login/login
[运行时间：0.493164s] [吞吐率：2.03req/s] [内存消耗：2,689.16kb] [文件加载：52]
[ info ] [ LANG ] E:\hshop\thinkphp\lang\zh-cn.php
[ info ] [ ROUTE ] array (
  'type' => 'module',
  'module' => 
  array (
    0 => 'admin',
    1 => 'Login',
    2 => 'login',
  ),
)
[ info ] [ HEADER ] array (
  'host' => 'hshop.com',
  'connection' => 'keep-alive',
  'content-length' => '30',
  'accept' => 'application/json, text/javascript, */*; q=0.01',
  'x-requested-with' => 'XMLHttpRequest',
  'user-agent' => 'Mozilla/5.0 (Windows NT 6.1; Win64; x64) AppleWebKit/537.36 (KHTML, like Gecko) Chrome/86.0.4240.198 Safari/537.36',
  'content-type' => 'application/x-www-form-urlencoded; charset=UTF-8',
  'origin' => 'http://hshop.com',
  'referer' => 'http://hshop.com/admin/Login/login',
  'accept-encoding' => 'gzip, deflate',
  'accept-language' => 'zh-CN,zh;q=0.9,en;q=0.8,la;q=0.7,und;q=0.6',
  'cookie' => 'PHPSESSID=8r8vqi0b740knnrsbpu96vbv32',
)
[ info ] [ PARAM ] array (
  '/admin/Login/login' => '',
  'username' => 'admin',
  'password' => '123456',
)
[ info ] [ CACHE ] INIT File
[ info ] [ RUN ] app\admin\controller\Login->login[ E:\hshop\shop\admin\controller\Login.php ]
[ info ] [ DB ] INIT mysql
[ info ] [ SESSION ] INIT array (
  'type' => '',
  'auto_start' => true,
)
[ info ] [ LOG ] INIT File
---------------------------------------------------------------
[ 2021-03-26T10:56:16+08:00 ] 127.0.0.1 GET hshop.com/admin/Index/index
[运行时间：0.464844s] [吞吐率：2.15req/s] [内存消耗：3,091.42kb] [文件加载：56]
[ info ] [ LANG ] E:\hshop\thinkphp\lang\zh-cn.php
[ info ] [ ROUTE ] array (
  'type' => 'module',
  'module' => 
  array (
    0 => 'admin',
    1 => 'Index',
    2 => 'index',
  ),
)
[ info ] [ HEADER ] array (
  'host' => 'hshop.com',
  'connection' => 'keep-alive',
  'upgrade-insecure-requests' => '1',
  'user-agent' => 'Mozilla/5.0 (Windows NT 6.1; Win64; x64) AppleWebKit/537.36 (KHTML, like Gecko) Chrome/86.0.4240.198 Safari/537.36',
  'accept' => 'text/html,application/xhtml+xml,application/xml;q=0.9,image/avif,image/webp,image/apng,*/*;q=0.8,application/signed-exchange;v=b3;q=0.9',
  'referer' => 'http://hshop.com/admin/Login/login',
  'accept-encoding' => 'gzip, deflate',
  'accept-language' => 'zh-CN,zh;q=0.9,en;q=0.8,la;q=0.7,und;q=0.6',
  'cookie' => 'PHPSESSID=8r8vqi0b740knnrsbpu96vbv32',
)
[ info ] [ PARAM ] array (
  '/admin/Index/index' => '',
)
[ info ] [ CACHE ] INIT File
[ info ] [ SESSION ] INIT array (
  'type' => '',
  'auto_start' => true,
)
[ info ] [ DB ] INIT mysql
[ info ] [ RUN ] app\admin\controller\Index->index[ E:\hshop\shop\admin\controller\Index.php ]
[ info ] [ VIEW ] ./shop/admin\view\index\index.html [ array (
  0 => 'admin_menu',
  1 => 'total_order',
  2 => 'today_order',
  3 => 'total_money',
  4 => 'today_money',
  5 => 'user_action_total',
  6 => 'today_user_action',
  7 => 'today_member',
  8 => 'member_count',
  9 => 'user_action',
  10 => 'uc_empty',
  11 => 'order_list',
  12 => 'empty',
) ]
[ info ] [ LOG ] INIT File
---------------------------------------------------------------
[ 2021-03-26T10:56:19+08:00 ] 127.0.0.1 GET hshop.com/member/member_backend/index
[运行时间：0.162110s] [吞吐率：6.17req/s] [内存消耗：2,981.72kb] [文件加载：56]
[ info ] [ LANG ] E:\hshop\thinkphp\lang\zh-cn.php
[ info ] [ ROUTE ] array (
  'type' => 'module',
  'module' => 
  array (
    0 => 'member',
    1 => 'member_backend',
    2 => 'index',
  ),
)
[ info ] [ HEADER ] array (
  'host' => 'hshop.com',
  'connection' => 'keep-alive',
  'upgrade-insecure-requests' => '1',
  'user-agent' => 'Mozilla/5.0 (Windows NT 6.1; Win64; x64) AppleWebKit/537.36 (KHTML, like Gecko) Chrome/86.0.4240.198 Safari/537.36',
  'accept' => 'text/html,application/xhtml+xml,application/xml;q=0.9,image/avif,image/webp,image/apng,*/*;q=0.8,application/signed-exchange;v=b3;q=0.9',
  'referer' => 'http://hshop.com/admin/Index/index',
  'accept-encoding' => 'gzip, deflate',
  'accept-language' => 'zh-CN,zh;q=0.9,en;q=0.8,la;q=0.7,und;q=0.6',
  'cookie' => 'PHPSESSID=8r8vqi0b740knnrsbpu96vbv32',
)
[ info ] [ PARAM ] array (
  '/member/member_backend/index' => '',
)
[ info ] [ CACHE ] INIT File
[ info ] [ SESSION ] INIT array (
  'type' => '',
  'auto_start' => true,
)
[ info ] [ DB ] INIT mysql
[ info ] [ RUN ] app\member\controller\MemberBackend->index[ E:\hshop\shop\member\controller\MemberBackend.php ]
[ info ] [ VIEW ] ./themes/default/member/member_backend\index.html [ array (
  0 => 'admin_menu',
  1 => 'breadcrumb1',
  2 => 'breadcrumb2',
  3 => 'ordinary',
  4 => 'distribution',
  5 => 'district_agent',
  6 => 'join_in',
  7 => 'vip_grade',
  8 => 'list',
  9 => 'items',
  10 => 'empty',
) ]
[ info ] [ LOG ] INIT File
---------------------------------------------------------------
[ 2021-03-26T10:56:22+08:00 ] 127.0.0.1 GET hshop.com/member/MemberBackend/adminlogin/id/114
[运行时间：0.232422s] [吞吐率：4.30req/s] [内存消耗：3,074.83kb] [文件加载：54]
[ info ] [ LANG ] E:\hshop\thinkphp\lang\zh-cn.php
[ info ] [ ROUTE ] array (
  'type' => 'module',
  'module' => 
  array (
    0 => 'member',
    1 => 'MemberBackend',
    2 => 'adminlogin',
  ),
)
[ info ] [ HEADER ] array (
  'host' => 'hshop.com',
  'connection' => 'keep-alive',
  'upgrade-insecure-requests' => '1',
  'user-agent' => 'Mozilla/5.0 (Windows NT 6.1; Win64; x64) AppleWebKit/537.36 (KHTML, like Gecko) Chrome/86.0.4240.198 Safari/537.36',
  'accept' => 'text/html,application/xhtml+xml,application/xml;q=0.9,image/avif,image/webp,image/apng,*/*;q=0.8,application/signed-exchange;v=b3;q=0.9',
  'referer' => 'http://hshop.com/member/member_backend/index',
  'accept-encoding' => 'gzip, deflate',
  'accept-language' => 'zh-CN,zh;q=0.9,en;q=0.8,la;q=0.7,und;q=0.6',
  'cookie' => 'PHPSESSID=8r8vqi0b740knnrsbpu96vbv32',
)
[ info ] [ PARAM ] array (
  '/member/MemberBackend/adminlogin/id/114' => '',
  'id' => '114',
)
[ info ] [ CACHE ] INIT File
[ info ] [ SESSION ] INIT array (
  'type' => '',
  'auto_start' => true,
)
[ info ] [ DB ] INIT mysql
[ info ] [ RUN ] app\member\controller\MemberBackend->adminlogin[ E:\hshop\shop\member\controller\MemberBackend.php ]
[ info ] [ LOG ] INIT File
---------------------------------------------------------------
[ 2021-03-26T10:56:22+08:00 ] 127.0.0.1 GET hshop.com/index/Index/pcenter
[运行时间：0.169922s] [吞吐率：5.89req/s] [内存消耗：2,961.20kb] [文件加载：51]
[ info ] [ LANG ] E:\hshop\thinkphp\lang\zh-cn.php
[ info ] [ ROUTE ] array (
  'type' => 'module',
  'module' => 
  array (
    0 => 'index',
    1 => 'Index',
    2 => 'pcenter',
  ),
)
[ info ] [ HEADER ] array (
  'host' => 'hshop.com',
  'connection' => 'keep-alive',
  'upgrade-insecure-requests' => '1',
  'user-agent' => 'Mozilla/5.0 (Windows NT 6.1; Win64; x64) AppleWebKit/537.36 (KHTML, like Gecko) Chrome/86.0.4240.198 Safari/537.36',
  'accept' => 'text/html,application/xhtml+xml,application/xml;q=0.9,image/avif,image/webp,image/apng,*/*;q=0.8,application/signed-exchange;v=b3;q=0.9',
  'referer' => 'http://hshop.com/member/member_backend/index',
  'accept-encoding' => 'gzip, deflate',
  'accept-language' => 'zh-CN,zh;q=0.9,en;q=0.8,la;q=0.7,und;q=0.6',
  'cookie' => 'PHPSESSID=8r8vqi0b740knnrsbpu96vbv32',
)
[ info ] [ PARAM ] array (
  '/index/Index/pcenter' => '',
)
[ info ] [ DB ] INIT mysql
[ info ] [ SESSION ] INIT array (
  'type' => '',
  'auto_start' => true,
)
[ info ] [ RUN ] app\index\controller\Index->pcenter[ E:\hshop\shop\index\controller\Index.php ]
[ info ] [ VIEW ] ./themes/default/index/index\pcenter.html [ array (
  0 => 'upgrade_conditions',
  1 => 'user_name',
  2 => 'user_phone',
  3 => 'user_photo',
  4 => 'vip_grade',
  5 => 'user_id',
) ]
[ info ] [ LOG ] INIT File
